{"meta": {"format": 3, "version": "7.10.7", "timestamp": "2025-10-23T09:38:28.502458", "branch_coverage": true, "show_contexts": false}, "files": {"src/api_client.py": {"executed_lines": [1, 6, 7, 8, 9, 10, 11, 13, 14, 17, 20, 21, 30, 38, 39, 40, 41, 42, 44, 58, 59, 60, 61, 63, 67, 68, 69, 70, 71, 72, 73, 75, 77, 78, 79, 81, 83, 85, 86, 88, 89, 90, 93, 94, 104, 111, 112, 116, 117, 121, 122, 128, 130, 131, 156, 159, 160, 163, 169, 200, 218, 219, 225, 239, 240, 243, 244, 246, 247, 248, 249, 255, 265, 267, 268, 273, 276, 278, 286], "summary": {"covered_lines": 75, "num_statements": 96, "percent_covered": 72.95081967213115, "percent_covered_display": "72.95", "missing_lines": 21, "excluded_lines": 40, "num_branches": 26, "num_partial_branches": 6, "covered_branches": 14, "missing_branches": 12}, "missing_lines": [175, 176, 181, 182, 184, 185, 189, 190, 191, 192, 193, 194, 195, 197, 198, 223, 241, 245, 250, 251, 253], "excluded_lines": [286, 287, 288, 290, 292, 295, 296, 297, 298, 301, 302, 303, 306, 307, 308, 309, 310, 312, 314, 315, 316, 317, 320, 321, 322, 326, 334, 335, 336, 337, 340, 341, 356, 357, 359, 360, 362, 363, 365, 366], "executed_branches": [[58, 59], [58, 67], [59, 60], [59, 63], [77, 78], [77, 81], [88, -83], [88, 89], [218, 219], [240, 243], [243, 244], [244, 246], [247, 248], [248, 249]], "missing_branches": [[184, 185], [184, 189], [189, 190], [189, 197], [218, 223], [240, 241], [243, 253], [244, 245], [247, 243], [248, 250], [250, 247], [250, 251]], "functions": {"CircuitBreaker.__init__": {"executed_lines": [38, 39, 40, 41, 42], "summary": {"covered_lines": 5, "num_statements": 5, "percent_covered": 100.0, "percent_covered_display": "100.00", "missing_lines": 0, "excluded_lines": 0, "num_branches": 0, "num_partial_branches": 0, "covered_branches": 0, "missing_branches": 0}, "missing_lines": [], "excluded_lines": [], "executed_branches": [], "missing_branches": []}, "CircuitBreaker.call": {"executed_lines": [58, 59, 60, 61, 63, 67, 68, 69, 70, 71, 72, 73], "summary": {"covered_lines": 12, "num_statements": 12, "percent_covered": 100.0, "percent_covered_display": "100.00", "missing_lines": 0, "excluded_lines": 0, "num_branches": 4, "num_partial_branches": 0, "covered_branches": 4, "missing_branches": 0}, "missing_lines": [], "excluded_lines": [], "executed_branches": [[58, 59], [58, 67], [59, 60], [59, 63]], "missing_branches": []}, "CircuitBreaker._on_success": {"executed_lines": [77, 78, 79, 81], "summary": {"covered_lines": 4, "num_statements": 4, "percent_covered": 100.0, "percent_covered_display": "100.00", "missing_lines": 0, "excluded_lines": 0, "num_branches": 2, "num_partial_branches": 0, "covered_branches": 2, "missing_branches": 0}, "missing_lines": [], "excluded_lines": [], "executed_branches": [[77, 78], [77, 81]], "missing_branches": []}, "CircuitBreaker._on_failure": {"executed_lines": [85, 86, 88, 89, 90], "summary": {"covered_lines": 5, "num_statements": 5, "percent_covered": 100.0, "percent_covered_display": "100.00", "missing_lines": 0, "excluded_lines": 0, "num_branches": 2, "num_partial_branches": 0, "covered_branches": 2, "missing_branches": 0}, "missing_lines": [], "excluded_lines": [], "executed_branches": [[88, -83], [88, 89]], "missing_branches": []}, "ResponsesAPIClient.__init__": {"executed_lines": [111, 112, 116, 117, 121, 122, 128], "summary": {"covered_lines": 7, "num_statements": 7, "percent_covered": 100.0, "percent_covered_display": "100.00", "missing_lines": 0, "excluded_lines": 0, "num_branches": 0, "num_partial_branches": 0, "covered_branches": 0, "missing_branches": 0}, "missing_lines": [], "excluded_lines": [], "executed_branches": [], "missing_branches": []}, "ResponsesAPIClient._call_responses_api_with_retry": {"executed_lines": [156, 159, 160, 163], "summary": {"covered_lines": 4, "num_statements": 4, "percent_covered": 100.0, "percent_covered_display": "100.00", "missing_lines": 0, "excluded_lines": 0, "num_branches": 0, "num_partial_branches": 0, "covered_branches": 0, "missing_branches": 0}, "missing_lines": [], "excluded_lines": [], "executed_branches": [], "missing_branches": []}, "ResponsesAPIClient._post_with_requests": {"executed_lines": [], "summary": {"covered_lines": 0, "num_statements": 15, "percent_covered": 0.0, "percent_covered_display": "0.00", "missing_lines": 15, "excluded_lines": 0, "num_branches": 4, "num_partial_branches": 0, "covered_branches": 0, "missing_branches": 4}, "missing_lines": [175, 176, 181, 182, 184, 185, 189, 190, 191, 192, 193, 194, 195, 197, 198], "excluded_lines": [], "executed_branches": [], "missing_branches": [[184, 185], [184, 189], [189, 190], [189, 197]]}, "ResponsesAPIClient.create_response": {"executed_lines": [218, 219], "summary": {"covered_lines": 2, "num_statements": 3, "percent_covered": 60.0, "percent_covered_display": "60.00", "missing_lines": 1, "excluded_lines": 0, "num_branches": 2, "num_partial_branches": 1, "covered_branches": 1, "missing_branches": 1}, "missing_lines": [223], "excluded_lines": [], "executed_branches": [[218, 219]], "missing_branches": [[218, 223]]}, "ResponsesAPIClient.extract_output_text": {"executed_lines": [239, 240, 243, 244, 246, 247, 248, 249], "summary": {"covered_lines": 8, "num_statements": 13, "percent_covered": 52.0, "percent_covered_display": "52.00", "missing_lines": 5, "excluded_lines": 0, "num_branches": 12, "num_partial_branches": 5, "covered_branches": 5, "missing_branches": 7}, "missing_lines": [241, 245, 250, 251, 253], "excluded_lines": [], "executed_branches": [[240, 243], [243, 244], [244, 246], [247, 248], [248, 249]], "missing_branches": [[240, 241], [243, 253], [244, 245], [247, 243], [248, 250], [250, 247], [250, 251]]}, "ResponsesAPIClient.extract_usage": {"executed_lines": [265, 267, 268, 273, 276, 278], "summary": {"covered_lines": 6, "num_statements": 6, "percent_covered": 100.0, "percent_covered_display": "100.00", "missing_lines": 0, "excluded_lines": 0, "num_branches": 0, "num_partial_branches": 0, "covered_branches": 0, "missing_branches": 0}, "missing_lines": [], "excluded_lines": [], "executed_branches": [], "missing_branches": []}, "": {"executed_lines": [1, 6, 7, 8, 9, 10, 11, 13, 14, 17, 20, 21, 30, 44, 75, 83, 93, 94, 104, 130, 131, 169, 200, 225, 255, 286], "summary": {"covered_lines": 22, "num_statements": 22, "percent_covered": 100.0, "percent_covered_display": "100.00", "missing_lines": 0, "excluded_lines": 40, "num_branches": 0, "num_partial_branches": 0, "covered_branches": 0, "missing_branches": 0}, "missing_lines": [], "excluded_lines": [286, 287, 288, 290, 292, 295, 296, 297, 298, 301, 302, 303, 306, 307, 308, 309, 310, 312, 314, 315, 316, 317, 320, 321, 322, 326, 334, 335, 336, 337, 340, 341, 356, 357, 359, 360, 362, 363, 365, 366], "executed_branches": [], "missing_branches": []}}, "classes": {"CircuitBreaker": {"executed_lines": [38, 39, 40, 41, 42, 58, 59, 60, 61, 63, 67, 68, 69, 70, 71, 72, 73, 77, 78, 79, 81, 85, 86, 88, 89, 90], "summary": {"covered_lines": 26, "num_statements": 26, "percent_covered": 100.0, "percent_covered_display": "100.00", "missing_lines": 0, "excluded_lines": 0, "num_branches": 8, "num_partial_branches": 0, "covered_branches": 8, "missing_branches": 0}, "missing_lines": [], "excluded_lines": [], "executed_branches": [[58, 59], [58, 67], [59, 60], [59, 63], [77, 78], [77, 81], [88, -83], [88, 89]], "missing_branches": []}, "ResponsesAPIClient": {"executed_lines": [111, 112, 116, 117, 121, 122, 128, 156, 159, 160, 163, 218, 219, 239, 240, 243, 244, 246, 247, 248, 249, 265, 267, 268, 273, 276, 278], "summary": {"covered_lines": 27, "num_statements": 48, "percent_covered": 50.0, "percent_covered_display": "50.00", "missing_lines": 21, "excluded_lines": 0, "num_branches": 18, "num_partial_branches": 6, "covered_branches": 6, "missing_branches": 12}, "missing_lines": [175, 176, 181, 182, 184, 185, 189, 190, 191, 192, 193, 194, 195, 197, 198, 223, 241, 245, 250, 251, 253], "excluded_lines": [], "executed_branches": [[218, 219], [240, 243], [243, 244], [244, 246], [247, 248], [248, 249]], "missing_branches": [[184, 185], [184, 189], [189, 190], [189, 197], [218, 223], [240, 241], [243, 253], [244, 245], [247, 243], [248, 250], [250, 247], [250, 251]]}, "": {"executed_lines": [1, 6, 7, 8, 9, 10, 11, 13, 14, 17, 20, 21, 30, 44, 75, 83, 93, 94, 104, 130, 131, 169, 200, 225, 255, 286], "summary": {"covered_lines": 22, "num_statements": 22, "percent_covered": 100.0, "percent_covered_display": "100.00", "missing_lines": 0, "excluded_lines": 40, "num_branches": 0, "num_partial_branches": 0, "covered_branches": 0, "missing_branches": 0}, "missing_lines": [], "excluded_lines": [286, 287, 288, 290, 292, 295, 296, 297, 298, 301, 302, 303, 306, 307, 308, 309, 310, 312, 314, 315, 316, 317, 320, 321, 322, 326, 334, 335, 336, 337, 340, 341, 356, 357, 359, 360, 362, 363, 365, 366], "executed_branches": [], "missing_branches": []}}}, "src/cleanup_handlers.py": {"executed_lines": [1, 8, 9, 11, 14, 35, 36, 41, 43, 47, 48, 54, 57, 80, 81, 90, 94, 102, 103, 114, 117, 139, 140, 141, 145, 146, 150, 151, 161], "summary": {"covered_lines": 27, "num_statements": 27, "percent_covered": 100.0, "percent_covered_display": "100.00", "missing_lines": 0, "excluded_lines": 48, "num_branches": 2, "num_partial_branches": 0, "covered_branches": 2, "missing_branches": 0}, "missing_lines": [], "excluded_lines": [161, 162, 164, 165, 168, 169, 170, 171, 174, 175, 177, 178, 179, 181, 182, 183, 185, 186, 187, 190, 191, 193, 195, 196, 198, 199, 200, 201, 202, 203, 206, 207, 209, 210, 212, 213, 215, 216, 218, 226, 227, 228, 229, 231, 232, 233, 234, 235], "executed_branches": [[139, -117], [139, 140]], "missing_branches": [], "functions": {"cleanup_files_api_upload": {"executed_lines": [35, 36, 41, 43, 47, 48, 54], "summary": {"covered_lines": 7, "num_statements": 7, "percent_covered": 100.0, "percent_covered_display": "100.00", "missing_lines": 0, "excluded_lines": 0, "num_branches": 0, "num_partial_branches": 0, "covered_branches": 0, "missing_branches": 0}, "missing_lines": [], "excluded_lines": [], "executed_branches": [], "missing_branches": []}, "cleanup_vector_store_upload": {"executed_lines": [80, 81, 90, 94, 102, 103, 114], "summary": {"covered_lines": 7, "num_statements": 7, "percent_covered": 100.0, "percent_covered_display": "100.00", "missing_lines": 0, "excluded_lines": 0, "num_branches": 0, "num_partial_branches": 0, "covered_branches": 0, "missing_branches": 0}, "missing_lines": [], "excluded_lines": [], "executed_branches": [], "missing_branches": []}, "cleanup_multiple_resources": {"executed_lines": [139, 140, 141, 145, 146, 150, 151], "summary": {"covered_lines": 7, "num_statements": 7, "percent_covered": 100.0, "percent_covered_display": "100.00", "missing_lines": 0, "excluded_lines": 0, "num_branches": 2, "num_partial_branches": 0, "covered_branches": 2, "missing_branches": 0}, "missing_lines": [], "excluded_lines": [], "executed_branches": [[139, -117], [139, 140]], "missing_branches": []}, "cleanup_a": {"executed_lines": [], "summary": {"covered_lines": 0, "num_statements": 0, "percent_covered": 100.0, "percent_covered_display": "100.00", "missing_lines": 0, "excluded_lines": 1, "num_branches": 0, "num_partial_branches": 0, "covered_branches": 0, "missing_branches": 0}, "missing_lines": [], "excluded_lines": [210], "executed_branches": [], "missing_branches": []}, "cleanup_b": {"executed_lines": [], "summary": {"covered_lines": 0, "num_statements": 0, "percent_covered": 100.0, "percent_covered_display": "100.00", "missing_lines": 0, "excluded_lines": 1, "num_branches": 0, "num_partial_branches": 0, "covered_branches": 0, "missing_branches": 0}, "missing_lines": [], "excluded_lines": [213], "executed_branches": [], "missing_branches": []}, "cleanup_c": {"executed_lines": [], "summary": {"covered_lines": 0, "num_statements": 0, "percent_covered": 100.0, "percent_covered_display": "100.00", "missing_lines": 0, "excluded_lines": 1, "num_branches": 0, "num_partial_branches": 0, "covered_branches": 0, "missing_branches": 0}, "missing_lines": [], "excluded_lines": [216], "executed_branches": [], "missing_branches": []}, "": {"executed_lines": [1, 8, 9, 11, 14, 57, 117, 161], "summary": {"covered_lines": 6, "num_statements": 6, "percent_covered": 100.0, "percent_covered_display": "100.00", "missing_lines": 0, "excluded_lines": 45, "num_branches": 0, "num_partial_branches": 0, "covered_branches": 0, "missing_branches": 0}, "missing_lines": [], "excluded_lines": [161, 162, 164, 165, 168, 169, 170, 171, 174, 175, 177, 178, 179, 181, 182, 183, 185, 186, 187, 190, 191, 193, 195, 196, 198, 199, 200, 201, 202, 203, 206, 207, 209, 212, 215, 218, 226, 227, 228, 229, 231, 232, 233, 234, 235], "executed_branches": [], "missing_branches": []}}, "classes": {"": {"executed_lines": [1, 8, 9, 11, 14, 35, 36, 41, 43, 47, 48, 54, 57, 80, 81, 90, 94, 102, 103, 114, 117, 139, 140, 141, 145, 146, 150, 151, 161], "summary": {"covered_lines": 27, "num_statements": 27, "percent_covered": 100.0, "percent_covered_display": "100.00", "missing_lines": 0, "excluded_lines": 48, "num_branches": 2, "num_partial_branches": 0, "covered_branches": 2, "missing_branches": 0}, "missing_lines": [], "excluded_lines": [161, 162, 164, 165, 168, 169, 170, 171, 174, 175, 177, 178, 179, 181, 182, 183, 185, 186, 187, 190, 191, 193, 195, 196, 198, 199, 200, 201, 202, 203, 206, 207, 209, 210, 212, 213, 215, 216, 218, 226, 227, 228, 229, 231, 232, 233, 234, 235], "executed_branches": [[139, -117], [139, 140]], "missing_branches": []}}}, "src/config.py": {"executed_lines": [1, 20, 21, 22, 23, 26, 27, 54, 60, 65, 66, 67, 81, 88, 89, 93, 95, 96, 97, 104, 105, 106, 108, 109, 113, 116, 122, 129, 136, 143, 151, 157, 163, 169, 175, 181, 188, 195, 202, 210, 215, 220, 225, 231, 239, 244, 249, 256, 264, 269, 270, 271, 273, 278, 283, 285, 292, 300, 307, 314, 322, 327, 334, 341, 349, 356, 364, 369, 375, 383, 384, 386, 388, 389, 391, 393, 394, 396, 398, 406, 413, 414, 416, 418, 430, 433, 454, 455, 456, 459, 476, 480], "summary": {"covered_lines": 83, "num_statements": 87, "percent_covered": 91.91919191919192, "percent_covered_display": "91.92", "missing_lines": 4, "excluded_lines": 144, "num_branches": 12, "num_partial_branches": 2, "covered_branches": 8, "missing_branches": 4}, "missing_lines": [110, 111, 112, 279], "excluded_lines": [398, 399, 400, 401, 402, 403, 404, 405, 406, 407, 408, 409, 410, 411, 412, 413, 414, 415, 416, 417, 418, 419, 420, 421, 422, 423, 424, 425, 426, 480, 481, 482, 484, 485, 486, 488, 497, 498, 500, 501, 503, 504, 505, 506, 507, 508, 509, 510, 513, 514, 515, 516, 518, 519, 520, 521, 522, 523, 524, 525, 526, 527, 528, 529, 530, 531, 532, 535, 536, 537, 538, 540, 541, 542, 543, 544, 545, 546, 547, 548, 551, 552, 553, 554, 555, 557, 558, 559, 560, 561, 562, 563, 564, 565, 568, 569, 570, 571, 572, 574, 575, 576, 577, 578, 579, 580, 581, 582, 583, 586, 587, 588, 589, 590, 591, 592, 598, 599, 600, 601, 603, 604, 605, 606, 607, 608, 611, 612, 613, 615, 616, 618, 619, 620, 622, 623, 625, 626, 627, 628, 629, 630, 631, 632], "executed_branches": [[88, 89], [88, 93], [105, 106], [105, 108], [109, 113], [278, 283], [454, 455], [454, 456]], "missing_branches": [[109, 110], [111, 112], [111, 113], [278, 279]], "functions": {"Config.validate_model": {"executed_lines": [81, 88, 89, 93], "summary": {"covered_lines": 4, "num_statements": 4, "percent_covered": 100.0, "percent_covered_display": "100.00", "missing_lines": 0, "excluded_lines": 0, "num_branches": 2, "num_partial_branches": 0, "covered_branches": 2, "missing_branches": 0}, "missing_lines": [], "excluded_lines": [], "executed_branches": [[88, 89], [88, 93]], "missing_branches": []}, "Config.load_openai_key_from_file": {"executed_lines": [104, 105, 106, 108, 109, 113], "summary": {"covered_lines": 6, "num_statements": 9, "percent_covered": 60.0, "percent_covered_display": "60.00", "missing_lines": 3, "excluded_lines": 0, "num_branches": 6, "num_partial_branches": 1, "covered_branches": 3, "missing_branches": 3}, "missing_lines": [110, 111, 112], "excluded_lines": [], "executed_branches": [[105, 106], [105, 108], [109, 113]], "missing_branches": [[109, 110], [111, 112], [111, 113]]}, "Config.validate_embedding_model": {"executed_lines": [273, 278, 283], "summary": {"covered_lines": 3, "num_statements": 4, "percent_covered": 66.66666666666667, "percent_covered_display": "66.67", "missing_lines": 1, "excluded_lines": 0, "num_branches": 2, "num_partial_branches": 1, "covered_branches": 1, "missing_branches": 1}, "missing_lines": [279], "excluded_lines": [], "executed_branches": [[278, 283]], "missing_branches": [[278, 279]]}, "Config.is_production": {"executed_lines": [386], "summary": {"covered_lines": 1, "num_statements": 1, "percent_covered": 100.0, "percent_covered_display": "100.00", "missing_lines": 0, "excluded_lines": 0, "num_branches": 0, "num_partial_branches": 0, "covered_branches": 0, "missing_branches": 0}, "missing_lines": [], "excluded_lines": [], "executed_branches": [], "missing_branches": []}, "Config.is_development": {"executed_lines": [391], "summary": {"covered_lines": 1, "num_statements": 1, "percent_covered": 100.0, "percent_covered_display": "100.00", "missing_lines": 0, "excluded_lines": 0, "num_branches": 0, "num_partial_branches": 0, "covered_branches": 0, "missing_branches": 0}, "missing_lines": [], "excluded_lines": [], "executed_branches": [], "missing_branches": []}, "Config.is_staging": {"executed_lines": [396], "summary": {"covered_lines": 1, "num_statements": 1, "percent_covered": 100.0, "percent_covered_display": "100.00", "missing_lines": 0, "excluded_lines": 0, "num_branches": 0, "num_partial_branches": 0, "covered_branches": 0, "missing_branches": 0}, "missing_lines": [], "excluded_lines": [], "executed_branches": [], "missing_branches": []}, "Config.__repr__": {"executed_lines": [406, 413, 414, 416, 418], "summary": {"covered_lines": 0, "num_statements": 0, "percent_covered": 100.0, "percent_covered_display": "100.00", "missing_lines": 0, "excluded_lines": 28, "num_branches": 0, "num_partial_branches": 0, "covered_branches": 0, "missing_branches": 0}, "missing_lines": [], "excluded_lines": [399, 400, 401, 402, 403, 404, 405, 406, 407, 408, 409, 410, 411, 412, 413, 414, 415, 416, 417, 418, 419, 420, 421, 422, 423, 424, 425, 426], "executed_branches": [], "missing_branches": []}, "get_config": {"executed_lines": [454, 455, 456], "summary": {"covered_lines": 3, "num_statements": 3, "percent_covered": 100.0, "percent_covered_display": "100.00", "missing_lines": 0, "excluded_lines": 0, "num_branches": 2, "num_partial_branches": 0, "covered_branches": 2, "missing_branches": 0}, "missing_lines": [], "excluded_lines": [], "executed_branches": [[454, 455], [454, 456]], "missing_branches": []}, "reset_config": {"executed_lines": [476], "summary": {"covered_lines": 1, "num_statements": 1, "percent_covered": 100.0, "percent_covered_display": "100.00", "missing_lines": 0, "excluded_lines": 0, "num_branches": 0, "num_partial_branches": 0, "covered_branches": 0, "missing_branches": 0}, "missing_lines": [], "excluded_lines": [], "executed_branches": [], "missing_branches": []}, "": {"executed_lines": [1, 20, 21, 22, 23, 26, 27, 54, 60, 65, 66, 67, 95, 96, 97, 116, 122, 129, 136, 143, 151, 157, 163, 169, 175, 181, 188, 195, 202, 210, 215, 220, 225, 231, 239, 244, 249, 256, 264, 269, 270, 271, 285, 292, 300, 307, 314, 322, 327, 334, 341, 349, 356, 364, 369, 375, 383, 384, 388, 389, 393, 394, 398, 430, 433, 459, 480], "summary": {"covered_lines": 63, "num_statements": 63, "percent_covered": 100.0, "percent_covered_display": "100.00", "missing_lines": 0, "excluded_lines": 116, "num_branches": 0, "num_partial_branches": 0, "covered_branches": 0, "missing_branches": 0}, "missing_lines": [], "excluded_lines": [398, 480, 481, 482, 484, 485, 486, 488, 497, 498, 500, 501, 503, 504, 505, 506, 507, 508, 509, 510, 513, 514, 515, 516, 518, 519, 520, 521, 522, 523, 524, 525, 526, 527, 528, 529, 530, 531, 532, 535, 536, 537, 538, 540, 541, 542, 543, 544, 545, 546, 547, 548, 551, 552, 553, 554, 555, 557, 558, 559, 560, 561, 562, 563, 564, 565, 568, 569, 570, 571, 572, 574, 575, 576, 577, 578, 579, 580, 581, 582, 583, 586, 587, 588, 589, 590, 591, 592, 598, 599, 600, 601, 603, 604, 605, 606, 607, 608, 611, 612, 613, 615, 616, 618, 619, 620, 622, 623, 625, 626, 627, 628, 629, 630, 631, 632], "executed_branches": [], "missing_branches": []}}, "classes": {"Config": {"executed_lines": [81, 88, 89, 93, 104, 105, 106, 108, 109, 113, 273, 278, 283, 386, 391, 396, 406, 413, 414, 416, 418], "summary": {"covered_lines": 16, "num_statements": 20, "percent_covered": 73.33333333333333, "percent_covered_display": "73.33", "missing_lines": 4, "excluded_lines": 28, "num_branches": 10, "num_partial_branches": 2, "covered_branches": 6, "missing_branches": 4}, "missing_lines": [110, 111, 112, 279], "excluded_lines": [399, 400, 401, 402, 403, 404, 405, 406, 407, 408, 409, 410, 411, 412, 413, 414, 415, 416, 417, 418, 419, 420, 421, 422, 423, 424, 425, 426], "executed_branches": [[88, 89], [88, 93], [105, 106], [105, 108], [109, 113], [278, 283]], "missing_branches": [[109, 110], [111, 112], [111, 113], [278, 279]]}, "": {"executed_lines": [1, 20, 21, 22, 23, 26, 27, 54, 60, 65, 66, 67, 95, 96, 97, 116, 122, 129, 136, 143, 151, 157, 163, 169, 175, 181, 188, 195, 202, 210, 215, 220, 225, 231, 239, 244, 249, 256, 264, 269, 270, 271, 285, 292, 300, 307, 314, 322, 327, 334, 341, 349, 356, 364, 369, 375, 383, 384, 388, 389, 393, 394, 398, 430, 433, 454, 455, 456, 459, 476, 480], "summary": {"covered_lines": 67, "num_statements": 67, "percent_covered": 100.0, "percent_covered_display": "100.00", "missing_lines": 0, "excluded_lines": 116, "num_branches": 2, "num_partial_branches": 0, "covered_branches": 2, "missing_branches": 0}, "missing_lines": [], "excluded_lines": [398, 480, 481, 482, 484, 485, 486, 488, 497, 498, 500, 501, 503, 504, 505, 506, 507, 508, 509, 510, 513, 514, 515, 516, 518, 519, 520, 521, 522, 523, 524, 525, 526, 527, 528, 529, 530, 531, 532, 535, 536, 537, 538, 540, 541, 542, 543, 544, 545, 546, 547, 548, 551, 552, 553, 554, 555, 557, 558, 559, 560, 561, 562, 563, 564, 565, 568, 569, 570, 571, 572, 574, 575, 576, 577, 578, 579, 580, 581, 582, 583, 586, 587, 588, 589, 590, 591, 592, 598, 599, 600, 601, 603, 604, 605, 606, 607, 608, 611, 612, 613, 615, 616, 618, 619, 620, 622, 623, 625, 626, 627, 628, 629, 630, 631, 632], "executed_branches": [[454, 455], [454, 456]], "missing_branches": []}}}, "src/cost_calculator.py": {"executed_lines": [1, 30, 31, 36, 37, 38, 40, 41, 42, 44, 45, 53, 60, 66, 73, 84, 98, 99, 102, 103, 104, 105, 106, 107, 111, 113, 117, 120, 178, 179, 180, 181, 184, 185, 188, 189, 192, 195, 196, 197, 198, 202, 207, 209, 227, 242, 245, 246, 249, 250, 251, 254, 255, 256, 259, 260, 261, 262, 263, 267, 270, 271, 286, 293, 294, 296, 314, 315, 318, 322, 324, 326, 327, 329, 331, 332, 334, 336, 337, 339, 341, 342, 344, 346, 347, 349, 351, 352, 354, 356, 363, 377, 379, 380, 391, 420, 425], "summary": {"covered_lines": 94, "num_statements": 95, "percent_covered": 98.1651376146789, "percent_covered_display": "98.17", "missing_lines": 1, "excluded_lines": 0, "num_branches": 14, "num_partial_branches": 1, "covered_branches": 13, "missing_branches": 1}, "missing_lines": [108], "excluded_lines": [], "executed_branches": [[98, 99], [98, 102], [103, 104], [103, 105], [105, 106], [105, 107], [107, 111], [178, 179], [178, 180], [180, 181], [180, 184], [260, 261], [260, 267]], "missing_branches": [[107, 108]], "functions": {"PricingTier.__str__": {"executed_lines": [45], "summary": {"covered_lines": 1, "num_statements": 1, "percent_covered": 100.0, "percent_covered_display": "100.00", "missing_lines": 0, "excluded_lines": 0, "num_branches": 0, "num_partial_branches": 0, "covered_branches": 0, "missing_branches": 0}, "missing_lines": [], "excluded_lines": [], "executed_branches": [], "missing_branches": []}, "get_pricing_for_model": {"executed_lines": [98, 99, 102, 103, 104, 105, 106, 107, 111, 113, 117], "summary": {"covered_lines": 11, "num_statements": 12, "percent_covered": 90.0, "percent_covered_display": "90.00", "missing_lines": 1, "excluded_lines": 0, "num_branches": 8, "num_partial_branches": 1, "covered_branches": 7, "missing_branches": 1}, "missing_lines": [108], "excluded_lines": [], "executed_branches": [[98, 99], [98, 102], [103, 104], [103, 105], [105, 106], [105, 107], [107, 111]], "missing_branches": [[107, 108]]}, "calculate_cost": {"executed_lines": [178, 179, 180, 181, 184, 185, 188, 189, 192, 195, 196, 197, 198, 202, 207, 209], "summary": {"covered_lines": 16, "num_statements": 16, "percent_covered": 100.0, "percent_covered_display": "100.00", "missing_lines": 0, "excluded_lines": 0, "num_branches": 4, "num_partial_branches": 0, "covered_branches": 4, "missing_branches": 0}, "missing_lines": [], "excluded_lines": [], "executed_branches": [[178, 179], [178, 180], [180, 181], [180, 184]], "missing_branches": []}, "format_cost_summary": {"executed_lines": [242, 245, 246, 249, 250, 251, 254, 255, 256, 259, 260, 261, 262, 263, 267], "summary": {"covered_lines": 15, "num_statements": 15, "percent_covered": 100.0, "percent_covered_display": "100.00", "missing_lines": 0, "excluded_lines": 0, "num_branches": 2, "num_partial_branches": 0, "covered_branches": 2, "missing_branches": 0}, "missing_lines": [], "excluded_lines": [], "executed_branches": [[260, 261], [260, 267]], "missing_branches": []}, "CostTracker.__init__": {"executed_lines": [293, 294], "summary": {"covered_lines": 2, "num_statements": 2, "percent_covered": 100.0, "percent_covered_display": "100.00", "missing_lines": 0, "excluded_lines": 0, "num_branches": 0, "num_partial_branches": 0, "covered_branches": 0, "missing_branches": 0}, "missing_lines": [], "excluded_lines": [], "executed_branches": [], "missing_branches": []}, "CostTracker.add_usage": {"executed_lines": [314, 315, 318, 322, 324], "summary": {"covered_lines": 5, "num_statements": 5, "percent_covered": 100.0, "percent_covered_display": "100.00", "missing_lines": 0, "excluded_lines": 0, "num_branches": 0, "num_partial_branches": 0, "covered_branches": 0, "missing_branches": 0}, "missing_lines": [], "excluded_lines": [], "executed_branches": [], "missing_branches": []}, "CostTracker.total_cost": {"executed_lines": [329], "summary": {"covered_lines": 1, "num_statements": 1, "percent_covered": 100.0, "percent_covered_display": "100.00", "missing_lines": 0, "excluded_lines": 0, "num_branches": 0, "num_partial_branches": 0, "covered_branches": 0, "missing_branches": 0}, "missing_lines": [], "excluded_lines": [], "executed_branches": [], "missing_branches": []}, "CostTracker.total_tokens": {"executed_lines": [334], "summary": {"covered_lines": 1, "num_statements": 1, "percent_covered": 100.0, "percent_covered_display": "100.00", "missing_lines": 0, "excluded_lines": 0, "num_branches": 0, "num_partial_branches": 0, "covered_branches": 0, "missing_branches": 0}, "missing_lines": [], "excluded_lines": [], "executed_branches": [], "missing_branches": []}, "CostTracker.total_cached_tokens": {"executed_lines": [339], "summary": {"covered_lines": 1, "num_statements": 1, "percent_covered": 100.0, "percent_covered_display": "100.00", "missing_lines": 0, "excluded_lines": 0, "num_branches": 0, "num_partial_branches": 0, "covered_branches": 0, "missing_branches": 0}, "missing_lines": [], "excluded_lines": [], "executed_branches": [], "missing_branches": []}, "CostTracker.total_cache_savings": {"executed_lines": [344], "summary": {"covered_lines": 1, "num_statements": 1, "percent_covered": 100.0, "percent_covered_display": "100.00", "missing_lines": 0, "excluded_lines": 0, "num_branches": 0, "num_partial_branches": 0, "covered_branches": 0, "missing_branches": 0}, "missing_lines": [], "excluded_lines": [], "executed_branches": [], "missing_branches": []}, "CostTracker.average_cost": {"executed_lines": [349], "summary": {"covered_lines": 1, "num_statements": 1, "percent_covered": 100.0, "percent_covered_display": "100.00", "missing_lines": 0, "excluded_lines": 0, "num_branches": 0, "num_partial_branches": 0, "covered_branches": 0, "missing_branches": 0}, "missing_lines": [], "excluded_lines": [], "executed_branches": [], "missing_branches": []}, "CostTracker.request_count": {"executed_lines": [354], "summary": {"covered_lines": 1, "num_statements": 1, "percent_covered": 100.0, "percent_covered_display": "100.00", "missing_lines": 0, "excluded_lines": 0, "num_branches": 0, "num_partial_branches": 0, "covered_branches": 0, "missing_branches": 0}, "missing_lines": [], "excluded_lines": [], "executed_branches": [], "missing_branches": []}, "CostTracker.summary": {"executed_lines": [363], "summary": {"covered_lines": 1, "num_statements": 1, "percent_covered": 100.0, "percent_covered_display": "100.00", "missing_lines": 0, "excluded_lines": 0, "num_branches": 0, "num_partial_branches": 0, "covered_branches": 0, "missing_branches": 0}, "missing_lines": [], "excluded_lines": [], "executed_branches": [], "missing_branches": []}, "CostTracker.summary_text": {"executed_lines": [379, 380], "summary": {"covered_lines": 2, "num_statements": 2, "percent_covered": 100.0, "percent_covered_display": "100.00", "missing_lines": 0, "excluded_lines": 0, "num_branches": 0, "num_partial_branches": 0, "covered_branches": 0, "missing_branches": 0}, "missing_lines": [], "excluded_lines": [], "executed_branches": [], "missing_branches": []}, "estimate_cost_from_tokens": {"executed_lines": [420, 425], "summary": {"covered_lines": 2, "num_statements": 2, "percent_covered": 100.0, "percent_covered_display": "100.00", "missing_lines": 0, "excluded_lines": 0, "num_branches": 0, "num_partial_branches": 0, "covered_branches": 0, "missing_branches": 0}, "missing_lines": [], "excluded_lines": [], "executed_branches": [], "missing_branches": []}, "": {"executed_lines": [1, 30, 31, 36, 37, 38, 40, 41, 42, 44, 53, 60, 66, 73, 84, 120, 227, 270, 271, 286, 296, 326, 327, 331, 332, 336, 337, 341, 342, 346, 347, 351, 352, 356, 377, 391], "summary": {"covered_lines": 33, "num_statements": 33, "percent_covered": 100.0, "percent_covered_display": "100.00", "missing_lines": 0, "excluded_lines": 0, "num_branches": 0, "num_partial_branches": 0, "covered_branches": 0, "missing_branches": 0}, "missing_lines": [], "excluded_lines": [], "executed_branches": [], "missing_branches": []}}, "classes": {"PricingTier": {"executed_lines": [45], "summary": {"covered_lines": 1, "num_statements": 1, "percent_covered": 100.0, "percent_covered_display": "100.00", "missing_lines": 0, "excluded_lines": 0, "num_branches": 0, "num_partial_branches": 0, "covered_branches": 0, "missing_branches": 0}, "missing_lines": [], "excluded_lines": [], "executed_branches": [], "missing_branches": []}, "CostTracker": {"executed_lines": [293, 294, 314, 315, 318, 322, 324, 329, 334, 339, 344, 349, 354, 363, 379, 380], "summary": {"covered_lines": 16, "num_statements": 16, "percent_covered": 100.0, "percent_covered_display": "100.00", "missing_lines": 0, "excluded_lines": 0, "num_branches": 0, "num_partial_branches": 0, "covered_branches": 0, "missing_branches": 0}, "missing_lines": [], "excluded_lines": [], "executed_branches": [], "missing_branches": []}, "": {"executed_lines": [1, 30, 31, 36, 37, 38, 40, 41, 42, 44, 53, 60, 66, 73, 84, 98, 99, 102, 103, 104, 105, 106, 107, 111, 113, 117, 120, 178, 179, 180, 181, 184, 185, 188, 189, 192, 195, 196, 197, 198, 202, 207, 209, 227, 242, 245, 246, 249, 250, 251, 254, 255, 256, 259, 260, 261, 262, 263, 267, 270, 271, 286, 296, 326, 327, 331, 332, 336, 337, 341, 342, 346, 347, 351, 352, 356, 377, 391, 420, 425], "summary": {"covered_lines": 77, "num_statements": 78, "percent_covered": 97.82608695652173, "percent_covered_display": "97.83", "missing_lines": 1, "excluded_lines": 0, "num_branches": 14, "num_partial_branches": 1, "covered_branches": 13, "missing_branches": 1}, "missing_lines": [108], "excluded_lines": [], "executed_branches": [[98, 99], [98, 102], [103, 104], [103, 105], [105, 106], [105, 107], [107, 111], [178, 179], [178, 180], [180, 181], [180, 184], [260, 261], [260, 267]], "missing_branches": [[107, 108]]}}}, "src/daemon.py": {"executed_lines": [], "summary": {"covered_lines": 0, "num_statements": 212, "percent_covered": 0.0, "percent_covered_display": "0.00", "missing_lines": 212, "excluded_lines": 2, "num_branches": 56, "num_partial_branches": 0, "covered_branches": 0, "missing_branches": 56}, "missing_lines": [8, 10, 11, 12, 13, 14, 15, 16, 18, 19, 21, 22, 23, 24, 25, 26, 29, 36, 44, 50, 51, 52, 54, 64, 65, 66, 68, 69, 70, 72, 73, 74, 76, 77, 78, 79, 80, 83, 85, 86, 90, 91, 93, 94, 95, 96, 97, 98, 101, 104, 107, 114, 120, 121, 122, 123, 124, 126, 128, 130, 132, 134, 135, 138, 139, 142, 143, 145, 147, 149, 150, 152, 158, 159, 160, 163, 164, 169, 171, 173, 174, 176, 177, 178, 180, 182, 183, 185, 186, 187, 190, 198, 204, 205, 206, 208, 209, 210, 211, 212, 215, 221, 227, 230, 231, 233, 234, 237, 238, 240, 245, 247, 248, 249, 251, 253, 255, 256, 258, 259, 261, 262, 264, 265, 273, 275, 276, 278, 280, 286, 295, 296, 297, 306, 307, 309, 322, 323, 325, 334, 335, 337, 339, 341, 342, 343, 347, 349, 351, 352, 353, 355, 356, 359, 360, 361, 364, 367, 368, 369, 372, 377, 378, 380, 383, 384, 385, 386, 387, 388, 390, 392, 393, 395, 396, 399, 400, 401, 402, 405, 406, 407, 410, 412, 413, 418, 419, 420, 422, 423, 425, 427, 429, 430, 431, 432, 433, 434, 437, 439, 442, 443, 444, 446, 447, 448, 451, 452, 453, 455, 460, 466], "excluded_lines": [469, 470], "executed_branches": [], "missing_branches": [[64, 65], [64, 68], [72, 73], [72, 101], [76, 77], [76, 85], [78, 79], [78, 90], [134, 135], [134, 138], [138, 139], [138, 142], [142, 143], [142, 145], [149, 150], [149, 152], [158, 159], [158, 169], [173, 174], [173, 176], [177, -171], [177, 178], [182, 183], [182, 185], [186, -180], [186, 187], [255, -251], [255, 256], [258, -251], [258, 259], [259, 258], [259, 261], [275, 276], [275, 347], [295, 296], [295, 325], [296, 297], [296, 309], [351, 352], [351, 355], [384, -349], [384, 385], [392, 393], [392, 395], [399, 400], [399, 405], [407, 410], [407, 412], [412, 413], [412, 418], [418, 419], [418, 425], [422, 423], [422, 425], [443, 444], [443, 451]], "functions": {"FileStabilizer.__init__": {"executed_lines": [], "summary": {"covered_lines": 0, "num_statements": 3, "percent_covered": 0.0, "percent_covered_display": "0.00", "missing_lines": 3, "excluded_lines": 0, "num_branches": 0, "num_partial_branches": 0, "covered_branches": 0, "missing_branches": 0}, "missing_lines": [50, 51, 52], "excluded_lines": [], "executed_branches": [], "missing_branches": []}, "FileStabilizer.wait_for_stable": {"executed_lines": [], "summary": {"covered_lines": 0, "num_statements": 27, "percent_covered": 0.0, "percent_covered_display": "0.00", "missing_lines": 27, "excluded_lines": 0, "num_branches": 8, "num_partial_branches": 0, "covered_branches": 0, "missing_branches": 8}, "missing_lines": [64, 65, 66, 68, 69, 70, 72, 73, 74, 76, 77, 78, 79, 80, 83, 85, 86, 90, 91, 93, 94, 95, 96, 97, 98, 101, 104], "excluded_lines": [], "executed_branches": [], "missing_branches": [[64, 65], [64, 68], [72, 73], [72, 101], [76, 77], [76, 85], [78, 79], [78, 90]]}, "PDFFileHandler.__init__": {"executed_lines": [], "summary": {"covered_lines": 0, "num_statements": 5, "percent_covered": 0.0, "percent_covered_display": "0.00", "missing_lines": 5, "excluded_lines": 0, "num_branches": 0, "num_partial_branches": 0, "covered_branches": 0, "missing_branches": 0}, "missing_lines": [120, 121, 122, 123, 124], "excluded_lines": [], "executed_branches": [], "missing_branches": []}, "PDFFileHandler.is_pdf_file": {"executed_lines": [], "summary": {"covered_lines": 0, "num_statements": 1, "percent_covered": 0.0, "percent_covered_display": "0.00", "missing_lines": 1, "excluded_lines": 0, "num_branches": 0, "num_partial_branches": 0, "covered_branches": 0, "missing_branches": 0}, "missing_lines": [128], "excluded_lines": [], "executed_branches": [], "missing_branches": []}, "PDFFileHandler.should_process": {"executed_lines": [], "summary": {"covered_lines": 0, "num_statements": 8, "percent_covered": 0.0, "percent_covered_display": "0.00", "missing_lines": 8, "excluded_lines": 0, "num_branches": 6, "num_partial_branches": 0, "covered_branches": 0, "missing_branches": 6}, "missing_lines": [132, 134, 135, 138, 139, 142, 143, 145], "excluded_lines": [], "executed_branches": [], "missing_branches": [[134, 135], [134, 138], [138, 139], [138, 142], [142, 143], [142, 145]]}, "PDFFileHandler.handle_pdf_file": {"executed_lines": [], "summary": {"covered_lines": 0, "num_statements": 9, "percent_covered": 0.0, "percent_covered_display": "0.00", "missing_lines": 9, "excluded_lines": 0, "num_branches": 4, "num_partial_branches": 0, "covered_branches": 0, "missing_branches": 4}, "missing_lines": [149, 150, 152, 158, 159, 160, 163, 164, 169], "excluded_lines": [], "executed_branches": [], "missing_branches": [[149, 150], [149, 152], [158, 159], [158, 169]]}, "PDFFileHandler.on_created": {"executed_lines": [], "summary": {"covered_lines": 0, "num_statements": 5, "percent_covered": 0.0, "percent_covered_display": "0.00", "missing_lines": 5, "excluded_lines": 0, "num_branches": 4, "num_partial_branches": 0, "covered_branches": 0, "missing_branches": 4}, "missing_lines": [173, 174, 176, 177, 178], "excluded_lines": [], "executed_branches": [], "missing_branches": [[173, 174], [173, 176], [177, -171], [177, 178]]}, "PDFFileHandler.on_modified": {"executed_lines": [], "summary": {"covered_lines": 0, "num_statements": 5, "percent_covered": 0.0, "percent_covered_display": "0.00", "missing_lines": 5, "excluded_lines": 0, "num_branches": 4, "num_partial_branches": 0, "covered_branches": 0, "missing_branches": 4}, "missing_lines": [182, 183, 185, 186, 187], "excluded_lines": [], "executed_branches": [], "missing_branches": [[182, 183], [182, 185], [186, -180], [186, 187]]}, "DaemonManager.__init__": {"executed_lines": [], "summary": {"covered_lines": 0, "num_statements": 18, "percent_covered": 0.0, "percent_covered_display": "0.00", "missing_lines": 18, "excluded_lines": 0, "num_branches": 0, "num_partial_branches": 0, "covered_branches": 0, "missing_branches": 0}, "missing_lines": [204, 205, 206, 208, 209, 210, 211, 212, 215, 221, 227, 230, 231, 233, 234, 237, 238, 240], "excluded_lines": [], "executed_branches": [], "missing_branches": []}, "DaemonManager.signal_handler": {"executed_lines": [], "summary": {"covered_lines": 0, "num_statements": 3, "percent_covered": 0.0, "percent_covered_display": "0.00", "missing_lines": 3, "excluded_lines": 0, "num_branches": 0, "num_partial_branches": 0, "covered_branches": 0, "missing_branches": 0}, "missing_lines": [247, 248, 249], "excluded_lines": [], "executed_branches": [], "missing_branches": []}, "DaemonManager.process_existing_files": {"executed_lines": [], "summary": {"covered_lines": 0, "num_statements": 9, "percent_covered": 0.0, "percent_covered_display": "0.00", "missing_lines": 9, "excluded_lines": 0, "num_branches": 6, "num_partial_branches": 0, "covered_branches": 0, "missing_branches": 6}, "missing_lines": [253, 255, 256, 258, 259, 261, 262, 264, 265], "excluded_lines": [], "executed_branches": [], "missing_branches": [[255, -251], [255, 256], [258, -251], [258, 259], [259, 258], [259, 261]]}, "DaemonManager.process_queue": {"executed_lines": [], "summary": {"covered_lines": 0, "num_statements": 22, "percent_covered": 0.0, "percent_covered_display": "0.00", "missing_lines": 22, "excluded_lines": 0, "num_branches": 6, "num_partial_branches": 0, "covered_branches": 0, "missing_branches": 6}, "missing_lines": [275, 276, 278, 280, 286, 295, 296, 297, 306, 307, 309, 322, 323, 325, 334, 335, 337, 339, 341, 342, 343, 347], "excluded_lines": [], "executed_branches": [], "missing_branches": [[275, 276], [275, 347], [295, 296], [295, 325], [296, 297], [296, 309]]}, "DaemonManager.start": {"executed_lines": [], "summary": {"covered_lines": 0, "num_statements": 22, "percent_covered": 0.0, "percent_covered_display": "0.00", "missing_lines": 22, "excluded_lines": 0, "num_branches": 4, "num_partial_branches": 0, "covered_branches": 0, "missing_branches": 4}, "missing_lines": [351, 352, 353, 355, 356, 359, 360, 361, 364, 367, 368, 369, 372, 377, 378, 380, 383, 384, 385, 386, 387, 388], "excluded_lines": [], "executed_branches": [], "missing_branches": [[351, 352], [351, 355], [384, -349], [384, 385]]}, "DaemonManager.shutdown": {"executed_lines": [], "summary": {"covered_lines": 0, "num_statements": 20, "percent_covered": 0.0, "percent_covered_display": "0.00", "missing_lines": 20, "excluded_lines": 0, "num_branches": 12, "num_partial_branches": 0, "covered_branches": 0, "missing_branches": 12}, "missing_lines": [392, 393, 395, 396, 399, 400, 401, 402, 405, 406, 407, 410, 412, 413, 418, 419, 420, 422, 423, 425], "excluded_lines": [], "executed_branches": [], "missing_branches": [[392, 393], [392, 395], [399, 400], [399, 405], [407, 410], [407, 412], [412, 413], [412, 418], [418, 419], [418, 425], [422, 423], [422, 425]]}, "DaemonManager.run": {"executed_lines": [], "summary": {"covered_lines": 0, "num_statements": 6, "percent_covered": 0.0, "percent_covered_display": "0.00", "missing_lines": 6, "excluded_lines": 0, "num_branches": 0, "num_partial_branches": 0, "covered_branches": 0, "missing_branches": 0}, "missing_lines": [429, 430, 431, 432, 433, 434], "excluded_lines": [], "executed_branches": [], "missing_branches": []}, "main": {"executed_lines": [], "summary": {"covered_lines": 0, "num_statements": 13, "percent_covered": 0.0, "percent_covered_display": "0.00", "missing_lines": 13, "excluded_lines": 0, "num_branches": 2, "num_partial_branches": 0, "covered_branches": 0, "missing_branches": 2}, "missing_lines": [439, 442, 443, 444, 446, 447, 448, 451, 452, 453, 455, 460, 466], "excluded_lines": [], "executed_branches": [], "missing_branches": [[443, 444], [443, 451]]}, "": {"executed_lines": [], "summary": {"covered_lines": 0, "num_statements": 36, "percent_covered": 0.0, "percent_covered_display": "0.00", "missing_lines": 36, "excluded_lines": 2, "num_branches": 0, "num_partial_branches": 0, "covered_branches": 0, "missing_branches": 0}, "missing_lines": [8, 10, 11, 12, 13, 14, 15, 16, 18, 19, 21, 22, 23, 24, 25, 26, 29, 36, 44, 54, 107, 114, 126, 130, 147, 171, 180, 190, 198, 245, 251, 273, 349, 390, 427, 437], "excluded_lines": [469, 470], "executed_branches": [], "missing_branches": []}}, "classes": {"FileStabilizer": {"executed_lines": [], "summary": {"covered_lines": 0, "num_statements": 30, "percent_covered": 0.0, "percent_covered_display": "0.00", "missing_lines": 30, "excluded_lines": 0, "num_branches": 8, "num_partial_branches": 0, "covered_branches": 0, "missing_branches": 8}, "missing_lines": [50, 51, 52, 64, 65, 66, 68, 69, 70, 72, 73, 74, 76, 77, 78, 79, 80, 83, 85, 86, 90, 91, 93, 94, 95, 96, 97, 98, 101, 104], "excluded_lines": [], "executed_branches": [], "missing_branches": [[64, 65], [64, 68], [72, 73], [72, 101], [76, 77], [76, 85], [78, 79], [78, 90]]}, "PDFFileHandler": {"executed_lines": [], "summary": {"covered_lines": 0, "num_statements": 33, "percent_covered": 0.0, "percent_covered_display": "0.00", "missing_lines": 33, "excluded_lines": 0, "num_branches": 18, "num_partial_branches": 0, "covered_branches": 0, "missing_branches": 18}, "missing_lines": [120, 121, 122, 123, 124, 128, 132, 134, 135, 138, 139, 142, 143, 145, 149, 150, 152, 158, 159, 160, 163, 164, 169, 173, 174, 176, 177, 178, 182, 183, 185, 186, 187], "excluded_lines": [], "executed_branches": [], "missing_branches": [[134, 135], [134, 138], [138, 139], [138, 142], [142, 143], [142, 145], [149, 150], [149, 152], [158, 159], [158, 169], [173, 174], [173, 176], [177, -171], [177, 178], [182, 183], [182, 185], [186, -180], [186, 187]]}, "DaemonManager": {"executed_lines": [], "summary": {"covered_lines": 0, "num_statements": 100, "percent_covered": 0.0, "percent_covered_display": "0.00", "missing_lines": 100, "excluded_lines": 0, "num_branches": 28, "num_partial_branches": 0, "covered_branches": 0, "missing_branches": 28}, "missing_lines": [204, 205, 206, 208, 209, 210, 211, 212, 215, 221, 227, 230, 231, 233, 234, 237, 238, 240, 247, 248, 249, 253, 255, 256, 258, 259, 261, 262, 264, 265, 275, 276, 278, 280, 286, 295, 296, 297, 306, 307, 309, 322, 323, 325, 334, 335, 337, 339, 341, 342, 343, 347, 351, 352, 353, 355, 356, 359, 360, 361, 364, 367, 368, 369, 372, 377, 378, 380, 383, 384, 385, 386, 387, 388, 392, 393, 395, 396, 399, 400, 401, 402, 405, 406, 407, 410, 412, 413, 418, 419, 420, 422, 423, 425, 429, 430, 431, 432, 433, 434], "excluded_lines": [], "executed_branches": [], "missing_branches": [[255, -251], [255, 256], [258, -251], [258, 259], [259, 258], [259, 261], [275, 276], [275, 347], [295, 296], [295, 325], [296, 297], [296, 309], [351, 352], [351, 355], [384, -349], [384, 385], [392, 393], [392, 395], [399, 400], [399, 405], [407, 410], [407, 412], [412, 413], [412, 418], [418, 419], [418, 425], [422, 423], [422, 425]]}, "": {"executed_lines": [], "summary": {"covered_lines": 0, "num_statements": 49, "percent_covered": 0.0, "percent_covered_display": "0.00", "missing_lines": 49, "excluded_lines": 2, "num_branches": 2, "num_partial_branches": 0, "covered_branches": 0, "missing_branches": 2}, "missing_lines": [8, 10, 11, 12, 13, 14, 15, 16, 18, 19, 21, 22, 23, 24, 25, 26, 29, 36, 44, 54, 107, 114, 126, 130, 147, 171, 180, 190, 198, 245, 251, 273, 349, 390, 427, 437, 439, 442, 443, 444, 446, 447, 448, 451, 452, 453, 455, 460, 466], "excluded_lines": [469, 470], "executed_branches": [], "missing_branches": [[443, 444], [443, 451]]}}}, "src/database.py": {"executed_lines": [1, 6, 7, 8, 9, 10, 12, 15, 16, 21, 29, 30, 33, 35, 43, 44, 45, 46, 47, 51, 60, 66, 68, 70, 74, 81, 82, 84, 85, 86, 87, 88, 90, 91, 105, 106, 107, 108, 109, 110, 111, 113, 117], "summary": {"covered_lines": 40, "num_statements": 41, "percent_covered": 97.67441860465117, "percent_covered_display": "97.67", "missing_lines": 1, "excluded_lines": 23, "num_branches": 2, "num_partial_branches": 0, "covered_branches": 2, "missing_branches": 0}, "missing_lines": [72], "excluded_lines": [117, 118, 119, 122, 123, 126, 127, 130, 131, 132, 133, 134, 137, 138, 139, 146, 147, 150, 151, 152, 153, 154, 155], "executed_branches": [[33, 35], [33, 51]], "missing_branches": [], "functions": {"DatabaseManager.__init__": {"executed_lines": [29, 30, 33, 35, 43, 44, 51, 60], "summary": {"covered_lines": 8, "num_statements": 8, "percent_covered": 100.0, "percent_covered_display": "100.00", "missing_lines": 0, "excluded_lines": 0, "num_branches": 2, "num_partial_branches": 0, "covered_branches": 2, "missing_branches": 0}, "missing_lines": [], "excluded_lines": [], "executed_branches": [[33, 35], [33, 51]], "missing_branches": []}, "DatabaseManager.__init__.set_sqlite_pragma": {"executed_lines": [45, 46, 47], "summary": {"covered_lines": 3, "num_statements": 3, "percent_covered": 100.0, "percent_covered_display": "100.00", "missing_lines": 0, "excluded_lines": 0, "num_branches": 0, "num_partial_branches": 0, "covered_branches": 0, "missing_branches": 0}, "missing_lines": [], "excluded_lines": [], "executed_branches": [], "missing_branches": []}, "DatabaseManager.create_tables": {"executed_lines": [68], "summary": {"covered_lines": 1, "num_statements": 1, "percent_covered": 100.0, "percent_covered_display": "100.00", "missing_lines": 0, "excluded_lines": 0, "num_branches": 0, "num_partial_branches": 0, "covered_branches": 0, "missing_branches": 0}, "missing_lines": [], "excluded_lines": [], "executed_branches": [], "missing_branches": []}, "DatabaseManager.drop_tables": {"executed_lines": [], "summary": {"covered_lines": 0, "num_statements": 1, "percent_covered": 0.0, "percent_covered_display": "0.00", "missing_lines": 1, "excluded_lines": 0, "num_branches": 0, "num_partial_branches": 0, "covered_branches": 0, "missing_branches": 0}, "missing_lines": [72], "excluded_lines": [], "executed_branches": [], "missing_branches": []}, "DatabaseManager.health_check": {"executed_lines": [81, 82, 84, 85, 86, 87, 88], "summary": {"covered_lines": 7, "num_statements": 7, "percent_covered": 100.0, "percent_covered_display": "100.00", "missing_lines": 0, "excluded_lines": 0, "num_branches": 0, "num_partial_branches": 0, "covered_branches": 0, "missing_branches": 0}, "missing_lines": [], "excluded_lines": [], "executed_branches": [], "missing_branches": []}, "DatabaseManager.get_session": {"executed_lines": [105, 106, 107, 108, 109, 110, 111, 113], "summary": {"covered_lines": 8, "num_statements": 8, "percent_covered": 100.0, "percent_covered_display": "100.00", "missing_lines": 0, "excluded_lines": 0, "num_branches": 0, "num_partial_branches": 0, "covered_branches": 0, "missing_branches": 0}, "missing_lines": [], "excluded_lines": [], "executed_branches": [], "missing_branches": []}, "": {"executed_lines": [1, 6, 7, 8, 9, 10, 12, 15, 16, 21, 66, 70, 74, 90, 91, 117], "summary": {"covered_lines": 13, "num_statements": 13, "percent_covered": 100.0, "percent_covered_display": "100.00", "missing_lines": 0, "excluded_lines": 23, "num_branches": 0, "num_partial_branches": 0, "covered_branches": 0, "missing_branches": 0}, "missing_lines": [], "excluded_lines": [117, 118, 119, 122, 123, 126, 127, 130, 131, 132, 133, 134, 137, 138, 139, 146, 147, 150, 151, 152, 153, 154, 155], "executed_branches": [], "missing_branches": []}}, "classes": {"DatabaseManager": {"executed_lines": [29, 30, 33, 35, 43, 44, 45, 46, 47, 51, 60, 68, 81, 82, 84, 85, 86, 87, 88, 105, 106, 107, 108, 109, 110, 111, 113], "summary": {"covered_lines": 27, "num_statements": 28, "percent_covered": 96.66666666666667, "percent_covered_display": "96.67", "missing_lines": 1, "excluded_lines": 0, "num_branches": 2, "num_partial_branches": 0, "covered_branches": 2, "missing_branches": 0}, "missing_lines": [72], "excluded_lines": [], "executed_branches": [[33, 35], [33, 51]], "missing_branches": []}, "": {"executed_lines": [1, 6, 7, 8, 9, 10, 12, 15, 16, 21, 66, 70, 74, 90, 91, 117], "summary": {"covered_lines": 13, "num_statements": 13, "percent_covered": 100.0, "percent_covered_display": "100.00", "missing_lines": 0, "excluded_lines": 23, "num_branches": 0, "num_partial_branches": 0, "covered_branches": 0, "missing_branches": 0}, "missing_lines": [], "excluded_lines": [117, 118, 119, 122, 123, 126, 127, 130, 131, 132, 133, 134, 137, 138, 139, 146, 147, 150, 151, 152, 153, 154, 155], "executed_branches": [], "missing_branches": []}}}, "src/dedupe.py": {"executed_lines": [1, 6, 7, 8, 9, 10, 12, 15, 40, 41, 43, 45, 47, 48, 49, 50, 53, 54, 55, 57, 60, 77, 80, 113, 116, 117, 120, 123, 124, 125, 126, 129, 130, 131, 132, 135, 136, 137, 141, 142, 143, 148, 149, 152, 153, 156, 157, 158, 159, 162, 163, 166, 169, 174, 177, 205, 206, 208, 212], "summary": {"covered_lines": 57, "num_statements": 60, "percent_covered": 91.11111111111111, "percent_covered_display": "91.11", "missing_lines": 3, "excluded_lines": 85, "num_branches": 30, "num_partial_branches": 5, "covered_branches": 25, "missing_branches": 5}, "missing_lines": [138, 171, 172], "excluded_lines": [212, 213, 214, 215, 216, 217, 220, 221, 222, 224, 225, 226, 227, 228, 229, 230, 233, 234, 235, 236, 237, 239, 242, 243, 244, 246, 248, 249, 250, 251, 252, 255, 270, 271, 272, 275, 276, 277, 278, 279, 282, 283, 284, 285, 286, 289, 290, 291, 292, 293, 295, 296, 297, 298, 300, 302, 303, 304, 306, 307, 308, 310, 312, 314, 316, 317, 319, 320, 322, 323, 324, 325, 328, 329, 330, 332, 333, 334, 335, 336, 338, 340, 341, 344, 345], "executed_branches": [[40, 41], [40, 43], [48, 49], [48, 50], [116, 117], [123, 124], [125, 126], [125, 129], [129, 130], [129, 131], [131, 132], [131, 135], [135, 136], [135, 137], [137, 141], [141, 142], [141, 148], [148, 149], [148, 152], [152, 153], [152, 156], [156, 157], [156, 158], [162, 163], [169, 174]], "missing_branches": [[116, 120], [123, 125], [137, 138], [162, 166], [169, 171]], "functions": {"sha256_file": {"executed_lines": [40, 41, 43, 45, 47, 48, 49, 50, 53, 54, 55, 57], "summary": {"covered_lines": 12, "num_statements": 12, "percent_covered": 100.0, "percent_covered_display": "100.00", "missing_lines": 0, "excluded_lines": 0, "num_branches": 4, "num_partial_branches": 0, "covered_branches": 4, "missing_branches": 0}, "missing_lines": [], "excluded_lines": [], "executed_branches": [[40, 41], [40, 43], [48, 49], [48, 50]], "missing_branches": []}, "check_duplicate": {"executed_lines": [77], "summary": {"covered_lines": 1, "num_statements": 1, "percent_covered": 100.0, "percent_covered_display": "100.00", "missing_lines": 0, "excluded_lines": 0, "num_branches": 0, "num_partial_branches": 0, "covered_branches": 0, "missing_branches": 0}, "missing_lines": [], "excluded_lines": [], "executed_branches": [], "missing_branches": []}, "build_vector_store_attributes": {"executed_lines": [113, 116, 117, 120, 123, 124, 125, 126, 129, 130, 131, 132, 135, 136, 137, 141, 142, 143, 148, 149, 152, 153, 156, 157, 158, 159, 162, 163, 166, 169, 174], "summary": {"covered_lines": 31, "num_statements": 34, "percent_covered": 86.66666666666667, "percent_covered_display": "86.67", "missing_lines": 3, "excluded_lines": 0, "num_branches": 26, "num_partial_branches": 5, "covered_branches": 21, "missing_branches": 5}, "missing_lines": [138, 171, 172], "excluded_lines": [], "executed_branches": [[116, 117], [123, 124], [125, 126], [125, 129], [129, 130], [129, 131], [131, 132], [131, 135], [135, 136], [135, 137], [137, 141], [141, 142], [141, 148], [148, 149], [148, 152], [152, 153], [152, 156], [156, 157], [156, 158], [162, 163], [169, 174]], "missing_branches": [[116, 120], [123, 125], [137, 138], [162, 166], [169, 171]]}, "deduplicate_and_hash": {"executed_lines": [205, 206, 208], "summary": {"covered_lines": 3, "num_statements": 3, "percent_covered": 100.0, "percent_covered_display": "100.00", "missing_lines": 0, "excluded_lines": 0, "num_branches": 0, "num_partial_branches": 0, "covered_branches": 0, "missing_branches": 0}, "missing_lines": [], "excluded_lines": [], "executed_branches": [], "missing_branches": []}, "": {"executed_lines": [1, 6, 7, 8, 9, 10, 12, 15, 60, 80, 177, 212], "summary": {"covered_lines": 10, "num_statements": 10, "percent_covered": 100.0, "percent_covered_display": "100.00", "missing_lines": 0, "excluded_lines": 85, "num_branches": 0, "num_partial_branches": 0, "covered_branches": 0, "missing_branches": 0}, "missing_lines": [], "excluded_lines": [212, 213, 214, 215, 216, 217, 220, 221, 222, 224, 225, 226, 227, 228, 229, 230, 233, 234, 235, 236, 237, 239, 242, 243, 244, 246, 248, 249, 250, 251, 252, 255, 270, 271, 272, 275, 276, 277, 278, 279, 282, 283, 284, 285, 286, 289, 290, 291, 292, 293, 295, 296, 297, 298, 300, 302, 303, 304, 306, 307, 308, 310, 312, 314, 316, 317, 319, 320, 322, 323, 324, 325, 328, 329, 330, 332, 333, 334, 335, 336, 338, 340, 341, 344, 345], "executed_branches": [], "missing_branches": []}}, "classes": {"": {"executed_lines": [1, 6, 7, 8, 9, 10, 12, 15, 40, 41, 43, 45, 47, 48, 49, 50, 53, 54, 55, 57, 60, 77, 80, 113, 116, 117, 120, 123, 124, 125, 126, 129, 130, 131, 132, 135, 136, 137, 141, 142, 143, 148, 149, 152, 153, 156, 157, 158, 159, 162, 163, 166, 169, 174, 177, 205, 206, 208, 212], "summary": {"covered_lines": 57, "num_statements": 60, "percent_covered": 91.11111111111111, "percent_covered_display": "91.11", "missing_lines": 3, "excluded_lines": 85, "num_branches": 30, "num_partial_branches": 5, "covered_branches": 25, "missing_branches": 5}, "missing_lines": [138, 171, 172], "excluded_lines": [212, 213, 214, 215, 216, 217, 220, 221, 222, 224, 225, 226, 227, 228, 229, 230, 233, 234, 235, 236, 237, 239, 242, 243, 244, 246, 248, 249, 250, 251, 252, 255, 270, 271, 272, 275, 276, 277, 278, 279, 282, 283, 284, 285, 286, 289, 290, 291, 292, 293, 295, 296, 297, 298, 300, 302, 303, 304, 306, 307, 308, 310, 312, 314, 316, 317, 319, 320, 322, 323, 324, 325, 328, 329, 330, 332, 333, 334, 335, 336, 338, 340, 341, 344, 345], "executed_branches": [[40, 41], [40, 43], [48, 49], [48, 50], [116, 117], [123, 124], [125, 126], [125, 129], [129, 130], [129, 131], [131, 132], [131, 135], [135, 136], [135, 137], [137, 141], [141, 142], [141, 148], [148, 149], [148, 152], [152, 153], [152, 156], [156, 157], [156, 158], [162, 163], [169, 174]], "missing_branches": [[116, 120], [123, 125], [137, 138], [162, 166], [169, 171]]}}}, "src/embedding_cache.py": {"executed_lines": [], "summary": {"covered_lines": 0, "num_statements": 203, "percent_covered": 0.0, "percent_covered_display": "0.00", "missing_lines": 203, "excluded_lines": 0, "num_branches": 50, "num_partial_branches": 0, "covered_branches": 0, "missing_branches": 50}, "missing_lines": [46, 47, 48, 49, 51, 52, 54, 55, 56, 58, 61, 62, 81, 82, 83, 84, 85, 86, 87, 88, 89, 90, 91, 92, 94, 95, 105, 120, 122, 137, 147, 149, 151, 164, 188, 196, 197, 198, 199, 201, 206, 219, 226, 227, 228, 230, 235, 237, 244, 245, 247, 248, 253, 255, 262, 264, 273, 275, 285, 288, 297, 299, 300, 301, 303, 308, 309, 310, 311, 312, 314, 316, 317, 319, 335, 336, 338, 340, 341, 344, 346, 351, 353, 355, 363, 364, 367, 368, 369, 370, 371, 373, 374, 376, 378, 379, 384, 386, 393, 394, 400, 401, 403, 416, 431, 432, 435, 436, 438, 439, 444, 445, 450, 451, 457, 459, 460, 462, 463, 467, 476, 497, 504, 505, 508, 509, 511, 513, 528, 529, 531, 532, 537, 539, 540, 545, 547, 548, 549, 551, 553, 565, 566, 567, 570, 572, 581, 582, 583, 585, 592, 593, 594, 595, 597, 598, 600, 622, 623, 626, 627, 629, 630, 633, 636, 638, 640, 661, 662, 664, 666, 667, 668, 671, 672, 673, 675, 676, 677, 679, 681, 682, 685, 686, 692, 695, 696, 697, 700, 702, 707, 709, 717, 718, 719, 720, 721, 722, 723, 725, 735, 736, 740], "excluded_lines": [], "executed_branches": [], "missing_branches": [[247, 248], [247, 253], [299, 300], [299, 303], [308, 309], [308, 314], [335, 336], [335, 338], [340, 341], [340, 346], [353, 355], [353, 378], [363, 364], [363, 367], [367, 368], [367, 373], [438, 439], [438, 444], [444, 445], [444, 450], [450, 451], [450, 457], [459, 460], [459, 462], [462, 463], [462, 467], [528, 529], [528, 531], [531, 532], [531, 539], [539, 540], [539, 547], [547, 548], [547, 551], [565, 566], [565, 570], [627, 629], [627, 633], [661, 662], [661, 664], [671, 672], [671, 685], [676, 677], [676, 681], [685, 686], [685, 700], [695, 696], [695, 700], [717, -709], [717, 718]], "functions": {"CacheStats.from_dict": {"executed_lines": [], "summary": {"covered_lines": 0, "num_statements": 1, "percent_covered": 0.0, "percent_covered_display": "0.00", "missing_lines": 1, "excluded_lines": 0, "num_branches": 0, "num_partial_branches": 0, "covered_branches": 0, "missing_branches": 0}, "missing_lines": [105], "excluded_lines": [], "executed_branches": [], "missing_branches": []}, "CacheStats.to_dict": {"executed_lines": [], "summary": {"covered_lines": 0, "num_statements": 1, "percent_covered": 0.0, "percent_covered_display": "0.00", "missing_lines": 1, "excluded_lines": 0, "num_branches": 0, "num_partial_branches": 0, "covered_branches": 0, "missing_branches": 0}, "missing_lines": [122], "excluded_lines": [], "executed_branches": [], "missing_branches": []}, "CacheStats.is_healthy": {"executed_lines": [], "summary": {"covered_lines": 0, "num_statements": 1, "percent_covered": 0.0, "percent_covered_display": "0.00", "missing_lines": 1, "excluded_lines": 0, "num_branches": 0, "num_partial_branches": 0, "covered_branches": 0, "missing_branches": 0}, "missing_lines": [147], "excluded_lines": [], "executed_branches": [], "missing_branches": []}, "CacheStats.__str__": {"executed_lines": [], "summary": {"covered_lines": 0, "num_statements": 1, "percent_covered": 0.0, "percent_covered_display": "0.00", "missing_lines": 1, "excluded_lines": 0, "num_branches": 0, "num_partial_branches": 0, "covered_branches": 0, "missing_branches": 0}, "missing_lines": [151], "excluded_lines": [], "executed_branches": [], "missing_branches": []}, "CacheMonitor.__init__": {"executed_lines": [], "summary": {"covered_lines": 0, "num_statements": 5, "percent_covered": 0.0, "percent_covered_display": "0.00", "missing_lines": 5, "excluded_lines": 0, "num_branches": 0, "num_partial_branches": 0, "covered_branches": 0, "missing_branches": 0}, "missing_lines": [196, 197, 198, 199, 201], "excluded_lines": [], "executed_branches": [], "missing_branches": []}, "CacheMonitor.get_cache_size_mb": {"executed_lines": [], "summary": {"covered_lines": 0, "num_statements": 6, "percent_covered": 0.0, "percent_covered_display": "0.00", "missing_lines": 6, "excluded_lines": 0, "num_branches": 0, "num_partial_branches": 0, "covered_branches": 0, "missing_branches": 0}, "missing_lines": [219, 226, 227, 228, 230, 235], "excluded_lines": [], "executed_branches": [], "missing_branches": []}, "CacheMonitor.is_over_limit": {"executed_lines": [], "summary": {"covered_lines": 0, "num_statements": 5, "percent_covered": 0.0, "percent_covered_display": "0.00", "missing_lines": 5, "excluded_lines": 0, "num_branches": 2, "num_partial_branches": 0, "covered_branches": 0, "missing_branches": 2}, "missing_lines": [244, 245, 247, 248, 253], "excluded_lines": [], "executed_branches": [], "missing_branches": [[247, 248], [247, 253]]}, "CacheMonitor.get_expired_count": {"executed_lines": [], "summary": {"covered_lines": 0, "num_statements": 3, "percent_covered": 0.0, "percent_covered_display": "0.00", "missing_lines": 3, "excluded_lines": 0, "num_branches": 0, "num_partial_branches": 0, "covered_branches": 0, "missing_branches": 0}, "missing_lines": [262, 264, 273], "excluded_lines": [], "executed_branches": [], "missing_branches": []}, "CacheMonitor.cleanup_expired_entries": {"executed_lines": [], "summary": {"covered_lines": 0, "num_statements": 15, "percent_covered": 0.0, "percent_covered_display": "0.00", "missing_lines": 15, "excluded_lines": 0, "num_branches": 4, "num_partial_branches": 0, "covered_branches": 0, "missing_branches": 4}, "missing_lines": [285, 288, 297, 299, 300, 301, 303, 308, 309, 310, 311, 312, 314, 316, 317], "excluded_lines": [], "executed_branches": [], "missing_branches": [[299, 300], [299, 303], [308, 309], [308, 314]]}, "CacheMonitor.cleanup_oldest_entries": {"executed_lines": [], "summary": {"covered_lines": 0, "num_statements": 23, "percent_covered": 0.0, "percent_covered_display": "0.00", "missing_lines": 23, "excluded_lines": 0, "num_branches": 10, "num_partial_branches": 0, "covered_branches": 0, "missing_branches": 10}, "missing_lines": [335, 336, 338, 340, 341, 344, 346, 351, 353, 355, 363, 364, 367, 368, 369, 370, 371, 373, 374, 376, 378, 379, 384], "excluded_lines": [], "executed_branches": [], "missing_branches": [[335, 336], [335, 338], [340, 341], [340, 346], [353, 355], [353, 378], [363, 364], [363, 367], [367, 368], [367, 373]]}, "CacheMonitor.get_cache_statistics": {"executed_lines": [], "summary": {"covered_lines": 0, "num_statements": 5, "percent_covered": 0.0, "percent_covered_display": "0.00", "missing_lines": 5, "excluded_lines": 0, "num_branches": 0, "num_partial_branches": 0, "covered_branches": 0, "missing_branches": 0}, "missing_lines": [393, 394, 400, 401, 403], "excluded_lines": [], "executed_branches": [], "missing_branches": []}, "monitor_cache_health": {"executed_lines": [], "summary": {"covered_lines": 0, "num_statements": 16, "percent_covered": 0.0, "percent_covered_display": "0.00", "missing_lines": 16, "excluded_lines": 0, "num_branches": 10, "num_partial_branches": 0, "covered_branches": 0, "missing_branches": 10}, "missing_lines": [431, 432, 435, 436, 438, 439, 444, 445, 450, 451, 457, 459, 460, 462, 463, 467], "excluded_lines": [], "executed_branches": [], "missing_branches": [[438, 439], [438, 444], [444, 445], [444, 450], [450, 451], [450, 457], [459, 460], [459, 462], [462, 463], [462, 467]]}, "EmbeddingCache.__init__": {"executed_lines": [], "summary": {"covered_lines": 0, "num_statements": 5, "percent_covered": 0.0, "percent_covered_display": "0.00", "missing_lines": 5, "excluded_lines": 0, "num_branches": 0, "num_partial_branches": 0, "covered_branches": 0, "missing_branches": 0}, "missing_lines": [504, 505, 508, 509, 511], "excluded_lines": [], "executed_branches": [], "missing_branches": []}, "EmbeddingCache._is_cache_valid": {"executed_lines": [], "summary": {"covered_lines": 0, "num_statements": 12, "percent_covered": 0.0, "percent_covered_display": "0.00", "missing_lines": 12, "excluded_lines": 0, "num_branches": 8, "num_partial_branches": 0, "covered_branches": 0, "missing_branches": 8}, "missing_lines": [528, 529, 531, 532, 537, 539, 540, 545, 547, 548, 549, 551], "excluded_lines": [], "executed_branches": [], "missing_branches": [[528, 529], [528, 531], [531, 532], [531, 539], [539, 540], [539, 547], [547, 548], [547, 551]]}, "EmbeddingCache._load_from_db": {"executed_lines": [], "summary": {"covered_lines": 0, "num_statements": 8, "percent_covered": 0.0, "percent_covered_display": "0.00", "missing_lines": 8, "excluded_lines": 0, "num_branches": 2, "num_partial_branches": 0, "covered_branches": 0, "missing_branches": 2}, "missing_lines": [565, 566, 567, 570, 572, 581, 582, 583], "excluded_lines": [], "executed_branches": [], "missing_branches": [[565, 566], [565, 570]]}, "EmbeddingCache._save_to_db": {"executed_lines": [], "summary": {"covered_lines": 0, "num_statements": 6, "percent_covered": 0.0, "percent_covered_display": "0.00", "missing_lines": 6, "excluded_lines": 0, "num_branches": 0, "num_partial_branches": 0, "covered_branches": 0, "missing_branches": 0}, "missing_lines": [592, 593, 594, 595, 597, 598], "excluded_lines": [], "executed_branches": [], "missing_branches": []}, "EmbeddingCache.get_or_generate_embedding": {"executed_lines": [], "summary": {"covered_lines": 0, "num_statements": 9, "percent_covered": 0.0, "percent_covered_display": "0.00", "missing_lines": 9, "excluded_lines": 0, "num_branches": 2, "num_partial_branches": 0, "covered_branches": 0, "missing_branches": 2}, "missing_lines": [622, 623, 626, 627, 629, 630, 633, 636, 638], "excluded_lines": [], "executed_branches": [], "missing_branches": [[627, 629], [627, 633]]}, "EmbeddingCache.batch_get_or_generate_embeddings": {"executed_lines": [], "summary": {"covered_lines": 0, "num_statements": 24, "percent_covered": 0.0, "percent_covered_display": "0.00", "missing_lines": 24, "excluded_lines": 0, "num_branches": 10, "num_partial_branches": 0, "covered_branches": 0, "missing_branches": 10}, "missing_lines": [661, 662, 664, 666, 667, 668, 671, 672, 673, 675, 676, 677, 679, 681, 682, 685, 686, 692, 695, 696, 697, 700, 702, 707], "excluded_lines": [], "executed_branches": [], "missing_branches": [[661, 662], [661, 664], [671, 672], [671, 685], [676, 677], [676, 681], [685, 686], [685, 700], [695, 696], [695, 700]]}, "EmbeddingCache.invalidate_cache": {"executed_lines": [], "summary": {"covered_lines": 0, "num_statements": 7, "percent_covered": 0.0, "percent_covered_display": "0.00", "missing_lines": 7, "excluded_lines": 0, "num_branches": 2, "num_partial_branches": 0, "covered_branches": 0, "missing_branches": 2}, "missing_lines": [717, 718, 719, 720, 721, 722, 723], "excluded_lines": [], "executed_branches": [], "missing_branches": [[717, -709], [717, 718]]}, "EmbeddingCache.get_cache_stats": {"executed_lines": [], "summary": {"covered_lines": 0, "num_statements": 3, "percent_covered": 0.0, "percent_covered_display": "0.00", "missing_lines": 3, "excluded_lines": 0, "num_branches": 0, "num_partial_branches": 0, "covered_branches": 0, "missing_branches": 0}, "missing_lines": [735, 736, 740], "excluded_lines": [], "executed_branches": [], "missing_branches": []}, "": {"executed_lines": [], "summary": {"covered_lines": 0, "num_statements": 47, "percent_covered": 0.0, "percent_covered_display": "0.00", "missing_lines": 47, "excluded_lines": 0, "num_branches": 0, "num_partial_branches": 0, "covered_branches": 0, "missing_branches": 0}, "missing_lines": [46, 47, 48, 49, 51, 52, 54, 55, 56, 58, 61, 62, 81, 82, 83, 84, 85, 86, 87, 88, 89, 90, 91, 92, 94, 95, 120, 137, 149, 164, 188, 206, 237, 255, 275, 319, 386, 416, 476, 497, 513, 553, 585, 600, 640, 709, 725], "excluded_lines": [], "executed_branches": [], "missing_branches": []}}, "classes": {"CacheStats": {"executed_lines": [], "summary": {"covered_lines": 0, "num_statements": 4, "percent_covered": 0.0, "percent_covered_display": "0.00", "missing_lines": 4, "excluded_lines": 0, "num_branches": 0, "num_partial_branches": 0, "covered_branches": 0, "missing_branches": 0}, "missing_lines": [105, 122, 147, 151], "excluded_lines": [], "executed_branches": [], "missing_branches": []}, "CacheMonitor": {"executed_lines": [], "summary": {"covered_lines": 0, "num_statements": 62, "percent_covered": 0.0, "percent_covered_display": "0.00", "missing_lines": 62, "excluded_lines": 0, "num_branches": 16, "num_partial_branches": 0, "covered_branches": 0, "missing_branches": 16}, "missing_lines": [196, 197, 198, 199, 201, 219, 226, 227, 228, 230, 235, 244, 245, 247, 248, 253, 262, 264, 273, 285, 288, 297, 299, 300, 301, 303, 308, 309, 310, 311, 312, 314, 316, 317, 335, 336, 338, 340, 341, 344, 346, 351, 353, 355, 363, 364, 367, 368, 369, 370, 371, 373, 374, 376, 378, 379, 384, 393, 394, 400, 401, 403], "excluded_lines": [], "executed_branches": [], "missing_branches": [[247, 248], [247, 253], [299, 300], [299, 303], [308, 309], [308, 314], [335, 336], [335, 338], [340, 341], [340, 346], [353, 355], [353, 378], [363, 364], [363, 367], [367, 368], [367, 373]]}, "EmbeddingCache": {"executed_lines": [], "summary": {"covered_lines": 0, "num_statements": 74, "percent_covered": 0.0, "percent_covered_display": "0.00", "missing_lines": 74, "excluded_lines": 0, "num_branches": 24, "num_partial_branches": 0, "covered_branches": 0, "missing_branches": 24}, "missing_lines": [504, 505, 508, 509, 511, 528, 529, 531, 532, 537, 539, 540, 545, 547, 548, 549, 551, 565, 566, 567, 570, 572, 581, 582, 583, 592, 593, 594, 595, 597, 598, 622, 623, 626, 627, 629, 630, 633, 636, 638, 661, 662, 664, 666, 667, 668, 671, 672, 673, 675, 676, 677, 679, 681, 682, 685, 686, 692, 695, 696, 697, 700, 702, 707, 717, 718, 719, 720, 721, 722, 723, 735, 736, 740], "excluded_lines": [], "executed_branches": [], "missing_branches": [[528, 529], [528, 531], [531, 532], [531, 539], [539, 540], [539, 547], [547, 548], [547, 551], [565, 566], [565, 570], [627, 629], [627, 633], [661, 662], [661, 664], [671, 672], [671, 685], [676, 677], [676, 681], [685, 686], [685, 700], [695, 696], [695, 700], [717, -709], [717, 718]]}, "": {"executed_lines": [], "summary": {"covered_lines": 0, "num_statements": 63, "percent_covered": 0.0, "percent_covered_display": "0.00", "missing_lines": 63, "excluded_lines": 0, "num_branches": 10, "num_partial_branches": 0, "covered_branches": 0, "missing_branches": 10}, "missing_lines": [46, 47, 48, 49, 51, 52, 54, 55, 56, 58, 61, 62, 81, 82, 83, 84, 85, 86, 87, 88, 89, 90, 91, 92, 94, 95, 120, 137, 149, 164, 188, 206, 237, 255, 275, 319, 386, 416, 431, 432, 435, 436, 438, 439, 444, 445, 450, 451, 457, 459, 460, 462, 463, 467, 476, 497, 513, 553, 585, 600, 640, 709, 725], "excluded_lines": [], "executed_branches": [], "missing_branches": [[438, 439], [438, 444], [444, 445], [444, 450], [450, 451], [450, 457], [459, 460], [459, 462], [462, 463], [462, 467]]}}}, "src/embeddings.py": {"executed_lines": [1, 33, 34, 35, 36, 37, 39, 40, 42, 43, 45, 48, 49, 50, 53, 54, 55, 66, 67, 68, 69, 70, 71, 74, 75, 97, 114, 115, 116, 117, 118, 121, 122, 125, 126, 127, 128, 130, 136, 147, 148, 150, 159, 161, 162, 164, 165, 166, 168, 169, 171, 173, 181, 182, 183, 184, 186, 187, 188, 190, 205, 206, 209, 210, 211, 212, 213, 216, 217, 221, 224, 225, 227, 228, 229, 230, 234, 237, 238, 247, 254, 255, 257, 258, 259, 260, 262, 263, 265, 283, 284, 289, 292, 300, 302, 305, 307, 308, 320, 322, 329, 332, 333, 335, 340, 342, 364, 365, 368, 369, 370, 371, 374, 375, 376, 378, 379, 380, 383, 384, 386, 389, 399, 400, 402, 403, 405, 428, 429, 431, 433, 434, 435, 436, 439, 440, 441, 442, 445, 446, 447, 448, 451, 452, 453, 455, 456, 457, 458, 461, 462, 465, 466, 467, 473, 474, 475, 476, 479, 482, 485, 494, 496, 498, 501, 504, 505, 506, 513, 515, 531, 532, 534, 537, 541, 554, 560, 561, 562, 563, 564, 565, 566], "summary": {"covered_lines": 180, "num_statements": 181, "percent_covered": 98.63013698630137, "percent_covered_display": "98.63", "missing_lines": 1, "excluded_lines": 0, "num_branches": 38, "num_partial_branches": 2, "covered_branches": 36, "missing_branches": 2}, "missing_lines": [303], "excluded_lines": [], "executed_branches": [[159, 161], [159, 171], [181, 182], [181, 186], [205, 206], [205, 209], [211, 212], [211, 216], [216, 217], [216, 224], [224, 225], [224, 237], [229, 230], [229, 237], [254, 255], [254, 257], [283, 284], [283, 289], [302, 305], [369, 370], [369, 374], [375, 376], [375, 383], [428, 429], [428, 431], [439, 440], [439, 465], [446, 447], [446, 451], [452, 453], [452, 461], [465, 466], [473, 474], [473, 501], [482, 473], [482, 485]], "missing_branches": [[302, 303], [465, 501]], "functions": {"EmbeddingGenerator.__init__": {"executed_lines": [114, 115, 116, 117, 118, 121, 122, 125, 126, 127, 128, 130], "summary": {"covered_lines": 12, "num_statements": 12, "percent_covered": 100.0, "percent_covered_display": "100.00", "missing_lines": 0, "excluded_lines": 0, "num_branches": 0, "num_partial_branches": 0, "covered_branches": 0, "missing_branches": 0}, "missing_lines": [], "excluded_lines": [], "executed_branches": [], "missing_branches": []}, "EmbeddingGenerator._compute_cache_key": {"executed_lines": [147, 148], "summary": {"covered_lines": 2, "num_statements": 2, "percent_covered": 100.0, "percent_covered_display": "100.00", "missing_lines": 0, "excluded_lines": 0, "num_branches": 0, "num_partial_branches": 0, "covered_branches": 0, "missing_branches": 0}, "missing_lines": [], "excluded_lines": [], "executed_branches": [], "missing_branches": []}, "EmbeddingGenerator._get_from_cache": {"executed_lines": [159, 161, 162, 164, 165, 166, 168, 169, 171], "summary": {"covered_lines": 9, "num_statements": 9, "percent_covered": 100.0, "percent_covered_display": "100.00", "missing_lines": 0, "excluded_lines": 0, "num_branches": 2, "num_partial_branches": 0, "covered_branches": 2, "missing_branches": 0}, "missing_lines": [], "excluded_lines": [], "executed_branches": [[159, 161], [159, 171]], "missing_branches": []}, "EmbeddingGenerator._add_to_cache": {"executed_lines": [181, 182, 183, 184, 186, 187, 188], "summary": {"covered_lines": 7, "num_statements": 7, "percent_covered": 100.0, "percent_covered_display": "100.00", "missing_lines": 0, "excluded_lines": 0, "num_branches": 2, "num_partial_branches": 0, "covered_branches": 2, "missing_branches": 0}, "missing_lines": [], "excluded_lines": [], "executed_branches": [[181, 182], [181, 186]], "missing_branches": []}, "EmbeddingGenerator._get_from_db_cache": {"executed_lines": [205, 206, 209, 210, 211, 212, 213, 216, 217, 221, 224, 225, 227, 228, 229, 230, 234, 237, 238], "summary": {"covered_lines": 19, "num_statements": 19, "percent_covered": 100.0, "percent_covered_display": "100.00", "missing_lines": 0, "excluded_lines": 0, "num_branches": 10, "num_partial_branches": 0, "covered_branches": 10, "missing_branches": 0}, "missing_lines": [], "excluded_lines": [], "executed_branches": [[205, 206], [205, 209], [211, 212], [211, 216], [216, 217], [216, 224], [224, 225], [224, 237], [229, 230], [229, 237]], "missing_branches": []}, "EmbeddingGenerator._save_to_db_cache": {"executed_lines": [254, 255, 257, 258, 259, 260, 262, 263], "summary": {"covered_lines": 8, "num_statements": 8, "percent_covered": 100.0, "percent_covered_display": "100.00", "missing_lines": 0, "excluded_lines": 0, "num_branches": 2, "num_partial_branches": 0, "covered_branches": 2, "missing_branches": 0}, "missing_lines": [], "excluded_lines": [], "executed_branches": [[254, 255], [254, 257]], "missing_branches": []}, "EmbeddingGenerator.extract_text": {"executed_lines": [283, 284, 289, 292, 300, 302, 305], "summary": {"covered_lines": 7, "num_statements": 8, "percent_covered": 83.33333333333333, "percent_covered_display": "83.33", "missing_lines": 1, "excluded_lines": 0, "num_branches": 4, "num_partial_branches": 1, "covered_branches": 3, "missing_branches": 1}, "missing_lines": [303], "excluded_lines": [], "executed_branches": [[283, 284], [283, 289], [302, 305]], "missing_branches": [[302, 303]]}, "EmbeddingGenerator._call_embeddings_api": {"executed_lines": [320, 322, 329, 332, 333, 335, 340], "summary": {"covered_lines": 7, "num_statements": 7, "percent_covered": 100.0, "percent_covered_display": "100.00", "missing_lines": 0, "excluded_lines": 0, "num_branches": 0, "num_partial_branches": 0, "covered_branches": 0, "missing_branches": 0}, "missing_lines": [], "excluded_lines": [], "executed_branches": [], "missing_branches": []}, "EmbeddingGenerator.generate_embedding": {"executed_lines": [364, 365, 368, 369, 370, 371, 374, 375, 376, 378, 379, 380, 383, 384, 386, 389, 399, 400, 402, 403], "summary": {"covered_lines": 20, "num_statements": 20, "percent_covered": 100.0, "percent_covered_display": "100.00", "missing_lines": 0, "excluded_lines": 0, "num_branches": 4, "num_partial_branches": 0, "covered_branches": 4, "missing_branches": 0}, "missing_lines": [], "excluded_lines": [], "executed_branches": [[369, 370], [369, 374], [375, 376], [375, 383]], "missing_branches": []}, "EmbeddingGenerator.batch_generate_embeddings": {"executed_lines": [428, 429, 431, 433, 434, 435, 436, 439, 440, 441, 442, 445, 446, 447, 448, 451, 452, 453, 455, 456, 457, 458, 461, 462, 465, 466, 467, 473, 474, 475, 476, 479, 482, 485, 494, 496, 498, 501, 504, 505, 506, 513], "summary": {"covered_lines": 42, "num_statements": 42, "percent_covered": 98.21428571428571, "percent_covered_display": "98.21", "missing_lines": 0, "excluded_lines": 0, "num_branches": 14, "num_partial_branches": 1, "covered_branches": 13, "missing_branches": 1}, "missing_lines": [], "excluded_lines": [], "executed_branches": [[428, 429], [428, 431], [439, 440], [439, 465], [446, 447], [446, 451], [452, 453], [452, 461], [465, 466], [473, 474], [473, 501], [482, 473], [482, 485]], "missing_branches": [[465, 501]]}, "EmbeddingGenerator.get_cache_stats": {"executed_lines": [531, 532, 534, 537, 541], "summary": {"covered_lines": 5, "num_statements": 5, "percent_covered": 100.0, "percent_covered_display": "100.00", "missing_lines": 0, "excluded_lines": 0, "num_branches": 0, "num_partial_branches": 0, "covered_branches": 0, "missing_branches": 0}, "missing_lines": [], "excluded_lines": [], "executed_branches": [], "missing_branches": []}, "EmbeddingGenerator.clear_cache": {"executed_lines": [560, 561, 562, 563, 564, 565, 566], "summary": {"covered_lines": 7, "num_statements": 7, "percent_covered": 100.0, "percent_covered_display": "100.00", "missing_lines": 0, "excluded_lines": 0, "num_branches": 0, "num_partial_branches": 0, "covered_branches": 0, "missing_branches": 0}, "missing_lines": [], "excluded_lines": [], "executed_branches": [], "missing_branches": []}, "": {"executed_lines": [1, 33, 34, 35, 36, 37, 39, 40, 42, 43, 45, 48, 49, 50, 53, 54, 55, 66, 67, 68, 69, 70, 71, 74, 75, 97, 136, 150, 173, 190, 247, 265, 307, 308, 342, 405, 515, 554], "summary": {"covered_lines": 35, "num_statements": 35, "percent_covered": 100.0, "percent_covered_display": "100.00", "missing_lines": 0, "excluded_lines": 0, "num_branches": 0, "num_partial_branches": 0, "covered_branches": 0, "missing_branches": 0}, "missing_lines": [], "excluded_lines": [], "executed_branches": [], "missing_branches": []}}, "classes": {"EmbeddingResult": {"executed_lines": [], "summary": {"covered_lines": 0, "num_statements": 0, "percent_covered": 100.0, "percent_covered_display": "100.00", "missing_lines": 0, "excluded_lines": 0, "num_branches": 0, "num_partial_branches": 0, "covered_branches": 0, "missing_branch
[...]
covered_display": "100.00", "missing_lines": 0, "excluded_lines": 0, "num_branches": 0, "num_partial_branches": 0, "covered_branches": 0, "missing_branches": 0}, "missing_lines": [], "excluded_lines": [], "executed_branches": [], "missing_branches": []}}, "classes": {"UploadToFilesAPIStage": {"executed_lines": [51, 68, 69, 70, 71, 74, 85, 90, 91, 92, 93, 97, 105], "summary": {"covered_lines": 13, "num_statements": 14, "percent_covered": 85.0, "percent_covered_display": "85.00", "missing_lines": 1, "excluded_lines": 0, "num_branches": 6, "num_partial_branches": 2, "covered_branches": 4, "missing_branches": 2}, "missing_lines": [72], "excluded_lines": [], "executed_branches": [[68, 69], [68, 71], [71, 74], [92, 93]], "missing_branches": [[71, 72], [92, 97]]}, "": {"executed_lines": [1, 11, 12, 14, 16, 17, 19, 22, 23, 44, 53, 54], "summary": {"covered_lines": 10, "num_statements": 10, "percent_covered": 100.0, "percent_covered_display": "100.00", "missing_lines": 0, "excluded_lines": 0, "num_branches": 0, "num_partial_branches": 0, "covered_branches": 0, "missing_branches": 0}, "missing_lines": [], "excluded_lines": [], "executed_branches": [], "missing_branches": []}}}, "src/token_counter.py": {"executed_lines": [1, 6, 7, 9, 12, 26, 27, 30, 33, 48, 49, 50, 53, 71, 73, 74, 75, 78, 80, 88, 113, 116, 119, 120, 123, 125, 127, 141, 151, 153, 163, 164, 167, 168, 169, 171, 174, 184, 186, 187, 188, 189, 190, 191, 193, 197], "summary": {"covered_lines": 44, "num_statements": 44, "percent_covered": 100.0, "percent_covered_display": "100.00", "missing_lines": 0, "excluded_lines": 37, "num_branches": 10, "num_partial_branches": 0, "covered_branches": 10, "missing_branches": 0}, "missing_lines": [], "excluded_lines": [197, 198, 200, 203, 204, 205, 206, 207, 210, 211, 213, 217, 218, 219, 220, 223, 224, 231, 234, 236, 238, 245, 248, 249, 250, 251, 252, 253, 254, 255, 258, 259, 260, 262, 263, 264, 266], "executed_branches": [[26, 27], [26, 30], [163, 164], [163, 171], [186, 187], [186, 188], [188, 189], [188, 190], [190, 191], [190, 193]], "missing_branches": [], "functions": {"get_encoding_for_model": {"executed_lines": [26, 27, 30], "summary": {"covered_lines": 3, "num_statements": 3, "percent_covered": 100.0, "percent_covered_display": "100.00", "missing_lines": 0, "excluded_lines": 0, "num_branches": 2, "num_partial_branches": 0, "covered_branches": 2, "missing_branches": 0}, "missing_lines": [], "excluded_lines": [], "executed_branches": [[26, 27], [26, 30]], "missing_branches": []}, "estimate_tokens": {"executed_lines": [48, 49, 50], "summary": {"covered_lines": 3, "num_statements": 3, "percent_covered": 100.0, "percent_covered_display": "100.00", "missing_lines": 0, "excluded_lines": 0, "num_branches": 0, "num_partial_branches": 0, "covered_branches": 0, "missing_branches": 0}, "missing_lines": [], "excluded_lines": [], "executed_branches": [], "missing_branches": []}, "estimate_prompt_tokens": {"executed_lines": [71, 73, 74, 75, 78, 80], "summary": {"covered_lines": 6, "num_statements": 6, "percent_covered": 100.0, "percent_covered_display": "100.00", "missing_lines": 0, "excluded_lines": 0, "num_branches": 0, "num_partial_branches": 0, "covered_branches": 0, "missing_branches": 0}, "missing_lines": [], "excluded_lines": [], "executed_branches": [], "missing_branches": []}, "calculate_cost": {"executed_lines": [113, 116, 119, 120, 123, 125, 127], "summary": {"covered_lines": 7, "num_statements": 7, "percent_covered": 100.0, "percent_covered_display": "100.00", "missing_lines": 0, "excluded_lines": 0, "num_branches": 0, "num_partial_branches": 0, "covered_branches": 0, "missing_branches": 0}, "missing_lines": [], "excluded_lines": [], "executed_branches": [], "missing_branches": []}, "format_cost_report": {"executed_lines": [151, 153, 163, 164, 167, 168, 169, 171], "summary": {"covered_lines": 8, "num_statements": 8, "percent_covered": 100.0, "percent_covered_display": "100.00", "missing_lines": 0, "excluded_lines": 0, "num_branches": 2, "num_partial_branches": 0, "covered_branches": 2, "missing_branches": 0}, "missing_lines": [], "excluded_lines": [], "executed_branches": [[163, 164], [163, 171]], "missing_branches": []}, "check_cost_alerts": {"executed_lines": [184, 186, 187, 188, 189, 190, 191, 193], "summary": {"covered_lines": 8, "num_statements": 8, "percent_covered": 100.0, "percent_covered_display": "100.00", "missing_lines": 0, "excluded_lines": 0, "num_branches": 6, "num_partial_branches": 0, "covered_branches": 6, "missing_branches": 0}, "missing_lines": [], "excluded_lines": [], "executed_branches": [[186, 187], [186, 188], [188, 189], [188, 190], [190, 191], [190, 193]], "missing_branches": []}, "": {"executed_lines": [1, 6, 7, 9, 12, 33, 53, 88, 141, 174, 197], "summary": {"covered_lines": 9, "num_statements": 9, "percent_covered": 100.0, "percent_covered_display": "100.00", "missing_lines": 0, "excluded_lines": 37, "num_branches": 0, "num_partial_branches": 0, "covered_branches": 0, "missing_branches": 0}, "missing_lines": [], "excluded_lines": [197, 198, 200, 203, 204, 205, 206, 207, 210, 211, 213, 217, 218, 219, 220, 223, 224, 231, 234, 236, 238, 245, 248, 249, 250, 251, 252, 253, 254, 255, 258, 259, 260, 262, 263, 264, 266], "executed_branches": [], "missing_branches": []}}, "classes": {"": {"executed_lines": [1, 6, 7, 9, 12, 26, 27, 30, 33, 48, 49, 50, 53, 71, 73, 74, 75, 78, 80, 88, 113, 116, 119, 120, 123, 125, 127, 141, 151, 153, 163, 164, 167, 168, 169, 171, 174, 184, 186, 187, 188, 189, 190, 191, 193, 197], "summary": {"covered_lines": 44, "num_statements": 44, "percent_covered": 100.0, "percent_covered_display": "100.00", "missing_lines": 0, "excluded_lines": 37, "num_branches": 10, "num_partial_branches": 0, "covered_branches": 10, "missing_branches": 0}, "missing_lines": [], "excluded_lines": [197, 198, 200, 203, 204, 205, 206, 207, 210, 211, 213, 217, 218, 219, 220, 223, 224, 231, 234, 236, 238, 245, 248, 249, 250, 251, 252, 253, 254, 255, 258, 259, 260, 262, 263, 264, 266], "executed_branches": [[26, 27], [26, 30], [163, 164], [163, 171], [186, 187], [186, 188], [188, 189], [188, 190], [190, 191], [190, 193]], "missing_branches": []}}}, "src/transactions.py": {"executed_lines": [1, 8, 9, 10, 11, 12, 14, 17, 18, 50, 51, 54, 56, 57, 58, 61, 62, 63, 65, 67, 68, 71, 72, 73, 74, 76, 81, 82, 83, 84, 85, 88, 91, 93, 95, 97, 98, 99, 102, 106, 108], "summary": {"covered_lines": 40, "num_statements": 40, "percent_covered": 100.0, "percent_covered_display": "100.00", "missing_lines": 0, "excluded_lines": 0, "num_branches": 4, "num_partial_branches": 0, "covered_branches": 4, "missing_branches": 0}, "missing_lines": [], "excluded_lines": [], "executed_branches": [[50, 51], [50, 54], [81, 82], [81, 106]], "missing_branches": [], "functions": {"compensating_transaction": {"executed_lines": [50, 51, 54, 56, 57, 58, 61, 62, 63, 65, 67, 68, 71, 72, 73, 74, 76, 81, 82, 83, 84, 85, 88, 91, 93, 95, 97, 98, 99, 102, 106, 108], "summary": {"covered_lines": 32, "num_statements": 32, "percent_covered": 100.0, "percent_covered_display": "100.00", "missing_lines": 0, "excluded_lines": 0, "num_branches": 4, "num_partial_branches": 0, "covered_branches": 4, "missing_branches": 0}, "missing_lines": [], "excluded_lines": [], "executed_branches": [[50, 51], [50, 54], [81, 82], [81, 106]], "missing_branches": []}, "": {"executed_lines": [1, 8, 9, 10, 11, 12, 14, 17, 18], "summary": {"covered_lines": 8, "num_statements": 8, "percent_covered": 100.0, "percent_covered_display": "100.00", "missing_lines": 0, "excluded_lines": 0, "num_branches": 0, "num_partial_branches": 0, "covered_branches": 0, "missing_branches": 0}, "missing_lines": [], "excluded_lines": [], "executed_branches": [], "missing_branches": []}}, "classes": {"": {"executed_lines": [1, 8, 9, 10, 11, 12, 14, 17, 18, 50, 51, 54, 56, 57, 58, 61, 62, 63, 65, 67, 68, 71, 72, 73, 74, 76, 81, 82, 83, 84, 85, 88, 91, 93, 95, 97, 98, 99, 102, 106, 108], "summary": {"covered_lines": 40, "num_statements": 40, "percent_covered": 100.0, "percent_covered_display": "100.00", "missing_lines": 0, "excluded_lines": 0, "num_branches": 4, "num_partial_branches": 0, "covered_branches": 4, "missing_branches": 0}, "missing_lines": [], "excluded_lines": [], "executed_branches": [[50, 51], [50, 54], [81, 82], [81, 106]], "missing_branches": []}}}, "src/vector_store.py": {"executed_lines": [1, 20, 21, 22, 23, 24, 25, 26, 27, 28, 29, 31, 34, 35, 38, 39, 41, 42, 43, 44, 47, 48, 49, 51, 52, 53, 54, 55, 56, 58, 59, 61, 64, 65, 75, 82, 83, 84, 85, 87, 101, 103, 104, 105, 107, 109, 110, 111, 112, 113, 114, 118, 119, 123, 126, 128, 129, 131, 138, 139, 142, 143, 146, 147, 149, 150, 183, 186, 187, 189, 190, 195, 196, 198, 200, 202, 211, 212, 214, 220, 226, 231, 233, 235, 243, 253, 255, 256, 257, 267, 275, 291, 292, 293, 296, 297, 298, 304, 309, 311, 316, 319, 328, 331, 333, 362, 364, 369, 371, 373, 374, 375, 376, 382, 385, 386, 387, 388, 389, 390, 398, 399, 404, 413, 414, 423, 425, 426, 567, 577, 581, 583, 585, 591, 596, 598, 607, 610, 611, 612, 615, 619], "summary": {"covered_lines": 137, "num_statements": 174, "percent_covered": 73.14814814814815, "percent_covered_display": "73.15", "missing_lines": 37, "excluded_lines": 62, "num_branches": 42, "num_partial_branches": 3, "covered_branches": 21, "missing_branches": 21}, "missing_lines": [227, 460, 461, 463, 464, 467, 468, 470, 479, 481, 491, 494, 503, 506, 514, 516, 518, 524, 525, 528, 529, 530, 531, 532, 533, 542, 543, 546, 548, 557, 559, 560, 565, 578, 579, 593, 594], "excluded_lines": [619, 620, 621, 622, 624, 625, 626, 629, 630, 631, 632, 633, 634, 635, 636, 639, 640, 641, 654, 655, 657, 658, 660, 661, 662, 663, 664, 665, 668, 669, 670, 671, 674, 675, 678, 679, 681, 682, 683, 684, 687, 688, 689, 690, 693, 694, 696, 704, 705, 706, 707, 708, 709, 711, 712, 714, 715, 716, 717, 718, 719, 720], "executed_branches": [[103, 104], [103, 118], [142, 143], [142, 146], [186, 187], [186, 189], [189, 190], [189, 195], [195, 196], [195, 198], [226, 231], [297, 298], [297, 304], [311, 316], [311, 319], [374, 375], [374, 385], [385, 386], [385, 413], [577, 581], [611, 612]], "missing_branches": [[226, 227], [460, 461], [460, 463], [463, 464], [463, 467], [467, 468], [467, 470], [516, 518], [516, 542], [524, 525], [524, 542], [528, 529], [528, 542], [529, 528], [529, 530], [530, 528], [530, 531], [531, 530], [531, 532], [577, 578], [611, 615]], "functions": {"UploadResult.success": {"executed_lines": [61], "summary": {"covered_lines": 1, "num_statements": 1, "percent_covered": 100.0, "percent_covered_display": "100.00", "missing_lines": 0, "excluded_lines": 0, "num_branches": 0, "num_partial_branches": 0, "covered_branches": 0, "missing_branches": 0}, "missing_lines": [], "excluded_lines": [], "executed_branches": [], "missing_branches": []}, "VectorStoreManager.__init__": {"executed_lines": [82, 83, 84, 85], "summary": {"covered_lines": 4, "num_statements": 4, "percent_covered": 100.0, "percent_covered_display": "100.00", "missing_lines": 0, "excluded_lines": 0, "num_branches": 0, "num_partial_branches": 0, "covered_branches": 0, "missing_branches": 0}, "missing_lines": [], "excluded_lines": [], "executed_branches": [], "missing_branches": []}, "VectorStoreManager.get_or_create_vector_store": {"executed_lines": [101, 103, 104, 105, 107, 109, 110, 111, 112, 113, 114, 118, 119, 123, 126, 128, 129], "summary": {"covered_lines": 17, "num_statements": 17, "percent_covered": 100.0, "percent_covered_display": "100.00", "missing_lines": 0, "excluded_lines": 0, "num_branches": 2, "num_partial_branches": 0, "covered_branches": 2, "missing_branches": 0}, "missing_lines": [], "excluded_lines": [], "executed_branches": [[103, 104], [103, 118]], "missing_branches": []}, "VectorStoreManager._save_cache": {"executed_lines": [138, 139, 142, 143, 146, 147], "summary": {"covered_lines": 6, "num_statements": 6, "percent_covered": 100.0, "percent_covered_display": "100.00", "missing_lines": 0, "excluded_lines": 0, "num_branches": 2, "num_partial_branches": 0, "covered_branches": 2, "missing_branches": 0}, "missing_lines": [], "excluded_lines": [], "executed_branches": [[142, 143], [142, 146]], "missing_branches": []}, "VectorStoreManager.add_file_to_vector_store": {"executed_lines": [183, 186, 187, 189, 190, 195, 196, 198, 200, 202, 211, 212, 214, 220, 226, 231, 233, 235, 243, 253, 255, 256, 257, 267], "summary": {"covered_lines": 24, "num_statements": 25, "percent_covered": 93.93939393939394, "percent_covered_display": "93.94", "missing_lines": 1, "excluded_lines": 0, "num_branches": 8, "num_partial_branches": 1, "covered_branches": 7, "missing_branches": 1}, "missing_lines": [227], "excluded_lines": [], "executed_branches": [[186, 187], [186, 189], [189, 190], [189, 195], [195, 196], [195, 198], [226, 231]], "missing_branches": [[226, 227]]}, "VectorStoreManager._wait_for_file_processing": {"executed_lines": [291, 292, 293, 296, 297, 298, 304, 309, 311, 316, 319, 328, 331], "summary": {"covered_lines": 13, "num_statements": 13, "percent_covered": 100.0, "percent_covered_display": "100.00", "missing_lines": 0, "excluded_lines": 0, "num_branches": 4, "num_partial_branches": 0, "covered_branches": 4, "missing_branches": 0}, "missing_lines": [], "excluded_lines": [], "executed_branches": [[297, 298], [297, 304], [311, 316], [311, 319]], "missing_branches": []}, "VectorStoreManager.batch_upload_files": {"executed_lines": [362, 364, 369, 371, 373, 374, 375, 376, 382, 385, 386, 387, 388, 389, 390, 398, 399, 404, 413, 414, 423], "summary": {"covered_lines": 21, "num_statements": 21, "percent_covered": 100.0, "percent_covered_display": "100.00", "missing_lines": 0, "excluded_lines": 0, "num_branches": 4, "num_partial_branches": 0, "covered_branches": 4, "missing_branches": 0}, "missing_lines": [], "excluded_lines": [], "executed_branches": [[374, 375], [374, 385], [385, 386], [385, 413]], "missing_branches": []}, "VectorStoreManager.search_similar_documents": {"executed_lines": [], "summary": {"covered_lines": 0, "num_statements": 32, "percent_covered": 0.0, "percent_covered_display": "0.00", "missing_lines": 32, "excluded_lines": 0, "num_branches": 18, "num_partial_branches": 0, "covered_branches": 0, "missing_branches": 18}, "missing_lines": [460, 461, 463, 464, 467, 468, 470, 479, 481, 491, 494, 503, 506, 514, 516, 518, 524, 525, 528, 529, 530, 531, 532, 533, 542, 543, 546, 548, 557, 559, 560, 565], "excluded_lines": [], "executed_branches": [], "missing_branches": [[460, 461], [460, 463], [463, 464], [463, 467], [467, 468], [467, 470], [516, 518], [516, 542], [524, 525], [524, 542], [528, 529], [528, 542], [529, 528], [529, 530], [530, 528], [530, 531], [531, 530], [531, 532]]}, "VectorStoreManager.cleanup_orphaned_files": {"executed_lines": [577, 581, 583, 585, 591, 596], "summary": {"covered_lines": 6, "num_statements": 10, "percent_covered": 58.333333333333336, "percent_covered_display": "58.33", "missing_lines": 4, "excluded_lines": 0, "num_branches": 2, "num_partial_branches": 1, "covered_branches": 1, "missing_branches": 1}, "missing_lines": [578, 579, 593, 594], "excluded_lines": [], "executed_branches": [[577, 581]], "missing_branches": [[577, 578]]}, "VectorStoreManager.rebuild_vector_store": {"executed_lines": [607, 610, 611, 612, 615], "summary": {"covered_lines": 5, "num_statements": 5, "percent_covered": 85.71428571428571, "percent_covered_display": "85.71", "missing_lines": 0, "excluded_lines": 0, "num_branches": 2, "num_partial_branches": 1, "covered_branches": 1, "missing_branches": 1}, "missing_lines": [], "excluded_lines": [], "executed_branches": [[611, 612]], "missing_branches": [[611, 615]]}, "": {"executed_lines": [1, 20, 21, 22, 23, 24, 25, 26, 27, 28, 29, 31, 34, 35, 38, 39, 41, 42, 43, 44, 47, 48, 49, 51, 52, 53, 54, 55, 56, 58, 59, 64, 65, 75, 87, 131, 149, 150, 275, 333, 425, 426, 567, 598, 619], "summary": {"covered_lines": 40, "num_statements": 40, "percent_covered": 100.0, "percent_covered_display": "100.00", "missing_lines": 0, "excluded_lines": 62, "num_branches": 0, "num_partial_branches": 0, "covered_branches": 0, "missing_branches": 0}, "missing_lines": [], "excluded_lines": [619, 620, 621, 622, 624, 625, 626, 629, 630, 631, 632, 633, 634, 635, 636, 639, 640, 641, 654, 655, 657, 658, 660, 661, 662, 663, 664, 665, 668, 669, 670, 671, 674, 675, 678, 679, 681, 682, 683, 684, 687, 688, 689, 690, 693, 694, 696, 704, 705, 706, 707, 708, 709, 711, 712, 714, 715, 716, 717, 718, 719, 720], "executed_branches": [], "missing_branches": []}}, "classes": {"FileStatus": {"executed_lines": [], "summary": {"covered_lines": 0, "num_statements": 0, "percent_covered": 100.0, "percent_covered_display": "100.00", "missing_lines": 0, "excluded_lines": 0, "num_branches": 0, "num_partial_branches": 0, "covered_branches": 0, "missing_branches": 0}, "missing_lines": [], "excluded_lines": [], "executed_branches": [], "missing_branches": []}, "UploadResult": {"executed_lines": [61], "summary": {"covered_lines": 1, "num_statements": 1, "percent_covered": 100.0, "percent_covered_display": "100.00", "missing_lines": 0, "excluded_lines": 0, "num_branches": 0, "num_partial_branches": 0, "covered_branches": 0, "missing_branches": 0}, "missing_lines": [], "excluded_lines": [], "executed_branches": [], "missing_branches": []}, "VectorStoreManager": {"executed_lines": [82, 83, 84, 85, 101, 103, 104, 105, 107, 109, 110, 111, 112, 113, 114, 118, 119, 123, 126, 128, 129, 138, 139, 142, 143, 146, 147, 183, 186, 187, 189, 190, 195, 196, 198, 200, 202, 211, 212, 214, 220, 226, 231, 233, 235, 243, 253, 255, 256, 257, 267, 291, 292, 293, 296, 297, 298, 304, 309, 311, 316, 319, 328, 331, 362, 364, 369, 371, 373, 374, 375, 376, 382, 385, 386, 387, 388, 389, 390, 398, 399, 404, 413, 414, 423, 577, 581, 583, 585, 591, 596, 607, 610, 611, 612, 615], "summary": {"covered_lines": 96, "num_statements": 133, "percent_covered": 66.85714285714286, "percent_covered_display": "66.86", "missing_lines": 37, "excluded_lines": 0, "num_branches": 42, "num_partial_branches": 3, "covered_branches": 21, "missing_branches": 21}, "missing_lines": [227, 460, 461, 463, 464, 467, 468, 470, 479, 481, 491, 494, 503, 506, 514, 516, 518, 524, 525, 528, 529, 530, 531, 532, 533, 542, 543, 546, 548, 557, 559, 560, 565, 578, 579, 593, 594], "excluded_lines": [], "executed_branches": [[103, 104], [103, 118], [142, 143], [142, 146], [186, 187], [186, 189], [189, 190], [189, 195], [195, 196], [195, 198], [226, 231], [297, 298], [297, 304], [311, 316], [311, 319], [374, 375], [374, 385], [385, 386], [385, 413], [577, 581], [611, 612]], "missing_branches": [[226, 227], [460, 461], [460, 463], [463, 464], [463, 467], [467, 468], [467, 470], [516, 518], [516, 542], [524, 525], [524, 542], [528, 529], [528, 542], [529, 528], [529, 530], [530, 528], [530, 531], [531, 530], [531, 532], [577, 578], [611, 615]]}, "": {"executed_lines": [1, 20, 21, 22, 23, 24, 25, 26, 27, 28, 29, 31, 34, 35, 38, 39, 41, 42, 43, 44, 47, 48, 49, 51, 52, 53, 54, 55, 56, 58, 59, 64, 65, 75, 87, 131, 149, 150, 275, 333, 425, 426, 567, 598, 619], "summary": {"covered_lines": 40, "num_statements": 40, "percent_covered": 100.0, "percent_covered_display": "100.00", "missing_lines": 0, "excluded_lines": 62, "num_branches": 0, "num_partial_branches": 0, "covered_branches": 0, "missing_branches": 0}, "missing_lines": [], "excluded_lines": [619, 620, 621, 622, 624, 625, 626, 629, 630, 631, 632, 633, 634, 635, 636, 639, 640, 641, 654, 655, 657, 658, 660, 661, 662, 663, 664, 665, 668, 669, 670, 671, 674, 675, 678, 679, 681, 682, 683, 684, 687, 688, 689, 690, 693, 694, 696, 704, 705, 706, 707, 708, 709, 711, 712, 714, 715, 716, 717, 718, 719, 720], "executed_branches": [], "missing_branches": []}}}}, "totals": {"covered_lines": 1647, "num_statements": 2321, "percent_covered": 68.32451499118166, "percent_covered_display": "68.32", "missing_lines": 674, "excluded_lines": 512, "num_branches": 514, "num_partial_branches": 50, "covered_branches": 290, "missing_branches": 224}}
