{"meta": {"format": 3, "version": "7.8.2", "timestamp": "2025-10-16T17:44:44.397646", "branch_coverage": true, "show_contexts": false}, "files": {"src/api_client.py": {"executed_lines": [1, 6, 7, 8, 9, 16, 17, 18, 20, 23, 26, 27, 36, 44, 45, 46, 47, 48, 50, 64, 65, 66, 67, 69, 73, 74, 75, 76, 77, 78, 79, 81, 83, 84, 85, 87, 89, 91, 92, 94, 95, 96, 99, 100, 110, 117, 118, 122, 123, 127, 128, 134, 136, 148, 173, 175, 176, 181, 182, 190, 221, 239, 240, 246, 260, 261, 264, 265, 267, 268, 269, 270, 276, 286, 288, 289, 294, 297, 299, 307], "summary": {"covered_lines": 76, "num_statements": 100, "percent_covered": 71.42857142857143, "percent_covered_display": "71.43", "missing_lines": 24, "excluded_lines": 40, "num_branches": 26, "num_partial_branches": 6, "covered_branches": 14, "missing_branches": 12}, "missing_lines": [183, 184, 188, 196, 197, 202, 203, 205, 206, 210, 211, 212, 213, 214, 215, 216, 218, 219, 244, 262, 266, 271, 272, 274], "excluded_lines": [307, 308, 309, 311, 313, 316, 317, 318, 319, 322, 323, 324, 327, 328, 329, 330, 331, 333, 335, 336, 337, 338, 341, 342, 343, 347, 355, 356, 357, 358, 361, 362, 377, 378, 380, 381, 383, 384, 386, 387], "executed_branches": [[64, 65], [64, 73], [65, 66], [65, 69], [83, 84], [83, 87], [94, -89], [94, 95], [239, 240], [261, 264], [264, 265], [265, 267], [268, 269], [269, 270]], "missing_branches": [[205, 206], [205, 210], [210, 211], [210, 218], [239, 244], [261, 262], [264, 274], [265, 266], [268, 264], [269, 271], [271, 268], [271, 272]], "functions": {"CircuitBreaker.__init__": {"executed_lines": [44, 45, 46, 47, 48], "summary": {"covered_lines": 5, "num_statements": 5, "percent_covered": 100.0, "percent_covered_display": "100.00", "missing_lines": 0, "excluded_lines": 0, "num_branches": 0, "num_partial_branches": 0, "covered_branches": 0, "missing_branches": 0}, "missing_lines": [], "excluded_lines": [], "executed_branches": [], "missing_branches": []}, "CircuitBreaker.call": {"executed_lines": [64, 65, 66, 67, 69, 73, 74, 75, 76, 77, 78, 79], "summary": {"covered_lines": 12, "num_statements": 12, "percent_covered": 100.0, "percent_covered_display": "100.00", "missing_lines": 0, "excluded_lines": 0, "num_branches": 4, "num_partial_branches": 0, "covered_branches": 4, "missing_branches": 0}, "missing_lines": [], "excluded_lines": [], "executed_branches": [[64, 65], [64, 73], [65, 66], [65, 69]], "missing_branches": []}, "CircuitBreaker._on_success": {"executed_lines": [83, 84, 85, 87], "summary": {"covered_lines": 4, "num_statements": 4, "percent_covered": 100.0, "percent_covered_display": "100.00", "missing_lines": 0, "excluded_lines": 0, "num_branches": 2, "num_partial_branches": 0, "covered_branches": 2, "missing_branches": 0}, "missing_lines": [], "excluded_lines": [], "executed_branches": [[83, 84], [83, 87]], "missing_branches": []}, "CircuitBreaker._on_failure": {"executed_lines": [91, 92, 94, 95, 96], "summary": {"covered_lines": 5, "num_statements": 5, "percent_covered": 100.0, "percent_covered_display": "100.00", "missing_lines": 0, "excluded_lines": 0, "num_branches": 2, "num_partial_branches": 0, "covered_branches": 2, "missing_branches": 0}, "missing_lines": [], "excluded_lines": [], "executed_branches": [[94, -89], [94, 95]], "missing_branches": []}, "ResponsesAPIClient.__init__": {"executed_lines": [117, 118, 122, 123, 127, 128, 134], "summary": {"covered_lines": 7, "num_statements": 7, "percent_covered": 100.0, "percent_covered_display": "100.00", "missing_lines": 0, "excluded_lines": 0, "num_branches": 0, "num_partial_branches": 0, "covered_branches": 0, "missing_branches": 0}, "missing_lines": [], "excluded_lines": [], "executed_branches": [], "missing_branches": []}, "ResponsesAPIClient._call_responses_api_with_retry": {"executed_lines": [173, 175, 176, 181, 182], "summary": {"covered_lines": 5, "num_statements": 8, "percent_covered": 62.5, "percent_covered_display": "62.50", "missing_lines": 3, "excluded_lines": 0, "num_branches": 0, "num_partial_branches": 0, "covered_branches": 0, "missing_branches": 0}, "missing_lines": [183, 184, 188], "excluded_lines": [], "executed_branches": [], "missing_branches": []}, "ResponsesAPIClient._post_with_requests": {"executed_lines": [], "summary": {"covered_lines": 0, "num_statements": 15, "percent_covered": 0.0, "percent_covered_display": "0.00", "missing_lines": 15, "excluded_lines": 0, "num_branches": 4, "num_partial_branches": 0, "covered_branches": 0, "missing_branches": 4}, "missing_lines": [196, 197, 202, 203, 205, 206, 210, 211, 212, 213, 214, 215, 216, 218, 219], "excluded_lines": [], "executed_branches": [], "missing_branches": [[205, 206], [205, 210], [210, 211], [210, 218]]}, "ResponsesAPIClient.create_response": {"executed_lines": [239, 240], "summary": {"covered_lines": 2, "num_statements": 3, "percent_covered": 60.0, "percent_covered_display": "60.00", "missing_lines": 1, "excluded_lines": 0, "num_branches": 2, "num_partial_branches": 1, "covered_branches": 1, "missing_branches": 1}, "missing_lines": [244], "excluded_lines": [], "executed_branches": [[239, 240]], "missing_branches": [[239, 244]]}, "ResponsesAPIClient.extract_output_text": {"executed_lines": [260, 261, 264, 265, 267, 268, 269, 270], "summary": {"covered_lines": 8, "num_statements": 13, "percent_covered": 52.0, "percent_covered_display": "52.00", "missing_lines": 5, "excluded_lines": 0, "num_branches": 12, "num_partial_branches": 5, "covered_branches": 5, "missing_branches": 7}, "missing_lines": [262, 266, 271, 272, 274], "excluded_lines": [], "executed_branches": [[261, 264], [264, 265], [265, 267], [268, 269], [269, 270]], "missing_branches": [[261, 262], [264, 274], [265, 266], [268, 264], [269, 271], [271, 268], [271, 272]]}, "ResponsesAPIClient.extract_usage": {"executed_lines": [286, 288, 289, 294, 297, 299], "summary": {"covered_lines": 6, "num_statements": 6, "percent_covered": 100.0, "percent_covered_display": "100.00", "missing_lines": 0, "excluded_lines": 0, "num_branches": 0, "num_partial_branches": 0, "covered_branches": 0, "missing_branches": 0}, "missing_lines": [], "excluded_lines": [], "executed_branches": [], "missing_branches": []}, "": {"executed_lines": [1, 6, 7, 8, 9, 16, 17, 18, 20, 23, 26, 27, 36, 50, 81, 89, 99, 100, 110, 136, 148, 190, 221, 246, 276, 307], "summary": {"covered_lines": 22, "num_statements": 22, "percent_covered": 100.0, "percent_covered_display": "100.00", "missing_lines": 0, "excluded_lines": 40, "num_branches": 0, "num_partial_branches": 0, "covered_branches": 0, "missing_branches": 0}, "missing_lines": [], "excluded_lines": [307, 308, 309, 311, 313, 316, 317, 318, 319, 322, 323, 324, 327, 328, 329, 330, 331, 333, 335, 336, 337, 338, 341, 342, 343, 347, 355, 356, 357, 358, 361, 362, 377, 378, 380, 381, 383, 384, 386, 387], "executed_branches": [], "missing_branches": []}}, "classes": {"CircuitBreaker": {"executed_lines": [44, 45, 46, 47, 48, 64, 65, 66, 67, 69, 73, 74, 75, 76, 77, 78, 79, 83, 84, 85, 87, 91, 92, 94, 95, 96], "summary": {"covered_lines": 26, "num_statements": 26, "percent_covered": 100.0, "percent_covered_display": "100.00", "missing_lines": 0, "excluded_lines": 0, "num_branches": 8, "num_partial_branches": 0, "covered_branches": 8, "missing_branches": 0}, "missing_lines": [], "excluded_lines": [], "executed_branches": [[64, 65], [64, 73], [65, 66], [65, 69], [83, 84], [83, 87], [94, -89], [94, 95]], "missing_branches": []}, "ResponsesAPIClient": {"executed_lines": [117, 118, 122, 123, 127, 128, 134, 173, 175, 176, 181, 182, 239, 240, 260, 261, 264, 265, 267, 268, 269, 270, 286, 288, 289, 294, 297, 299], "summary": {"covered_lines": 28, "num_statements": 52, "percent_covered": 48.57142857142857, "percent_covered_display": "48.57", "missing_lines": 24, "excluded_lines": 0, "num_branches": 18, "num_partial_branches": 6, "covered_branches": 6, "missing_branches": 12}, "missing_lines": [183, 184, 188, 196, 197, 202, 203, 205, 206, 210, 211, 212, 213, 214, 215, 216, 218, 219, 244, 262, 266, 271, 272, 274], "excluded_lines": [], "executed_branches": [[239, 240], [261, 264], [264, 265], [265, 267], [268, 269], [269, 270]], "missing_branches": [[205, 206], [205, 210], [210, 211], [210, 218], [239, 244], [261, 262], [264, 274], [265, 266], [268, 264], [269, 271], [271, 268], [271, 272]]}, "": {"executed_lines": [1, 6, 7, 8, 9, 16, 17, 18, 20, 23, 26, 27, 36, 50, 81, 89, 99, 100, 110, 136, 148, 190, 221, 246, 276, 307], "summary": {"covered_lines": 22, "num_statements": 22, "percent_covered": 100.0, "percent_covered_display": "100.00", "missing_lines": 0, "excluded_lines": 40, "num_branches": 0, "num_partial_branches": 0, "covered_branches": 0, "missing_branches": 0}, "missing_lines": [], "excluded_lines": [307, 308, 309, 311, 313, 316, 317, 318, 319, 322, 323, 324, 327, 328, 329, 330, 331, 333, 335, 336, 337, 338, 341, 342, 343, 347, 355, 356, 357, 358, 361, 362, 377, 378, 380, 381, 383, 384, 386, 387], "executed_branches": [], "missing_branches": []}}}, "src/config.py": {"executed_lines": [1, 20, 21, 22, 23, 26, 27, 54, 60, 65, 66, 67, 81, 88, 89, 93, 95, 96, 97, 104, 105, 106, 108, 109, 113, 116, 122, 129, 136, 143, 151, 158, 165, 173, 178, 183, 188, 194, 202, 207, 213, 220, 228, 233, 239, 247, 248, 250, 252, 253, 255, 257, 258, 260, 262, 270, 277, 278, 280, 282, 294, 297, 318, 319, 320, 323, 340, 344], "summary": {"covered_lines": 59, "num_statements": 62, "percent_covered": 91.66666666666667, "percent_covered_display": "91.67", "missing_lines": 3, "excluded_lines": 144, "num_branches": 10, "num_partial_branches": 1, "covered_branches": 7, "missing_branches": 3}, "missing_lines": [110, 111, 112], "excluded_lines": [262, 263, 264, 265, 266, 267, 268, 269, 270, 271, 272, 273, 274, 275, 276, 277, 278, 279, 280, 281, 282, 283, 284, 285, 286, 287, 288, 289, 290, 344, 345, 346, 348, 349, 350, 352, 361, 362, 364, 365, 367, 368, 369, 370, 371, 372, 373, 374, 377, 378, 379, 380, 382, 383, 384, 385, 386, 387, 388, 389, 390, 391, 392, 393, 394, 395, 396, 399, 400, 401, 402, 404, 405, 406, 407, 408, 409, 410, 411, 412, 415, 416, 417, 418, 419, 421, 422, 423, 424, 425, 426, 427, 428, 429, 432, 433, 434, 435, 436, 438, 439, 440, 441, 442, 443, 444, 445, 446, 447, 450, 451, 452, 453, 454, 455, 456, 462, 463, 464, 465, 467, 468, 469, 470, 471, 472, 475, 476, 477, 479, 480, 482, 483, 484, 486, 487, 489, 490, 491, 492, 493, 494, 495, 496], "executed_branches": [[88, 89], [88, 93], [105, 106], [105, 108], [109, 113], [318, 319], [318, 320]], "missing_branches": [[109, 110], [111, 112], [111, 113]], "functions": {"Config.validate_model": {"executed_lines": [81, 88, 89, 93], "summary": {"covered_lines": 4, "num_statements": 4, "percent_covered": 100.0, "percent_covered_display": "100.00", "missing_lines": 0, "excluded_lines": 0, "num_branches": 2, "num_partial_branches": 0, "covered_branches": 2, "missing_branches": 0}, "missing_lines": [], "excluded_lines": [], "executed_branches": [[88, 89], [88, 93]], "missing_branches": []}, "Config.load_openai_key_from_file": {"executed_lines": [104, 105, 106, 108, 109, 113], "summary": {"covered_lines": 6, "num_statements": 9, "percent_covered": 60.0, "percent_covered_display": "60.00", "missing_lines": 3, "excluded_lines": 0, "num_branches": 6, "num_partial_branches": 1, "covered_branches": 3, "missing_branches": 3}, "missing_lines": [110, 111, 112], "excluded_lines": [], "executed_branches": [[105, 106], [105, 108], [109, 113]], "missing_branches": [[109, 110], [111, 112], [111, 113]]}, "Config.is_production": {"executed_lines": [250], "summary": {"covered_lines": 1, "num_statements": 1, "percent_covered": 100.0, "percent_covered_display": "100.00", "missing_lines": 0, "excluded_lines": 0, "num_branches": 0, "num_partial_branches": 0, "covered_branches": 0, "missing_branches": 0}, "missing_lines": [], "excluded_lines": [], "executed_branches": [], "missing_branches": []}, "Config.is_development": {"executed_lines": [255], "summary": {"covered_lines": 1, "num_statements": 1, "percent_covered": 100.0, "percent_covered_display": "100.00", "missing_lines": 0, "excluded_lines": 0, "num_branches": 0, "num_partial_branches": 0, "covered_branches": 0, "missing_branches": 0}, "missing_lines": [], "excluded_lines": [], "executed_branches": [], "missing_branches": []}, "Config.is_staging": {"executed_lines": [260], "summary": {"covered_lines": 1, "num_statements": 1, "percent_covered": 100.0, "percent_covered_display": "100.00", "missing_lines": 0, "excluded_lines": 0, "num_branches": 0, "num_partial_branches": 0, "covered_branches": 0, "missing_branches": 0}, "missing_lines": [], "excluded_lines": [], "executed_branches": [], "missing_branches": []}, "Config.__repr__": {"executed_lines": [270, 277, 278, 280, 282], "summary": {"covered_lines": 0, "num_statements": 0, "percent_covered": 100.0, "percent_covered_display": "100.00", "missing_lines": 0, "excluded_lines": 28, "num_branches": 0, "num_partial_branches": 0, "covered_branches": 0, "missing_branches": 0}, "missing_lines": [], "excluded_lines": [263, 264, 265, 266, 267, 268, 269, 270, 271, 272, 273, 274, 275, 276, 277, 278, 279, 280, 281, 282, 283, 284, 285, 286, 287, 288, 289, 290], "executed_branches": [], "missing_branches": []}, "get_config": {"executed_lines": [318, 319, 320], "summary": {"covered_lines": 3, "num_statements": 3, "percent_covered": 100.0, "percent_covered_display": "100.00", "missing_lines": 0, "excluded_lines": 0, "num_branches": 2, "num_partial_branches": 0, "covered_branches": 2, "missing_branches": 0}, "missing_lines": [], "excluded_lines": [], "executed_branches": [[318, 319], [318, 320]], "missing_branches": []}, "reset_config": {"executed_lines": [340], "summary": {"covered_lines": 1, "num_statements": 1, "percent_covered": 100.0, "percent_covered_display": "100.00", "missing_lines": 0, "excluded_lines": 0, "num_branches": 0, "num_partial_branches": 0, "covered_branches": 0, "missing_branches": 0}, "missing_lines": [], "excluded_lines": [], "executed_branches": [], "missing_branches": []}, "": {"executed_lines": [1, 20, 21, 22, 23, 26, 27, 54, 60, 65, 66, 67, 95, 96, 97, 116, 122, 129, 136, 143, 151, 158, 165, 173, 178, 183, 188, 194, 202, 207, 213, 220, 228, 233, 239, 247, 248, 252, 253, 257, 258, 262, 294, 297, 323, 344], "summary": {"covered_lines": 42, "num_statements": 42, "percent_covered": 100.0, "percent_covered_display": "100.00", "missing_lines": 0, "excluded_lines": 116, "num_branches": 0, "num_partial_branches": 0, "covered_branches": 0, "missing_branches": 0}, "missing_lines": [], "excluded_lines": [262, 344, 345, 346, 348, 349, 350, 352, 361, 362, 364, 365, 367, 368, 369, 370, 371, 372, 373, 374, 377, 378, 379, 380, 382, 383, 384, 385, 386, 387, 388, 389, 390, 391, 392, 393, 394, 395, 396, 399, 400, 401, 402, 404, 405, 406, 407, 408, 409, 410, 411, 412, 415, 416, 417, 418, 419, 421, 422, 423, 424, 425, 426, 427, 428, 429, 432, 433, 434, 435, 436, 438, 439, 440, 441, 442, 443, 444, 445, 446, 447, 450, 451, 452, 453, 454, 455, 456, 462, 463, 464, 465, 467, 468, 469, 470, 471, 472, 475, 476, 477, 479, 480, 482, 483, 484, 486, 487, 489, 490, 491, 492, 493, 494, 495, 496], "executed_branches": [], "missing_branches": []}}, "classes": {"Config": {"executed_lines": [81, 88, 89, 93, 104, 105, 106, 108, 109, 113, 250, 255, 260, 270, 277, 278, 280, 282], "summary": {"covered_lines": 13, "num_statements": 16, "percent_covered": 75.0, "percent_covered_display": "75.00", "missing_lines": 3, "excluded_lines": 28, "num_branches": 8, "num_partial_branches": 1, "covered_branches": 5, "missing_branches": 3}, "missing_lines": [110, 111, 112], "excluded_lines": [263, 264, 265, 266, 267, 268, 269, 270, 271, 272, 273, 274, 275, 276, 277, 278, 279, 280, 281, 282, 283, 284, 285, 286, 287, 288, 289, 290], "executed_branches": [[88, 89], [88, 93], [105, 106], [105, 108], [109, 113]], "missing_branches": [[109, 110], [111, 112], [111, 113]]}, "": {"executed_lines": [1, 20, 21, 22, 23, 26, 27, 54, 60, 65, 66, 67, 95, 96, 97, 116, 122, 129, 136, 143, 151, 158, 165, 173, 178, 183, 188, 194, 202, 207, 213, 220, 228, 233, 239, 247, 248, 252, 253, 257, 258, 262, 294, 297, 318, 319, 320, 323, 340, 344], "summary": {"covered_lines": 46, "num_statements": 46, "percent_covered": 100.0, "percent_covered_display": "100.00", "missing_lines": 0, "excluded_lines": 116, "num_branches": 2, "num_partial_branches": 0, "covered_branches": 2, "missing_branches": 0}, "missing_lines": [], "excluded_lines": [262, 344, 345, 346, 348, 349, 350, 352, 361, 362, 364, 365, 367, 368, 369, 370, 371, 372, 373, 374, 377, 378, 379, 380, 382, 383, 384, 385, 386, 387, 388, 389, 390, 391, 392, 393, 394, 395, 396, 399, 400, 401, 402, 404, 405, 406, 407, 408, 409, 410, 411, 412, 415, 416, 417, 418, 419, 421, 422, 423, 424, 425, 426, 427, 428, 429, 432, 433, 434, 435, 436, 438, 439, 440, 441, 442, 443, 444, 445, 446, 447, 450, 451, 452, 453, 454, 455, 456, 462, 463, 464, 465, 467, 468, 469, 470, 471, 472, 475, 476, 477, 479, 480, 482, 483, 484, 486, 487, 489, 490, 491, 492, 493, 494, 495, 496], "executed_branches": [[318, 319], [318, 320]], "missing_branches": []}}}, "src/cost_calculator.py": {"executed_lines": [1, 30, 31, 36, 37, 38, 40, 41, 42, 44, 45, 53, 60, 66, 73, 84, 98, 99, 102, 103, 104, 105, 106, 107, 111, 113, 117, 120, 178, 179, 180, 181, 184, 185, 188, 189, 192, 195, 196, 197, 198, 202, 207, 209, 227, 242, 245, 246, 249, 250, 251, 254, 255, 256, 259, 260, 261, 262, 263, 267, 270, 271, 286, 293, 294, 296, 314, 315, 318, 322, 324, 326, 327, 329, 331, 332, 334, 336, 337, 339, 341, 342, 344, 346, 347, 349, 351, 352, 354, 356, 363, 377, 379, 380, 391, 420, 425], "summary": {"covered_lines": 94, "num_statements": 95, "percent_covered": 98.1651376146789, "percent_covered_display": "98.17", "missing_lines": 1, "excluded_lines": 0, "num_branches": 14, "num_partial_branches": 1, "covered_branches": 13, "missing_branches": 1}, "missing_lines": [108], "excluded_lines": [], "executed_branches": [[98, 99], [98, 102], [103, 104], [103, 105], [105, 106], [105, 107], [107, 111], [178, 179], [178, 180], [180, 181], [180, 184], [260, 261], [260, 267]], "missing_branches": [[107, 108]], "functions": {"PricingTier.__str__": {"executed_lines": [45], "summary": {"covered_lines": 1, "num_statements": 1, "percent_covered": 100.0, "percent_covered_display": "100.00", "missing_lines": 0, "excluded_lines": 0, "num_branches": 0, "num_partial_branches": 0, "covered_branches": 0, "missing_branches": 0}, "missing_lines": [], "excluded_lines": [], "executed_branches": [], "missing_branches": []}, "get_pricing_for_model": {"executed_lines": [98, 99, 102, 103, 104, 105, 106, 107, 111, 113, 117], "summary": {"covered_lines": 11, "num_statements": 12, "percent_covered": 90.0, "percent_covered_display": "90.00", "missing_lines": 1, "excluded_lines": 0, "num_branches": 8, "num_partial_branches": 1, "covered_branches": 7, "missing_branches": 1}, "missing_lines": [108], "excluded_lines": [], "executed_branches": [[98, 99], [98, 102], [103, 104], [103, 105], [105, 106], [105, 107], [107, 111]], "missing_branches": [[107, 108]]}, "calculate_cost": {"executed_lines": [178, 179, 180, 181, 184, 185, 188, 189, 192, 195, 196, 197, 198, 202, 207, 209], "summary": {"covered_lines": 16, "num_statements": 16, "percent_covered": 100.0, "percent_covered_display": "100.00", "missing_lines": 0, "excluded_lines": 0, "num_branches": 4, "num_partial_branches": 0, "covered_branches": 4, "missing_branches": 0}, "missing_lines": [], "excluded_lines": [], "executed_branches": [[178, 179], [178, 180], [180, 181], [180, 184]], "missing_branches": []}, "format_cost_summary": {"executed_lines": [242, 245, 246, 249, 250, 251, 254, 255, 256, 259, 260, 261, 262, 263, 267], "summary": {"covered_lines": 15, "num_statements": 15, "percent_covered": 100.0, "percent_covered_display": "100.00", "missing_lines": 0, "excluded_lines": 0, "num_branches": 2, "num_partial_branches": 0, "covered_branches": 2, "missing_branches": 0}, "missing_lines": [], "excluded_lines": [], "executed_branches": [[260, 261], [260, 267]], "missing_branches": []}, "CostTracker.__init__": {"executed_lines": [293, 294], "summary": {"covered_lines": 2, "num_statements": 2, "percent_covered": 100.0, "percent_covered_display": "100.00", "missing_lines": 0, "excluded_lines": 0, "num_branches": 0, "num_partial_branches": 0, "covered_branches": 0, "missing_branches": 0}, "missing_lines": [], "excluded_lines": [], "executed_branches": [], "missing_branches": []}, "CostTracker.add_usage": {"executed_lines": [314, 315, 318, 322, 324], "summary": {"covered_lines": 5, "num_statements": 5, "percent_covered": 100.0, "percent_covered_display": "100.00", "missing_lines": 0, "excluded_lines": 0, "num_branches": 0, "num_partial_branches": 0, "covered_branches": 0, "missing_branches": 0}, "missing_lines": [], "excluded_lines": [], "executed_branches": [], "missing_branches": []}, "CostTracker.total_cost": {"executed_lines": [329], "summary": {"covered_lines": 1, "num_statements": 1, "percent_covered": 100.0, "percent_covered_display": "100.00", "missing_lines": 0, "excluded_lines": 0, "num_branches": 0, "num_partial_branches": 0, "covered_branches": 0, "missing_branches": 0}, "missing_lines": [], "excluded_lines": [], "executed_branches": [], "missing_branches": []}, "CostTracker.total_tokens": {"executed_lines": [334], "summary": {"covered_lines": 1, "num_statements": 1, "percent_covered": 100.0, "percent_covered_display": "100.00", "missing_lines": 0, "excluded_lines": 0, "num_branches": 0, "num_partial_branches": 0, "covered_branches": 0, "missing_branches": 0}, "missing_lines": [], "excluded_lines": [], "executed_branches": [], "missing_branches": []}, "CostTracker.total_cached_tokens": {"executed_lines": [339], "summary": {"covered_lines": 1, "num_statements": 1, "percent_covered": 100.0, "percent_covered_display": "100.00", "missing_lines": 0, "excluded_lines": 0, "num_branches": 0, "num_partial_branches": 0, "covered_branches": 0, "missing_branches": 0}, "missing_lines": [], "excluded_lines": [], "executed_branches": [], "missing_branches": []}, "CostTracker.total_cache_savings": {"executed_lines": [344], "summary": {"covered_lines": 1, "num_statements": 1, "percent_covered": 100.0, "percent_covered_display": "100.00", "missing_lines": 0, "excluded_lines": 0, "num_branches": 0, "num_partial_branches": 0, "covered_branches": 0, "missing_branches": 0}, "missing_lines": [], "excluded_lines": [], "executed_branches": [], "missing_branches": []}, "CostTracker.average_cost": {"executed_lines": [349], "summary": {"covered_lines": 1, "num_statements": 1, "percent_covered": 100.0, "percent_covered_display": "100.00", "missing_lines": 0, "excluded_lines": 0, "num_branches": 0, "num_partial_branches": 0, "covered_branches": 0, "missing_branches": 0}, "missing_lines": [], "excluded_lines": [], "executed_branches": [], "missing_branches": []}, "CostTracker.request_count": {"executed_lines": [354], "summary": {"covered_lines": 1, "num_statements": 1, "percent_covered": 100.0, "percent_covered_display": "100.00", "missing_lines": 0, "excluded_lines": 0, "num_branches": 0, "num_partial_branches": 0, "covered_branches": 0, "missing_branches": 0}, "missing_lines": [], "excluded_lines": [], "executed_branches": [], "missing_branches": []}, "CostTracker.summary": {"executed_lines": [363], "summary": {"covered_lines": 1, "num_statements": 1, "percent_covered": 100.0, "percent_covered_display": "100.00", "missing_lines": 0, "excluded_lines": 0, "num_branches": 0, "num_partial_branches": 0, "covered_branches": 0, "missing_branches": 0}, "missing_lines": [], "excluded_lines": [], "executed_branches": [], "missing_branches": []}, "CostTracker.summary_text": {"executed_lines": [379, 380], "summary": {"covered_lines": 2, "num_statements": 2, "percent_covered": 100.0, "percent_covered_display": "100.00", "missing_lines": 0, "excluded_lines": 0, "num_branches": 0, "num_partial_branches": 0, "covered_branches": 0, "missing_branches": 0}, "missing_lines": [], "excluded_lines": [], "executed_branches": [], "missing_branches": []}, "estimate_cost_from_tokens": {"executed_lines": [420, 425], "summary": {"covered_lines": 2, "num_statements": 2, "percent_covered": 100.0, "percent_covered_display": "100.00", "missing_lines": 0, "excluded_lines": 0, "num_branches": 0, "num_partial_branches": 0, "covered_branches": 0, "missing_branches": 0}, "missing_lines": [], "excluded_lines": [], "executed_branches": [], "missing_branches": []}, "": {"executed_lines": [1, 30, 31, 36, 37, 38, 40, 41, 42, 44, 53, 60, 66, 73, 84, 120, 227, 270, 271, 286, 296, 326, 327, 331, 332, 336, 337, 341, 342, 346, 347, 351, 352, 356, 377, 391], "summary": {"covered_lines": 33, "num_statements": 33, "percent_covered": 100.0, "percent_covered_display": "100.00", "missing_lines": 0, "excluded_lines": 0, "num_branches": 0, "num_partial_branches": 0, "covered_branches": 0, "missing_branches": 0}, "missing_lines": [], "excluded_lines": [], "executed_branches": [], "missing_branches": []}}, "classes": {"PricingTier": {"executed_lines": [45], "summary": {"covered_lines": 1, "num_statements": 1, "percent_covered": 100.0, "percent_covered_display": "100.00", "missing_lines": 0, "excluded_lines": 0, "num_branches": 0, "num_partial_branches": 0, "covered_branches": 0, "missing_branches": 0}, "missing_lines": [], "excluded_lines": [], "executed_branches": [], "missing_branches": []}, "CostTracker": {"executed_lines": [293, 294, 314, 315, 318, 322, 324, 329, 334, 339, 344, 349, 354, 363, 379, 380], "summary": {"covered_lines": 16, "num_statements": 16, "percent_covered": 100.0, "percent_covered_display": "100.00", "missing_lines": 0, "excluded_lines": 0, "num_branches": 0, "num_partial_branches": 0, "covered_branches": 0, "missing_branches": 0}, "missing_lines": [], "excluded_lines": [], "executed_branches": [], "missing_branches": []}, "": {"executed_lines": [1, 30, 31, 36, 37, 38, 40, 41, 42, 44, 53, 60, 66, 73, 84, 98, 99, 102, 103, 104, 105, 106, 107, 111, 113, 117, 120, 178, 179, 180, 181, 184, 185, 188, 189, 192, 195, 196, 197, 198, 202, 207, 209, 227, 242, 245, 246, 249, 250, 251, 254, 255, 256, 259, 260, 261, 262, 263, 267, 270, 271, 286, 296, 326, 327, 331, 332, 336, 337, 341, 342, 346, 347, 351, 352, 356, 377, 391, 420, 425], "summary": {"covered_lines": 77, "num_statements": 78, "percent_covered": 97.82608695652173, "percent_covered_display": "97.83", "missing_lines": 1, "excluded_lines": 0, "num_branches": 14, "num_partial_branches": 1, "covered_branches": 13, "missing_branches": 1}, "missing_lines": [108], "excluded_lines": [], "executed_branches": [[98, 99], [98, 102], [103, 104], [103, 105], [105, 106], [105, 107], [107, 111], [178, 179], [178, 180], [180, 181], [180, 184], [260, 261], [260, 267]], "missing_branches": [[107, 108]]}}}, "src/daemon.py": {"executed_lines": [], "summary": {"covered_lines": 0, "num_statements": 212, "percent_covered": 0.0, "percent_covered_display": "0.00", "missing_lines": 212, "excluded_lines": 2, "num_branches": 56, "num_partial_branches": 0, "covered_branches": 0, "missing_branches": 56}, "missing_lines": [8, 10, 11, 12, 13, 14, 15, 16, 18, 19, 21, 22, 23, 24, 25, 26, 29, 36, 44, 50, 51, 52, 54, 64, 65, 66, 68, 69, 70, 72, 73, 74, 76, 77, 78, 79, 80, 83, 85, 86, 90, 91, 93, 94, 95, 96, 97, 98, 101, 104, 107, 114, 120, 121, 122, 123, 124, 126, 128, 130, 132, 134, 135, 138, 139, 142, 143, 145, 147, 149, 150, 152, 158, 159, 160, 163, 164, 169, 171, 173, 174, 176, 177, 178, 180, 182, 183, 185, 186, 187, 190, 198, 204, 205, 206, 208, 209, 210, 211, 212, 215, 221, 227, 230, 231, 233, 234, 237, 238, 240, 245, 247, 248, 249, 251, 253, 255, 256, 258, 259, 261, 262, 264, 265, 273, 275, 276, 278, 280, 286, 295, 296, 297, 306, 307, 309, 322, 323, 325, 334, 335, 337, 339, 341, 342, 343, 347, 349, 351, 352, 353, 355, 356, 359, 360, 361, 364, 367, 368, 369, 372, 377, 378, 380, 383, 384, 385, 386, 387, 388, 390, 392, 393, 395, 396, 399, 400, 401, 402, 405, 406, 407, 410, 412, 413, 418, 419, 420, 422, 423, 425, 427, 429, 430, 431, 432, 433, 434, 437, 439, 442, 443, 444, 446, 447, 448, 451, 452, 453, 455, 460, 466], "excluded_lines": [469, 470], "executed_branches": [], "missing_branches": [[64, 65], [64, 68], [72, 73], [72, 101], [76, 77], [76, 85], [78, 79], [78, 90], [134, 135], [134, 138], [138, 139], [138, 142], [142, 143], [142, 145], [149, 150], [149, 152], [158, 159], [158, 169], [173, 174], [173, 176], [177, -171], [177, 178], [182, 183], [182, 185], [186, -180], [186, 187], [255, -251], [255, 256], [258, -251], [258, 259], [259, 258], [259, 261], [275, 276], [275, 347], [295, 296], [295, 325], [296, 297], [296, 309], [351, 352], [351, 355], [384, -349], [384, 385], [392, 393], [392, 395], [399, 400], [399, 405], [407, 410], [407, 412], [412, 413], [412, 418], [418, 419], [418, 425], [422, 423], [422, 425], [443, 444], [443, 451]], "functions": {"FileStabilizer.__init__": {"executed_lines": [], "summary": {"covered_lines": 0, "num_statements": 3, "percent_covered": 0.0, "percent_covered_display": "0.00", "missing_lines": 3, "excluded_lines": 0, "num_branches": 0, "num_partial_branches": 0, "covered_branches": 0, "missing_branches": 0}, "missing_lines": [50, 51, 52], "excluded_lines": [], "executed_branches": [], "missing_branches": []}, "FileStabilizer.wait_for_stable": {"executed_lines": [], "summary": {"covered_lines": 0, "num_statements": 27, "percent_covered": 0.0, "percent_covered_display": "0.00", "missing_lines": 27, "excluded_lines": 0, "num_branches": 8, "num_partial_branches": 0, "covered_branches": 0, "missing_branches": 8}, "missing_lines": [64, 65, 66, 68, 69, 70, 72, 73, 74, 76, 77, 78, 79, 80, 83, 85, 86, 90, 91, 93, 94, 95, 96, 97, 98, 101, 104], "excluded_lines": [], "executed_branches": [], "missing_branches": [[64, 65], [64, 68], [72, 73], [72, 101], [76, 77], [76, 85], [78, 79], [78, 90]]}, "PDFFileHandler.__init__": {"executed_lines": [], "summary": {"covered_lines": 0, "num_statements": 5, "percent_covered": 0.0, "percent_covered_display": "0.00", "missing_lines": 5, "excluded_lines": 0, "num_branches": 0, "num_partial_branches": 0, "covered_branches": 0, "missing_branches": 0}, "missing_lines": [120, 121, 122, 123, 124], "excluded_lines": [], "executed_branches": [], "missing_branches": []}, "PDFFileHandler.is_pdf_file": {"executed_lines": [], "summary": {"covered_lines": 0, "num_statements": 1, "percent_covered": 0.0, "percent_covered_display": "0.00", "missing_lines": 1, "excluded_lines": 0, "num_branches": 0, "num_partial_branches": 0, "covered_branches": 0, "missing_branches": 0}, "missing_lines": [128], "excluded_lines": [], "executed_branches": [], "missing_branches": []}, "PDFFileHandler.should_process": {"executed_lines": [], "summary": {"covered_lines": 0, "num_statements": 8, "percent_covered": 0.0, "percent_covered_display": "0.00", "missing_lines": 8, "excluded_lines": 0, "num_branches": 6, "num_partial_branches": 0, "covered_branches": 0, "missing_branches": 6}, "missing_lines": [132, 134, 135, 138, 139, 142, 143, 145], "excluded_lines": [], "executed_branches": [], "missing_branches": [[134, 135], [134, 138], [138, 139], [138, 142], [142, 143], [142, 145]]}, "PDFFileHandler.handle_pdf_file": {"executed_lines": [], "summary": {"covered_lines": 0, "num_statements": 9, "percent_covered": 0.0, "percent_covered_display": "0.00", "missing_lines": 9, "excluded_lines": 0, "num_branches": 4, "num_partial_branches": 0, "covered_branches": 0, "missing_branches": 4}, "missing_lines": [149, 150, 152, 158, 159, 160, 163, 164, 169], "excluded_lines": [], "executed_branches": [], "missing_branches": [[149, 150], [149, 152], [158, 159], [158, 169]]}, "PDFFileHandler.on_created": {"executed_lines": [], "summary": {"covered_lines": 0, "num_statements": 5, "percent_covered": 0.0, "percent_covered_display": "0.00", "missing_lines": 5, "excluded_lines": 0, "num_branches": 4, "num_partial_branches": 0, "covered_branches": 0, "missing_branches": 4}, "missing_lines": [173, 174, 176, 177, 178], "excluded_lines": [], "executed_branches": [], "missing_branches": [[173, 174], [173, 176], [177, -171], [177, 178]]}, "PDFFileHandler.on_modified": {"executed_lines": [], "summary": {"covered_lines": 0, "num_statements": 5, "percent_covered": 0.0, "percent_covered_display": "0.00", "missing_lines": 5, "excluded_lines": 0, "num_branches": 4, "num_partial_branches": 0, "covered_branches": 0, "missing_branches": 4}, "missing_lines": [182, 183, 185, 186, 187], "excluded_lines": [], "executed_branches": [], "missing_branches": [[182, 183], [182, 185], [186, -180], [186, 187]]}, "DaemonManager.__init__": {"executed_lines": [], "summary": {"covered_lines": 0, "num_statements": 18, "percent_covered": 0.0, "percent_covered_display": "0.00", "missing_lines": 18, "excluded_lines": 0, "num_branches": 0, "num_partial_branches": 0, "covered_branches": 0, "missing_branches": 0}, "missing_lines": [204, 205, 206, 208, 209, 210, 211, 212, 215, 221, 227, 230, 231, 233, 234, 237, 238, 240], "excluded_lines": [], "executed_branches": [], "missing_branches": []}, "DaemonManager.signal_handler": {"executed_lines": [], "summary": {"covered_lines": 0, "num_statements": 3, "percent_covered": 0.0, "percent_covered_display": "0.00", "missing_lines": 3, "excluded_lines": 0, "num_branches": 0, "num_partial_branches": 0, "covered_branches": 0, "missing_branches": 0}, "missing_lines": [247, 248, 249], "excluded_lines": [], "executed_branches": [], "missing_branches": []}, "DaemonManager.process_existing_files": {"executed_lines": [], "summary": {"covered_lines": 0, "num_statements": 9, "percent_covered": 0.0, "percent_covered_display": "0.00", "missing_lines": 9, "excluded_lines": 0, "num_branches": 6, "num_partial_branches": 0, "covered_branches": 0, "missing_branches": 6}, "missing_lines": [253, 255, 256, 258, 259, 261, 262, 264, 265], "excluded_lines": [], "executed_branches": [], "missing_branches": [[255, -251], [255, 256], [258, -251], [258, 259], [259, 258], [259, 261]]}, "DaemonManager.process_queue": {"executed_lines": [], "summary": {"covered_lines": 0, "num_statements": 22, "percent_covered": 0.0, "percent_covered_display": "0.00", "missing_lines": 22, "excluded_lines": 0, "num_branches": 6, "num_partial_branches": 0, "covered_branches": 0, "missing_branches": 6}, "missing_lines": [275, 276, 278, 280, 286, 295, 296, 297, 306, 307, 309, 322, 323, 325, 334, 335, 337, 339, 341, 342, 343, 347], "excluded_lines": [], "executed_branches": [], "missing_branches": [[275, 276], [275, 347], [295, 296], [295, 325], [296, 297], [296, 309]]}, "DaemonManager.start": {"executed_lines": [], "summary": {"covered_lines": 0, "num_statements": 22, "percent_covered": 0.0, "percent_covered_display": "0.00", "missing_lines": 22, "excluded_lines": 0, "num_branches": 4, "num_partial_branches": 0, "covered_branches": 0, "missing_branches": 4}, "missing_lines": [351, 352, 353, 355, 356, 359, 360, 361, 364, 367, 368, 369, 372, 377, 378, 380, 383, 384, 385, 386, 387, 388], "excluded_lines": [], "executed_branches": [], "missing_branches": [[351, 352], [351, 355], [384, -349], [384, 385]]}, "DaemonManager.shutdown": {"executed_lines": [], "summary": {"covered_lines": 0, "num_statements": 20, "percent_covered": 0.0, "percent_covered_display": "0.00", "missing_lines": 20, "excluded_lines": 0, "num_branches": 12, "num_partial_branches": 0, "covered_branches": 0, "missing_branches": 12}, "missing_lines": [392, 393, 395, 396, 399, 400, 401, 402, 405, 406, 407, 410, 412, 413, 418, 419, 420, 422, 423, 425], "excluded_lines": [], "executed_branches": [], "missing_branches": [[392, 393], [392, 395], [399, 400], [399, 405], [407, 410], [407, 412], [412, 413], [412, 418], [418, 419], [418, 425], [422, 423], [422, 425]]}, "DaemonManager.run": {"executed_lines": [], "summary": {"covered_lines": 0, "num_statements": 6, "percent_covered": 0.0, "percent_covered_display": "0.00", "missing_lines": 6, "excluded_lines": 0, "num_branches": 0, "num_partial_branches": 0, "covered_branches": 0, "missing_branches": 0}, "missing_lines": [429, 430, 431, 432, 433, 434], "excluded_lines": [], "executed_branches": [], "missing_branches": []}, "main": {"executed_lines": [], "summary": {"covered_lines": 0, "num_statements": 13, "percent_covered": 0.0, "percent_covered_display": "0.00", "missing_lines": 13, "excluded_lines": 0, "num_branches": 2, "num_partial_branches": 0, "covered_branches": 0, "missing_branches": 2}, "missing_lines": [439, 442, 443, 444, 446, 447, 448, 451, 452, 453, 455, 460, 466], "excluded_lines": [], "executed_branches": [], "missing_branches": [[443, 444], [443, 451]]}, "": {"executed_lines": [], "summary": {"covered_lines": 0, "num_statements": 36, "percent_covered": 0.0, "percent_covered_display": "0.00", "missing_lines": 36, "excluded_lines": 2, "num_branches": 0, "num_partial_branches": 0, "covered_branches": 0, "missing_branches": 0}, "missing_lines": [8, 10, 11, 12, 13, 14, 15, 16, 18, 19, 21, 22, 23, 24, 25, 26, 29, 36, 44, 54, 107, 114, 126, 130, 147, 171, 180, 190, 198, 245, 251, 273, 349, 390, 427, 437], "excluded_lines": [469, 470], "executed_branches": [], "missing_branches": []}}, "classes": {"FileStabilizer": {"executed_lines": [], "summary": {"covered_lines": 0, "num_statements": 30, "percent_covered": 0.0, "percent_covered_display": "0.00", "missing_lines": 30, "excluded_lines": 0, "num_branches": 8, "num_partial_branches": 0, "covered_branches": 0, "missing_branches": 8}, "missing_lines": [50, 51, 52, 64, 65, 66, 68, 69, 70, 72, 73, 74, 76, 77, 78, 79, 80, 83, 85, 86, 90, 91, 93, 94, 95, 96, 97, 98, 101, 104], "excluded_lines": [], "executed_branches": [], "missing_branches": [[64, 65], [64, 68], [72, 73], [72, 101], [76, 77], [76, 85], [78, 79], [78, 90]]}, "PDFFileHandler": {"executed_lines": [], "summary": {"covered_lines": 0, "num_statements": 33, "percent_covered": 0.0, "percent_covered_display": "0.00", "missing_lines": 33, "excluded_lines": 0, "num_branches": 18, "num_partial_branches": 0, "covered_branches": 0, "missing_branches": 18}, "missing_lines": [120, 121, 122, 123, 124, 128, 132, 134, 135, 138, 139, 142, 143, 145, 149, 150, 152, 158, 159, 160, 163, 164, 169, 173, 174, 176, 177, 178, 182, 183, 185, 186, 187], "excluded_lines": [], "executed_branches": [], "missing_branches": [[134, 135], [134, 138], [138, 139], [138, 142], [142, 143], [142, 145], [149, 150], [149, 152], [158, 159], [158, 169], [173, 174], [173, 176], [177, -171], [177, 178], [182, 183], [182, 185], [186, -180], [186, 187]]}, "DaemonManager": {"executed_lines": [], "summary": {"covered_lines": 0, "num_statements": 100, "percent_covered": 0.0, "percent_covered_display": "0.00", "missing_lines": 100, "excluded_lines": 0, "num_branches": 28, "num_partial_branches": 0, "covered_branches": 0, "missing_branches": 28}, "missing_lines": [204, 205, 206, 208, 209, 210, 211, 212, 215, 221, 227, 230, 231, 233, 234, 237, 238, 240, 247, 248, 249, 253, 255, 256, 258, 259, 261, 262, 264, 265, 275, 276, 278, 280, 286, 295, 296, 297, 306, 307, 309, 322, 323, 325, 334, 335, 337, 339, 341, 342, 343, 347, 351, 352, 353, 355, 356, 359, 360, 361, 364, 367, 368, 369, 372, 377, 378, 380, 383, 384, 385, 386, 387, 388, 392, 393, 395, 396, 399, 400, 401, 402, 405, 406, 407, 410, 412, 413, 418, 419, 420, 422, 423, 425, 429, 430, 431, 432, 433, 434], "excluded_lines": [], "executed_branches": [], "missing_branches": [[255, -251], [255, 256], [258, -251], [258, 259], [259, 258], [259, 261], [275, 276], [275, 347], [295, 296], [295, 325], [296, 297], [296, 309], [351, 352], [351, 355], [384, -349], [384, 385], [392, 393], [392, 395], [399, 400], [399, 405], [407, 410], [407, 412], [412, 413], [412, 418], [418, 419], [418, 425], [422, 423], [422, 425]]}, "": {"executed_lines": [], "summary": {"covered_lines": 0, "num_statements": 49, "percent_covered": 0.0, "percent_covered_display": "0.00", "missing_lines": 49, "excluded_lines": 2, "num_branches": 2, "num_partial_branches": 0, "covered_branches": 0, "missing_branches": 2}, "missing_lines": [8, 10, 11, 12, 13, 14, 15, 16, 18, 19, 21, 22, 23, 24, 25, 26, 29, 36, 44, 54, 107, 114, 126, 130, 147, 171, 180, 190, 198, 245, 251, 273, 349, 390, 427, 437, 439, 442, 443, 444, 446, 447, 448, 451, 452, 453, 455, 460, 466], "excluded_lines": [469, 470], "executed_branches": [], "missing_branches": [[443, 444], [443, 451]]}}}, "src/database.py": {"executed_lines": [1, 6, 7, 8, 9, 10, 12, 15, 16, 21, 29, 30, 33, 35, 43, 44, 45, 46, 47, 51, 60, 66, 68, 70, 74, 81, 82, 84, 85, 86, 87, 88, 90, 91, 105, 106, 107, 108, 109, 110, 111, 113, 117], "summary": {"covered_lines": 40, "num_statements": 41, "percent_covered": 97.67441860465117, "percent_covered_display": "97.67", "missing_lines": 1, "excluded_lines": 23, "num_branches": 2, "num_partial_branches": 0, "covered_branches": 2, "missing_branches": 0}, "missing_lines": [72], "excluded_lines": [117, 118, 119, 122, 123, 126, 127, 130, 131, 132, 133, 134, 137, 138, 139, 146, 147, 150, 151, 152, 153, 154, 155], "executed_branches": [[33, 35], [33, 51]], "missing_branches": [], "functions": {"DatabaseManager.__init__": {"executed_lines": [29, 30, 33, 35, 43, 44, 51, 60], "summary": {"covered_lines": 8, "num_statements": 8, "percent_covered": 100.0, "percent_covered_display": "100.00", "missing_lines": 0, "excluded_lines": 0, "num_branches": 2, "num_partial_branches": 0, "covered_branches": 2, "missing_branches": 0}, "missing_lines": [], "excluded_lines": [], "executed_branches": [[33, 35], [33, 51]], "missing_branches": []}, "DatabaseManager.__init__.set_sqlite_pragma": {"executed_lines": [45, 46, 47], "summary": {"covered_lines": 3, "num_statements": 3, "percent_covered": 100.0, "percent_covered_display": "100.00", "missing_lines": 0, "excluded_lines": 0, "num_branches": 0, "num_partial_branches": 0, "covered_branches": 0, "missing_branches": 0}, "missing_lines": [], "excluded_lines": [], "executed_branches": [], "missing_branches": []}, "DatabaseManager.create_tables": {"executed_lines": [68], "summary": {"covered_lines": 1, "num_statements": 1, "percent_covered": 100.0, "percent_covered_display": "100.00", "missing_lines": 0, "excluded_lines": 0, "num_branches": 0, "num_partial_branches": 0, "covered_branches": 0, "missing_branches": 0}, "missing_lines": [], "excluded_lines": [], "executed_branches": [], "missing_branches": []}, "DatabaseManager.drop_tables": {"executed_lines": [], "summary": {"covered_lines": 0, "num_statements": 1, "percent_covered": 0.0, "percent_covered_display": "0.00", "missing_lines": 1, "excluded_lines": 0, "num_branches": 0, "num_partial_branches": 0, "covered_branches": 0, "missing_branches": 0}, "missing_lines": [72], "excluded_lines": [], "executed_branches": [], "missing_branches": []}, "DatabaseManager.health_check": {"executed_lines": [81, 82, 84, 85, 86, 87, 88], "summary": {"covered_lines": 7, "num_statements": 7, "percent_covered": 100.0, "percent_covered_display": "100.00", "missing_lines": 0, "excluded_lines": 0, "num_branches": 0, "num_partial_branches": 0, "covered_branches": 0, "missing_branches": 0}, "missing_lines": [], "excluded_lines": [], "executed_branches": [], "missing_branches": []}, "DatabaseManager.get_session": {"executed_lines": [105, 106, 107, 108, 109, 110, 111, 113], "summary": {"covered_lines": 8, "num_statements": 8, "percent_covered": 100.0, "percent_covered_display": "100.00", "missing_lines": 0, "excluded_lines": 0, "num_branches": 0, "num_partial_branches": 0, "covered_branches": 0, "missing_branches": 0}, "missing_lines": [], "excluded_lines": [], "executed_branches": [], "missing_branches": []}, "": {"executed_lines": [1, 6, 7, 8, 9, 10, 12, 15, 16, 21, 66, 70, 74, 90, 91, 117], "summary": {"covered_lines": 13, "num_statements": 13, "percent_covered": 100.0, "percent_covered_display": "100.00", "missing_lines": 0, "excluded_lines": 23, "num_branches": 0, "num_partial_branches": 0, "covered_branches": 0, "missing_branches": 0}, "missing_lines": [], "excluded_lines": [117, 118, 119, 122, 123, 126, 127, 130, 131, 132, 133, 134, 137, 138, 139, 146, 147, 150, 151, 152, 153, 154, 155], "executed_branches": [], "missing_branches": []}}, "classes": {"DatabaseManager": {"executed_lines": [29, 30, 33, 35, 43, 44, 45, 46, 47, 51, 60, 68, 81, 82, 84, 85, 86, 87, 88, 105, 106, 107, 108, 109, 110, 111, 113], "summary": {"covered_lines": 27, "num_statements": 28, "percent_covered": 96.66666666666667, "percent_covered_display": "96.67", "missing_lines": 1, "excluded_lines": 0, "num_branches": 2, "num_partial_branches": 0, "covered_branches": 2, "missing_branches": 0}, "missing_lines": [72], "excluded_lines": [], "executed_branches": [[33, 35], [33, 51]], "missing_branches": []}, "": {"executed_lines": [1, 6, 7, 8, 9, 10, 12, 15, 16, 21, 66, 70, 74, 90, 91, 117], "summary": {"covered_lines": 13, "num_statements": 13, "percent_covered": 100.0, "percent_covered_display": "100.00", "missing_lines": 0, "excluded_lines": 23, "num_branches": 0, "num_partial_branches": 0, "covered_branches": 0, "missing_branches": 0}, "missing_lines": [], "excluded_lines": [117, 118, 119, 122, 123, 126, 127, 130, 131, 132, 133, 134, 137, 138, 139, 146, 147, 150, 151, 152, 153, 154, 155], "executed_branches": [], "missing_branches": []}}}, "src/dedupe.py": {"executed_lines": [1, 6, 7, 8, 9, 10, 12, 15, 40, 41, 43, 45, 47, 48, 49, 50, 53, 54, 55, 57, 60, 77, 80, 168, 196, 197, 199, 203], "summary": {"covered_lines": 26, "num_statements": 57, "percent_covered": 34.48275862068966, "percent_covered_display": "34.48", "missing_lines": 31, "excluded_lines": 85, "num_branches": 30, "num_partial_branches": 0, "covered_branches": 4, "missing_branches": 26}, "missing_lines": [113, 116, 117, 120, 121, 122, 123, 126, 127, 128, 129, 132, 133, 134, 135, 138, 139, 140, 141, 144, 145, 148, 149, 150, 153, 154, 157, 160, 162, 163, 165], "excluded_lines": [203, 204, 205, 206, 207, 208, 211, 212, 213, 215, 216, 217, 218, 219, 220, 221, 224, 225, 226, 227, 228, 230, 233, 234, 235, 237, 239, 240, 241, 242, 243, 246, 261, 262, 263, 266, 267, 268, 269, 270, 273, 274, 275, 276, 277, 280, 281, 282, 283, 284, 286, 287, 288, 289, 291, 293, 294, 295, 297, 298, 299, 301, 303, 305, 307, 308, 310, 311, 313, 314, 315, 316, 319, 320, 321, 323, 324, 325, 326, 327, 329, 331, 332, 335, 336], "executed_branches": [[40, 41], [40, 43], [48, 49], [48, 50]], "missing_branches": [[116, 117], [116, 120], [120, 121], [120, 122], [122, 123], [122, 126], [126, 127], [126, 128], [128, 129], [128, 132], [132, 133], [132, 134], [134, 135], [134, 138], [138, 139], [138, 140], [140, 141], [140, 144], [144, 145], [144, 148], [148, 149], [148, 150], [153, 154], [153, 157], [160, 162], [160, 165]], "functions": {"sha256_file": {"executed_lines": [40, 41, 43, 45, 47, 48, 49, 50, 53, 54, 55, 57], "summary": {"covered_lines": 12, "num_statements": 12, "percent_covered": 100.0, "percent_covered_display": "100.00", "missing_lines": 0, "excluded_lines": 0, "num_branches": 4, "num_partial_branches": 0, "covered_branches": 4, "missing_branches": 0}, "missing_lines": [], "excluded_lines": [], "executed_branches": [[40, 41], [40, 43], [48, 49], [48, 50]], "missing_branches": []}, "check_duplicate": {"executed_lines": [77], "summary": {"covered_lines": 1, "num_statements": 1, "percent_covered": 100.0, "percent_covered_display": "100.00", "missing_lines": 0, "excluded_lines": 0, "num_branches": 0, "num_partial_branches": 0, "covered_branches": 0, "missing_branches": 0}, "missing_lines": [], "excluded_lines": [], "executed_branches": [], "missing_branches": []}, "build_vector_store_attributes": {"executed_lines": [], "summary": {"covered_lines": 0, "num_statements": 31, "percent_covered": 0.0, "percent_covered_display": "0.00", "missing_lines": 31, "excluded_lines": 0, "num_branches": 26, "num_partial_branches": 0, "covered_branches": 0, "missing_branches": 26}, "missing_lines": [113, 116, 117, 120, 121, 122, 123, 126, 127, 128, 129, 132, 133, 134, 135, 138, 139, 140, 141, 144, 145, 148, 149, 150, 153, 154, 157, 160, 162, 163, 165], "excluded_lines": [], "executed_branches": [], "missing_branches": [[116, 117], [116, 120], [120, 121], [120, 122], [122, 123], [122, 126], [126, 127], [126, 128], [128, 129], [128, 132], [132, 133], [132, 134], [134, 135], [134, 138], [138, 139], [138, 140], [140, 141], [140, 144], [144, 145], [144, 148], [148, 149], [148, 150], [153, 154], [153, 157], [160, 162], [160, 165]]}, "deduplicate_and_hash": {"executed_lines": [196, 197, 199], "summary": {"covered_lines": 3, "num_statements": 3, "percent_covered": 100.0, "percent_covered_display": "100.00", "missing_lines": 0, "excluded_lines": 0, "num_branches": 0, "num_partial_branches": 0, "covered_branches": 0, "missing_branches": 0}, "missing_lines": [], "excluded_lines": [], "executed_branches": [], "missing_branches": []}, "": {"executed_lines": [1, 6, 7, 8, 9, 10, 12, 15, 60, 80, 168, 203], "summary": {"covered_lines": 10, "num_statements": 10, "percent_covered": 100.0, "percent_covered_display": "100.00", "missing_lines": 0, "excluded_lines": 85, "num_branches": 0, "num_partial_branches": 0, "covered_branches": 0, "missing_branches": 0}, "missing_lines": [], "excluded_lines": [203, 204, 205, 206, 207, 208, 211, 212, 213, 215, 216, 217, 218, 219, 220, 221, 224, 225, 226, 227, 228, 230, 233, 234, 235, 237, 239, 240, 241, 242, 243, 246, 261, 262, 263, 266, 267, 268, 269, 270, 273, 274, 275, 276, 277, 280, 281, 282, 283, 284, 286, 287, 288, 289, 291, 293, 294, 295, 297, 298, 299, 301, 303, 305, 307, 308, 310, 311, 313, 314, 315, 316, 319, 320, 321, 323, 324, 325, 326, 327, 329, 331, 332, 335, 336], "executed_branches": [], "missing_branches": []}}, "classes": {"": {"executed_lines": [1, 6, 7, 8, 9, 10, 12, 15, 40, 41, 43, 45, 47, 48, 49, 50, 53, 54, 55, 57, 60, 77, 80, 168, 196, 197, 199, 203], "summary": {"covered_lines": 26, "num_statements": 57, "percent_covered": 34.48275862068966, "percent_covered_display": "34.48", "missing_lines": 31, "excluded_lines": 85, "num_branches": 30, "num_partial_branches": 0, "covered_branches": 4, "missing_branches": 26}, "missing_lines": [113, 116, 117, 120, 121, 122, 123, 126, 127, 128, 129, 132, 133, 134, 135, 138, 139, 140, 141, 144, 145, 148, 149, 150, 153, 154, 157, 160, 162, 163, 165], "excluded_lines": [203, 204, 205, 206, 207, 208, 211, 212, 213, 215, 216, 217, 218, 219, 220, 221, 224, 225, 226, 227, 228, 230, 233, 234, 235, 237, 239, 240, 241, 242, 243, 246, 261, 262, 263, 266, 267, 268, 269, 270, 273, 274, 275, 276, 277, 280, 281, 282, 283, 284, 286, 287, 288, 289, 291, 293, 294, 295, 297, 298, 299, 301, 303, 305, 307, 308, 310, 311, 313, 314, 315, 316, 319, 320, 321, 323, 324, 325, 326, 327, 329, 331, 332, 335, 336], "executed_branches": [[40, 41], [40, 43], [48, 49], [48, 50]], "missing_branches": [[116, 117], [116, 120], [120, 121], [120, 122], [122, 123], [122, 126], [126, 127], [126, 128], [128, 129], [128, 132], [132, 133], [132, 134], [134, 135], [134, 138], [138, 139], [138, 140], [140, 141], [140, 144], [144, 145], [144, 148], [148, 149], [148, 150], [153, 154], [153, 157], [160, 162], [160, 165]]}}}, "src/logging_config.py": {"executed_lines": [1, 6, 7, 8, 9, 10, 11, 12, 13, 16, 17, 22, 23, 34, 35, 38, 39, 43, 72, 73, 74, 77, 80, 83, 104, 105, 108, 109, 112, 115, 116, 119, 125, 128, 129, 131, 135, 136, 138, 139, 141, 144, 152, 156], "summary": {"covered_lines": 41, "num_statements": 42, "percent_covered": 96.29629629629629, "percent_covered_display": "96.30", "missing_lines": 1, "excluded_lines": 10, "num_branches": 12, "num_partial_branches": 1, "covered_branches": 11, "missing_branches": 1}, "missing_lines": [78], "excluded_lines": [156, 157, 158, 160, 161, 165, 167, 168, 169, 170], "executed_branches": [[34, 35], [34, 38], [38, 39], [38, 43], [72, 73], [72, 77], [73, 72], [73, 74], [77, 80], [128, 129], [128, 131]], "missing_branches": [[77, 78]], "functions": {"JSONFormatter.format": {"executed_lines": [23, 34, 35, 38, 39, 43, 72, 73, 74, 77, 80], "summary": {"covered_lines": 11, "num_statements": 12, "percent_covered": 90.9090909090909, "percent_covered_display": "90.91", "missing_lines": 1, "excluded_lines": 0, "num_branches": 10, "num_partial_branches": 1, "covered_branches": 9, "missing_branches": 1}, "missing_lines": [78], "excluded_lines": [], "executed_branches": [[34, 35], [34, 38], [38, 39], [38, 43], [72, 73], [72, 77], [73, 72], [73, 74], [77, 80]], "missing_branches": [[77, 78]]}, "setup_logging": {"executed_lines": [104, 105, 108, 109, 112, 115, 116, 119, 125, 128, 129, 131, 135, 136, 138, 139, 141], "summary": {"covered_lines": 17, "num_statements": 17, "percent_covered": 100.0, "percent_covered_display": "100.00", "missing_lines": 0, "excluded_lines": 0, "num_branches": 2, "num_partial_branches": 0, "covered_branches": 2, "missing_branches": 0}, "missing_lines": [], "excluded_lines": [], "executed_branches": [[128, 129], [128, 131]], "missing_branches": []}, "get_correlation_id": {"executed_lines": [152], "summary": {"covered_lines": 1, "num_statements": 1, "percent_covered": 100.0, "percent_covered_display": "100.00", "missing_lines": 0, "excluded_lines": 0, "num_branches": 0, "num_partial_branches": 0, "covered_branches": 0, "missing_branches": 0}, "missing_lines": [], "excluded_lines": [], "executed_branches": [], "missing_branches": []}, "": {"executed_lines": [1, 6, 7, 8, 9, 10, 11, 12, 13, 16, 17, 22, 83, 144, 156], "summary": {"covered_lines": 12, "num_statements": 12, "percent_covered": 100.0, "percent_covered_display": "100.00", "missing_lines": 0, "excluded_lines": 10, "num_branches": 0, "num_partial_branches": 0, "covered_branches": 0, "missing_branches": 0}, "missing_lines": [], "excluded_lines": [156, 157, 158, 160, 161, 165, 167, 168, 169, 170], "executed_branches": [], "missing_branches": []}}, "classes": {"JSONFormatter": {"executed_lines": [23, 34, 35, 38, 39, 43, 72, 73, 74, 77, 80], "summary": {"covered_lines": 11, "num_statements": 12, "percent_covered": 90.9090909090909, "percent_covered_display": "90.91", "missing_lines": 1, "excluded_lines": 0, "num_branches": 10, "num_partial_branches": 1, "covered_branches": 9, "missing_branches": 1}, "missing_lines": [78], "excluded_lines": [], "executed_branches": [[34, 35], [34, 38], [38, 39], [38, 43], [72, 73], [72, 77], [73, 72], [73, 74], [77, 80]], "missing_branches": [[77, 78]]}, "": {"executed_lines": [1, 6, 7, 8, 9, 10, 11, 12, 13, 16, 17, 22, 83, 104, 105, 108, 109, 112, 115, 116, 119, 125, 128, 129, 131, 135, 136, 138, 139, 141, 144, 152, 156], "summary": {"covered_lines": 30, "num_statements": 30, "percent_covered": 100.0, "percent_covered_display": "100.00", "missing_lines": 0, "excluded_lines": 10, "num_branches": 2, "num_partial_branches": 0, "covered_branches": 2, "missing_branches": 0}, "missing_lines": [], "excluded_lines": [156, 157, 158, 160, 161, 165, 167, 168, 169, 170], "executed_branches": [[128, 129], [128, 131]], "missing_branches": []}}}, "src/models.py": {"executed_lines": [1, 15, 16, 17, 18, 27, 28, 32, 35, 36, 66, 69, 72, 80, 86, 92, 99, 106, 113, 120, 128, 135, 143, 149, 151, 157, 177], "summary": {"covered_lines": 22, "num_statements": 27, "percent_covered": 81.48148148148148, "percent_covered_display": "81.48", "missing_lines": 5, "excluded_lines": 7, "num_branches": 0, "num_partial_branches": 0, "covered_branches": 0, "missing_branches": 0}, "missing_lines": [159, 198, 199, 200, 201], "excluded_lines": [149, 150, 151, 152, 153, 154, 155], "executed_branches": [], "missing_branches": [], "functions": {"Document.__repr__": {"executed_lines": [151], "summary": {"covered_lines": 0, "num_statements": 0, "percent_covered": 100.0, "percent_covered_display": "100.00", "missing_lines": 0, "excluded_lines": 6, "num_branches": 0, "num_partial_branches": 0, "covered_branches": 0, "missing_branches": 0}, "missing_lines": [], "excluded_lines": [150, 151, 152, 153, 154, 155], "executed_branches": [], "missing_branches": []}, "Document.to_dict": {"executed_lines": [], "summary": {"covered_lines": 0, "num_statements": 1, "percent_covered": 0.0, "percent_covered_display": "0.00", "missing_lines": 1, "excluded_lines": 0, "num_branches": 0, "num_partial_branches": 0, "covered_branches": 0, "missing_branches": 0}, "missing_lines": [159], "excluded_lines": [], "executed_branches": [], "missing_branches": []}, "init_db": {"executed_lines": [], "summary": {"covered_lines": 0, "num_statements": 4, "percent_covered": 0.0, "percent_covered_display": "0.00", "missing_lines": 4, "excluded_lines": 0, "num_branches": 0, "num_partial_branches": 0, "covered_branches": 0, "missing_branches": 0}, "missing_lines": [198, 199, 200, 201], "excluded_lines": [], "executed_branches": [], "missing_branches": []}, "": {"executed_lines": [1, 15, 16, 17, 18, 27, 28, 32, 35, 36, 66, 69, 72, 80, 86, 92, 99, 106, 113, 120, 128, 135, 143, 149, 157, 177], "summary": {"covered_lines": 22, "num_statements": 22, "percent_covered": 100.0, "percent_covered_display": "100.00", "missing_lines": 0, "excluded_lines": 1, "num_branches": 0, "num_partial_branches": 0, "covered_branches": 0, "missing_branches": 0}, "missing_lines": [], "excluded_lines": [149], "executed_branches": [], "missing_branches": []}}, "classes": {"Base": {"executed_lines": [], "summary": {"covered_lines": 0, "num_statements": 0, "percent_covered": 100.0, "percent_covered_display": "100.00", "missing_lines": 0, "excluded_lines": 0, "num_branches": 0, "num_partial_branches": 0, "covered_branches": 0, "missing_branches": 0}, "missing_lines": [], "excluded_lines": [], "executed_branches": [], "missing_branches": []}, "Document": {"executed_lines": [151], "summary": {"covered_lines": 0, "num_statements": 1, "percent_covered": 0.0, "percent_covered_display": "0.00", "missing_lines": 1, "excluded_lines": 6, "num_branches": 0, "num_partial_branches": 0, "covered_branches": 0, "missing_branches": 0}, "missing_lines": [159], "excluded_lines": [150, 151, 152, 153, 154, 155], "executed_branches": [], "missing_branches": []}, "": {"executed_lines": [1, 15, 16, 17, 18, 27, 28, 32, 35, 36, 66, 69, 72, 80, 86, 92, 99, 106, 113, 120, 128, 135, 143, 149, 157, 177], "summary": {"covered_lines": 22, "num_statements": 26, "percent_covered": 84.61538461538461, "percent_covered_display": "84.62", "missing_lines": 4, "excluded_lines": 1, "num_branches": 0, "num_partial_branches": 0, "covered_branches": 0, "missing_branches": 0}, "missing_lines": [198, 199, 200, 201], "excluded_lines": [149], "executed_branches": [], "missing_branches": []}}}, "src/monitoring.py": {"executed_lines": [1, 12, 13, 14, 15, 16, 17, 18, 21, 24, 25, 27, 28, 29, 30, 33, 34, 36, 37, 38, 41, 42, 43, 54, 55, 56, 57, 58, 60, 62, 63, 64, 67, 68, 69, 80, 81, 82, 83, 84, 86, 88, 89, 90, 93, 94, 100, 102, 103, 104, 106, 122, 129, 132, 133, 136, 145, 160, 162, 163, 165, 166, 168, 170, 185, 186, 188, 189, 197, 198, 206, 208, 211, 212, 218, 225, 226, 227, 228, 230, 249, 250, 252, 253, 254, 255, 256, 259, 266, 267, 270, 274, 281, 292, 294, 296, 297, 298, 299, 303, 318, 320, 321, 323, 324, 326, 329, 330, 336, 338, 339, 341, 349, 351, 359, 360, 362, 369, 372, 374, 375, 376, 377, 379, 381, 388, 397, 398, 399, 402, 405, 406, 407, 410, 413, 414, 415, 418, 421, 422, 423, 429, 436, 439, 446, 449, 451], "summary": {"covered_lines": 139, "num_statements": 143, "percent_covered": 95.3757225433526, "percent_covered_display": "95.38", "missing_lines": 4, "excluded_lines": 0, "num_branches": 30, "num_partial_branches": 4, "covered_branches": 26, "missing_branches": 4}, "missing_lines": [271, 300, 301, 370], "excluded_lines": [], "executed_branches": [[132, 133], [132, 136], [162, 163], [165, 166], [165, 168], [188, 189], [188, 197], [252, 253], [252, 259], [254, 255], [270, 274], [320, 321], [320, 323], [323, 324], [323, 326], [369, 372], [374, 375], [374, 376], [376, 377], [376, 379], [405, 406], [405, 407], [413, 414], [413, 415], [421, 422], [421, 423]], "missing_branches": [[162, 165], [254, 259], [270, 271], [369, 370]], "functions": {"Metric.to_dict": {"executed_lines": [62, 63, 64], "summary": {"covered_lines": 3, "num_statements": 3, "percent_covered": 100.0, "percent_covered_display": "100.00", "missing_lines": 0, "excluded_lines": 0, "num_branches": 0, "num_partial_branches": 0, "covered_branches": 0, "missing_branches": 0}, "missing_lines": [], "excluded_lines": [], "executed_branches": [], "missing_branches": []}, "Alert.to_dict": {"executed_lines": [88, 89, 90], "summary": {"covered_lines": 3, "num_statements": 3, "percent_covered": 100.0, "percent_covered_display": "100.00", "missing_lines": 0, "excluded_lines": 0, "num_branches": 0, "num_partial_branches": 0, "covered_branches": 0, "missing_branches": 0}, "missing_lines": [], "excluded_lines": [], "executed_branches": [], "missing_branches": []}, "MetricsCollector.__init__": {"executed_lines": [102, 103, 104], "summary": {"covered_lines": 3, "num_statements": 3, "percent_covered": 100.0, "percent_covered_display": "100.00", "missing_lines": 0, "excluded_lines": 0, "num_branches": 0, "num_partial_branches": 0, "covered_branches": 0, "missing_branches": 0}, "missing_lines": [], "excluded_lines": [], "executed_branches": [], "missing_branches": []}, "MetricsCollector.record": {"executed_lines": [122, 129, 132, 133, 136], "summary": {"covered_lines": 5, "num_statements": 5, "percent_covered": 100.0, "percent_covered_display": "100.00", "missing_lines": 0, "excluded_lines": 0, "num_branches": 2, "num_partial_branches": 0, "covered_branches": 2, "missing_branches": 0}, "missing_lines": [], "excluded_lines": [], "executed_branches": [[132, 133], [132, 136]], "missing_branches": []}, "MetricsCollector.get_metrics": {"executed_lines": [160, 162, 163, 165, 166, 168], "summary": {"covered_lines": 6, "num_statements": 6, "percent_covered": 90.0, "percent_covered_display": "90.00", "missing_lines": 0, "excluded_lines": 0, "num_branches": 4, "num_partial_branches": 1, "covered_branches": 3, "missing_branches": 1}, "missing_lines": [], "excluded_lines": [], "executed_branches": [[162, 163], [165, 166], [165, 168]], "missing_branches": [[162, 165]]}, "MetricsCollector.aggregate": {"executed_lines": [185, 186, 188, 189, 197, 198], "summary": {"covered_lines": 6, "num_statements": 6, "percent_covered": 100.0, "percent_covered_display": "100.00", "missing_lines": 0, "excluded_lines": 0, "num_branches": 2, "num_partial_branches": 0, "covered_branches": 2, "missing_branches": 0}, "missing_lines": [], "excluded_lines": [], "executed_branches": [[188, 189], [188, 197]], "missing_branches": []}, "MetricsCollector.get_uptime_seconds": {"executed_lines": [208], "summary": {"covered_lines": 1, "num_statements": 1, "percent_covered": 100.0, "percent_covered_display": "100.00", "missing_lines": 0, "excluded_lines": 0, "num_branches": 0, "num_partial_branches": 0, "covered_branches": 0, "missing_branches": 0}, "missing_lines": [], "excluded_lines": [], "executed_branches": [], "missing_branches": []}, "AlertManager.__init__": {"executed_lines": [225, 226, 227, 228], "summary": {"covered_lines": 4, "num_statements": 4, "percent_covered": 100.0, "percent_covered_display": "100.00", "missing_lines": 0, "excluded_lines": 0, "num_branches": 0, "num_partial_branches": 0, "covered_branches": 0, "missing_branches": 0}, "missing_lines": [], "excluded_lines": [], "executed_branches": [], "missing_branches": []}, "AlertManager.create_alert": {"executed_lines": [249, 250, 252, 253, 254, 255, 256, 259, 266, 267, 270, 274, 281, 292], "summary": {"covered_lines": 14, "num_statements": 15, "percent_covered": 85.71428571428571, "percent_covered_display": "85.71", "missing_lines": 1, "excluded_lines": 0, "num_branches": 6, "num_partial_branches": 2, "covered_branches": 4, "missing_branches": 2}, "missing_lines": [271], "excluded_lines": [], "executed_branches": [[252, 253], [252, 259], [254, 255], [270, 274]], "missing_branches": [[254, 259], [270, 271]]}, "AlertManager._persist_alert": {"executed_lines": [296, 297, 298, 299], "summary": {"covered_lines": 4, "num_statements": 6, "percent_covered": 66.66666666666667, "percent_covered_display": "66.67", "missing_lines": 2, "excluded_lines": 0, "num_branches": 0, "num_partial_branches": 0, "covered_branches": 0, "missing_branches": 0}, "missing_lines": [300, 301], "excluded_lines": [], "executed_branches": [], "missing_branches": []}, "AlertManager.get_active_alerts": {"executed_lines": [318, 320, 321, 323, 324, 326], "summary": {"covered_lines": 6, "num_statements": 6, "percent_covered": 100.0, "percent_covered_display": "100.00", "missing_lines": 0, "excluded_lines": 0, "num_branches": 4, "num_partial_branches": 0, "covered_branches": 4, "missing_branches": 0}, "missing_lines": [], "excluded_lines": [], "executed_branches": [[320, 321], [320, 323], [323, 324], [323, 326]], "missing_branches": []}, "HealthCheck.__init__": {"executed_lines": [338, 339], "summary": {"covered_lines": 2, "num_statements": 2, "percent_covered": 100.0, "percent_covered_display": "100.00", "missing_lines": 0, "excluded_lines": 0, "num_branches": 0, "num_partial_branches": 0, "covered_branches": 0, "missing_branches": 0}, "missing_lines": [], "excluded_lines": [], "executed_branches": [], "missing_branches": []}, "HealthCheck.register_check": {"executed_lines": [349], "summary": {"covered_lines": 1, "num_statements": 1, "percent_covered": 100.0, "percent_covered_display": "100.00", "missing_lines": 0, "excluded_lines": 0, "num_branches": 0, "num_partial_branches": 0, "covered_branches": 0, "missing_branches": 0}, "missing_lines": [], "excluded_lines": [], "executed_branches": [], "missing_branches": []}, "HealthCheck.mark_degraded": {"executed_lines": [359, 360], "summary": {"covered_lines": 2, "num_statements": 2, "percent_covered": 100.0, "percent_covered_display": "100.00", "missing_lines": 0, "excluded_lines": 0, "num_branches": 0, "num_partial_branches": 0, "covered_branches": 0, "missing_branches": 0}, "missing_lines": [], "excluded_lines": [], "executed_branches": [], "missing_branches": []}, "HealthCheck.get_status": {"executed_lines": [369, 372, 374, 375, 376, 377, 379], "summary": {"covered_lines": 7, "num_statements": 8, "percent_covered": 85.71428571428571, "percent_covered_display": "85.71", "missing_lines": 1, "excluded_lines": 0, "num_branches": 6, "num_partial_branches": 1, "covered_branches": 5, "missing_branches": 1}, "missing_lines": [370], "excluded_lines": [], "executed_branches": [[369, 372], [374, 375], [374, 376], [376, 377], [376, 379]], "missing_branches": [[369, 370]]}, "HealthCheck.get_details": {"executed_lines": [388], "summary": {"covered_lines": 1, "num_statements": 1, "percent_covered": 100.0, "percent_covered_display": "100.00", "missing_lines": 0, "excluded_lines": 0, "num_branches": 0, "num_partial_branches": 0, "covered_branches": 0, "missing_branches": 0}, "missing_lines": [], "excluded_lines": [], "executed_branches": [], "missing_branches": []}, "get_metrics_collector": {"executed_lines": [405, 406, 407], "summary": {"covered_lines": 3, "num_statements": 3, "percent_covered": 100.0, "percent_covered_display": "100.00", "missing_lines": 0, "excluded_lines": 0, "num_branches": 2, "num_partial_branches": 0, "covered_branches": 2, "missing_branches": 0}, "missing_lines": [], "excluded_lines": [], "executed_branches": [[405, 406], [405, 407]], "missing_branches": []}, "get_alert_manager": {"executed_lines": [413, 414, 415], "summary": {"covered_lines": 3, "num_statements": 3, "percent_covered": 100.0, "percent_covered_display": "100.00", "missing_lines": 0, "excluded_lines": 0, "num_branches": 2, "num_partial_branches": 0, "covered_branches": 2, "missing_branches": 0}, "missing_lines": [], "excluded_lines": [], "executed_branches": [[413, 414], [413, 415]], "missing_branches": []}, "get_health_check": {"executed_lines": [421, 422, 423], "summary": {"covered_lines": 3, "num_statements": 3, "percent_covered": 100.0, "percent_covered_display": "100.00", "missing_lines": 0, "excluded_lines": 0, "num_branches": 2, "num_partial_branches": 0, "covered_branches": 2, "missing_branches": 0}, "missing_lines": [], "excluded_lines": [], "executed_branches": [[421, 422], [421, 423]], "missing_branches": []}, "record_metric": {"executed_lines": [436], "summary": {"covered_lines": 1, "num_statements": 1, "percent_covered": 100.0, "percent_covered_display": "100.00", "missing_lines": 0, "excluded_lines": 0, "num_branches": 0, "num_partial_branches": 0, "covered_branches": 0, "missing_branches": 0}, "missing_lines": [], "excluded_lines": [], "executed_branches": [], "missing_branches": []}, "create_alert": {"executed_lines": [446], "summary": {"covered_lines": 1, "num_statements": 1, "percent_covered": 100.0, "percent_covered_display": "100.00", "missing_lines": 0, "excluded_lines": 0, "num_branches": 0, "num_partial_branches": 0, "covered_branches": 0, "missing_branches": 0}, "missing_lines": [], "excluded_lines": [], "executed_branches": [], "missing_branches": []}, "register_health_check": {"executed_lines": [451], "summary": {"covered_lines": 1, "num_statements": 1, "percent_covered": 100.0, "percent_covered_display": "100.00", "missing_lines": 0, "excluded_lines": 0, "num_branches": 0, "num_partial_branches": 0, "covered_branches": 0, "missing_branches": 0}, "missing_lines": [], "excluded_lines": [], "executed_branches": [], "missing_branches": []}, "": {"executed_lines": [1, 12, 13, 14, 15, 16, 17, 18, 21, 24, 25, 27, 28, 29, 30, 33, 34, 36, 37, 38, 41, 42, 43, 54, 55, 56, 57, 58, 60, 67, 68, 69, 80, 81, 82, 83, 84, 86, 93, 94, 100, 106, 145, 170, 206, 211, 212, 218, 230, 294, 303, 329, 330, 336, 341, 351, 362, 381, 397, 398, 399, 402, 410, 418, 429, 439, 449], "summary": {"covered_lines": 59, "num_statements": 59, "percent_covered": 100.0, "percent_covered_display": "100.00", "missing_lines": 0, "excluded_lines": 0, "num_branches": 0, "num_partial_branches": 0, "covered_branches": 0, "missing_branches": 0}, "missing_lines": [], "excluded_lines": [], "executed_branches": [], "missing_branches": []}}, "classes": {"AlertSeverity": {"executed_lines": [], "summary": {"covered_lines": 0, "num_statements": 0, "percent_covered": 100.0, "percent_covered_display": "100.00", "missing_lines": 0, "excluded_lines": 0, "num_branches": 0, "num_partial_branches": 0, "covered_branches": 0, "missing_branches": 0}, "missing_lines": [], "excluded_lines": [], "executed_branches": [], "missing_branches": []}, "HealthStatus": {"executed_lines": [], "summary": {"covered_lines": 0, "num_statements": 0, "percent_covered": 100.0, "percent_covered_display": "100.00", "missing_lines": 0, "excluded_lines": 0, "num_branches": 0, "num_partial_branches": 0, "covered_branches": 0, "missing_branches": 0}, "missing_lines": [], "excluded_lines": [], "executed_branches": [], "missing_branches": []}, "Metric": {"executed_lines": [62, 63, 64], "summary": {"covered_lines": 3, "num_statements": 3, "percent_covered": 100.0, "percent_covered_display": "100.00", "missing_lines": 0, "excluded_lines": 0, "num_branches": 0, "num_partial_branches": 0, "covered_branches": 0, "missing_branches": 0}, "missing_lines": [], "excluded_lines": [], "executed_branches": [], "missing_branches": []}, "Alert": {"executed_lines": [88, 89, 90], "summary": {"covered_lines": 3, "num_statements": 3, "percent_covered": 100.0, "percent_covered_display": "100.00", "missing_lines": 0, "excluded_lines": 0, "num_branches": 0, "num_partial_branches": 0, "covered_branches": 0, "missing_branches": 0}, "missing_lines": [], "excluded_lines": [], "executed_branches": [], "missing_branches": []}, "MetricsCollector": {"executed_lines": [102, 103, 104, 122, 129, 132, 133, 136, 160, 162, 163, 165, 166, 168, 185, 186, 188, 189, 197, 198, 208], "summary": {"covered_lines": 21, "num_statements": 21, "percent_covered": 96.55172413793103, "percent_covered_display": "96.55", "missing_lines": 0, "excluded_lines": 0, "num_branches": 8, "num_partial_branches": 1, "covered_branches": 7, "missing_branches": 1}, "missing_lines": [], "excluded_lines": [], "executed_branches": [[132, 133], [132, 136], [162, 163], [165, 166], [165, 168], [188, 189], [188, 197]], "missing_branches": [[162, 165]]}, "AlertManager": {"executed_lines": [225, 226, 227, 228, 249, 250, 252, 253, 254, 255, 256, 259, 266, 267, 270, 274, 281, 292, 296, 297, 298, 299, 318, 320, 321, 323, 324, 326], "summary": {"covered_lines": 28, "num_statements": 31, "percent_covered": 87.8048780487805, "percent_covered_display": "87.80", "missing_lines": 3, "excluded_lines": 0, "num_branches": 10, "num_partial_branches": 2, "covered_branches": 8, "missing_branches": 2}, "missing_lines": [271, 300, 301], "excluded_lines": [], "executed_branches": [[252, 253], [252, 259], [254, 255], [270, 274], [320, 321], [320, 323], [323, 324], [323, 326]], "missing_branches": [[254, 259], [270, 271]]}, "HealthCheck": {"executed_lines": [338, 339, 349, 359, 360, 369, 372, 374, 375, 376, 377, 379, 388], "summary": {"covered_lines": 13, "num_statements": 14, "percent_covered": 90.0, "percent_covered_display": "90.00", "missing_lines": 1, "excluded_lines": 0, "num_branches": 6, "num_partial_branches": 1, "covered_branches": 5, "missing_branches": 1}, "missing_lines": [370], "excluded_lines": [], "executed_branches": [[369, 372], [374, 375], [374, 376], [376, 377], [376, 379]], "missing_branches": [[369, 370]]}, "": {"executed_lines": [1, 12, 13, 14, 15, 16, 17, 18, 21, 24, 25, 27, 28, 29, 30, 33, 34, 36, 37, 38, 41, 42, 43, 54, 55, 56, 57, 58, 60, 67, 68, 69, 80, 81, 82, 83, 84, 86, 93, 94, 100, 106, 145, 170, 206, 211, 212, 218, 230, 294, 303, 329, 330, 336, 341, 351, 362, 381, 397, 398, 399, 402, 405, 406, 407, 410, 413, 414, 415, 418, 421, 422, 423, 429, 436, 439, 446, 449, 451], "summary": {"covered_lines": 71, "num_statements": 71, "percent_covered": 100.0, "percent_covered_display": "100.00", "missing_lines": 0, "excluded_lines": 0, "num_branches": 6, "num_partial_branches": 0, "covered_branches": 6, "missing_branches": 0}, "missing_lines": [], "excluded_lines": [], "executed_branches": [[405, 406], [405, 407], [413, 414], [413, 415], [421, 422], [421, 423]], "missing_branches": []}}}, "src/pipeline.py": {"executed_lines": [1, 37, 38, 39, 40, 41, 43, 46, 47, 48, 78, 79, 82, 83, 86, 87, 90, 91, 92, 95, 96, 97, 98, 99, 100, 103, 106, 107, 110, 113, 114, 129, 130, 145, 147, 150, 151, 175, 182, 184, 198, 200, 202, 214, 217, 218, 219, 227, 229, 230, 238, 240, 248, 249, 258, 259, 260, 262], "summary": {"covered_lines": 52, "num_statements": 54, "percent_covered": 93.54838709677419, "percent_covered_display": "93.55", "missing_lines": 2, "excluded_lines": 15, "num_branches": 8, "num_partial_branches": 2, "covered_branches": 6, "missing_branches": 2}, "missing_lines": [203, 211], "excluded_lines": [129, 130, 131, 132, 133, 134, 135, 136, 137, 138, 139, 140, 141, 142, 143], "executed_branches": [[200, 202], [200, 262], [202, 214], [214, 217], [214, 229], [218, 219]], "missing_branches": [[202, 203], [218, 229]], "functions": {"ProcessingStage.execute": {"executed_lines": [], "summary": {"covered_lines": 0, "num_statements": 0, "percent_covered": 100.0, "percent_covered_display": "100.00", "missing_lines": 0, "excluded_lines": 13, "num_branches": 0, "num_partial_branches": 0, "covered_branches": 0, "missing_branches": 0}, "missing_lines": [], "excluded_lines": [131, 132, 133, 134, 135, 136, 137, 138, 139, 140, 141, 142, 143], "executed_branches": [], "missing_branches": []}, "ProcessingStage.__str__": {"executed_lines": [147], "summary": {"covered_lines": 1, "num_statements": 1, "percent_covered": 100.0, "percent_covered_display": "100.00", "missing_lines": 0, "excluded_lines": 0, "num_branches": 0, "num_partial_branches": 0, "covered_branches": 0, "missing_branches": 0}, "missing_lines": [], "excluded_lines": [], "executed_branches": [], "missing_branches": []}, "Pipeline.__init__": {"executed_lines": [182], "summary": {"covered_lines": 1, "num_statements": 1, "percent_covered": 100.0, "percent_covered_display": "100.00", "missing_lines": 0, "excluded_lines": 0, "num_branches": 0, "num_partial_branches": 0, "covered_branches": 0, "missing_branches": 0}, "missing_lines": [], "excluded_lines": [], "executed_branches": [], "missing_branches": []}, "Pipeline.process": {"executed_lines": [198, 200, 202, 214, 217, 218, 219, 227, 229, 230, 238, 240, 248, 249, 258, 259, 260, 262], "summary": {"covered_lines": 18, "num_statements": 20, "percent_covered": 85.71428571428571, "percent_covered_display": "85.71", "missing_lines": 2, "excluded_lines": 0, "num_branches": 8, "num_partial_branches": 2, "covered_branches": 6, "missing_branches": 2}, "missing_lines": [203, 211], "excluded_lines": [], "executed_branches": [[200, 202], [200, 262], [202, 214], [214, 217], [214, 229], [218, 219]], "missing_branches": [[202, 203], [218, 229]]}, "": {"executed_lines": [1, 37, 38, 39, 40, 41, 43, 46, 47, 48, 78, 79, 82, 83, 86, 87, 90, 91, 92, 95, 96, 97, 98, 99, 100, 103, 106, 107, 110, 113, 114, 129, 130, 145, 150, 151, 175, 184], "summary": {"covered_lines": 32, "num_statements": 32, "percent_covered": 100.0, "percent_covered_display": "100.00", "missing_lines": 0, "excluded_lines": 2, "num_branches": 0, "num_partial_branches": 0, "covered_branches": 0, "missing_branches": 0}, "missing_lines": [], "excluded_lines": [129, 130], "executed_branches": [], "missing_branches": []}}, "classes": {"ProcessingContext": {"executed_lines": [], "summary": {"covered_lines": 0, "num_statements": 0, "percent_covered": 100.0, "percent_covered_display": "100.00", "missing_lines": 0, "excluded_lines": 0, "num_branches": 0, "num_partial_branches": 0, "covered_branches": 0, "missing_branches": 0}, "missing_lines": [], "excluded_lines": [], "executed_branches": [], "missing_branches": []}, "ProcessingStage": {"executed_lines": [147], "summary": {"covered_lines": 1, "num_statements": 1, "percent_covered": 100.0, "percent_covered_display": "100.00", "missing_lines": 0, "excluded_lines": 13, "num_branches": 0, "num_partial_branches": 0, "covered_branches": 0, "missing_branches": 0}, "missing_lines": [], "excluded_lines": [131, 132, 133, 134, 135, 136, 137, 138, 139, 140, 141, 142, 143], "executed_branches": [], "missing_branches": []}, "Pipeline": {"executed_lines": [182, 198, 200, 202, 214, 217, 218, 219, 227, 229, 230, 238, 240, 248, 249, 258, 259, 260, 262], "summary": {"covered_lines": 19, "num_statements": 21, "percent_covered": 86.20689655172414, "percent_covered_display": "86.21", "missing_lines": 2, "excluded_lines": 0, "num_branches": 8, "num_partial_branches": 2, "covered_branches": 6, "missing_branches": 2}, "missing_lines": [203, 211], "excluded_lines": [], "executed_branches": [[200, 202], [200, 262], [202, 214], [214, 217], [214, 229], [218, 219]], "missing_branches": [[202, 203], [218, 229]]}, "": {"executed_lines": [1, 37, 38, 39, 40, 41, 43, 46, 47, 48, 78, 79, 82, 83, 86, 87, 90, 91, 92, 95, 96, 97, 98, 99, 100, 103, 106, 107, 110, 113, 114, 129, 130, 145, 150, 151, 175, 184], "summary": {"covered_lines": 32, "num_statements": 32, "percent_covered": 100.0, "percent_covered_display": "100.00", "missing_lines": 0, "excluded_lines": 2, "num_branches": 0, "num_partial_branches": 0, "covered_branches": 0, "missing_branches": 0}, "missing_lines": [], "excluded_lines": [129, 130], "executed_branches": [], "missing_branches": []}}}, "src/processor.py": {"executed_lines": [1, 6, 7, 8, 9, 10, 11, 13, 14, 15, 16, 17, 18, 19, 20, 21, 22, 25, 32, 33, 35, 44, 45, 46, 47, 48, 49, 52, 62, 63, 65, 66, 69, 100, 101, 103, 108, 109, 111, 112, 114, 115, 122, 129, 130, 131, 134, 137, 144, 147, 150, 151, 154, 158, 159, 160, 161, 165, 167, 168, 169, 178, 185, 190, 191, 195, 196, 281, 288, 289, 290, 296, 303, 402], "summary": {"covered_lines": 71, "num_statements": 121, "percent_covered": 53.9568345323741, "percent_covered_display": "53.96", "missing_lines": 50, "excluded_lines": 30, "num_branches": 18, "num_partial_branches": 2, "covered_branches": 4, "missing_branches": 14}, "missing_lines": [192, 237, 238, 240, 246, 247, 251, 252, 256, 257, 258, 259, 260, 264, 265, 271, 273, 323, 326, 327, 330, 331, 333, 334, 337, 339, 340
[...]
 "66.67", "missing_lines": 7, "excluded_lines": 0, "num_branches": 8, "num_partial_branches": 4, "covered_branches": 4, "missing_branches": 4}, "missing_lines": [66, 68, 70, 90, 91, 96, 98], "excluded_lines": [], "executed_branches": [[65, 67], [67, 69], [69, 74], [86, 87]], "missing_branches": [[65, 66], [67, 68], [69, 70], [86, 98]]}, "": {"executed_lines": [1, 8, 9, 11, 13, 14, 16, 19, 20, 41, 50], "summary": {"covered_lines": 9, "num_statements": 9, "percent_covered": 100.0, "percent_covered_display": "100.00", "missing_lines": 0, "excluded_lines": 0, "num_branches": 0, "num_partial_branches": 0, "covered_branches": 0, "missing_branches": 0}, "missing_lines": [], "excluded_lines": [], "executed_branches": [], "missing_branches": []}}}, "src/stages/sha256_stage.py": {"executed_lines": [1, 11, 12, 13, 16, 17, 36, 51, 52, 53, 56, 57, 60, 61, 66, 68], "summary": {"covered_lines": 14, "num_statements": 14, "percent_covered": 100.0, "percent_covered_display": "100.00", "missing_lines": 0, "excluded_lines": 0, "num_branches": 2, "num_partial_branches": 0, "covered_branches": 2, "missing_branches": 0}, "missing_lines": [], "excluded_lines": [], "executed_branches": [[51, 52], [51, 56]], "missing_branches": [], "functions": {"ComputeSHA256Stage.execute": {"executed_lines": [51, 52, 53, 56, 57, 60, 61, 66, 68], "summary": {"covered_lines": 9, "num_statements": 9, "percent_covered": 100.0, "percent_covered_display": "100.00", "missing_lines": 0, "excluded_lines": 0, "num_branches": 2, "num_partial_branches": 0, "covered_branches": 2, "missing_branches": 0}, "missing_lines": [], "excluded_lines": [], "executed_branches": [[51, 52], [51, 56]], "missing_branches": []}, "": {"executed_lines": [1, 11, 12, 13, 16, 17, 36], "summary": {"covered_lines": 5, "num_statements": 5, "percent_covered": 100.0, "percent_covered_display": "100.00", "missing_lines": 0, "excluded_lines": 0, "num_branches": 0, "num_partial_branches": 0, "covered_branches": 0, "missing_branches": 0}, "missing_lines": [], "excluded_lines": [], "executed_branches": [], "missing_branches": []}}, "classes": {"ComputeSHA256Stage": {"executed_lines": [51, 52, 53, 56, 57, 60, 61, 66, 68], "summary": {"covered_lines": 9, "num_statements": 9, "percent_covered": 100.0, "percent_covered_display": "100.00", "missing_lines": 0, "excluded_lines": 0, "num_branches": 2, "num_partial_branches": 0, "covered_branches": 2, "missing_branches": 0}, "missing_lines": [], "excluded_lines": [], "executed_branches": [[51, 52], [51, 56]], "missing_branches": []}, "": {"executed_lines": [1, 11, 12, 13, 16, 17, 36], "summary": {"covered_lines": 5, "num_statements": 5, "percent_covered": 100.0, "percent_covered_display": "100.00", "missing_lines": 0, "excluded_lines": 0, "num_branches": 0, "num_partial_branches": 0, "covered_branches": 0, "missing_branches": 0}, "missing_lines": [], "excluded_lines": [], "executed_branches": [], "missing_branches": []}}}, "src/stages/upload_stage.py": {"executed_lines": [1, 11, 12, 14, 16, 18, 21, 22, 43, 50, 52, 66, 67, 68, 69, 72, 83, 88, 89, 90, 91, 95, 103], "summary": {"covered_lines": 21, "num_statements": 22, "percent_covered": 89.28571428571429, "percent_covered_display": "89.29", "missing_lines": 1, "excluded_lines": 0, "num_branches": 6, "num_partial_branches": 2, "covered_branches": 4, "missing_branches": 2}, "missing_lines": [70], "excluded_lines": [], "executed_branches": [[66, 67], [66, 69], [69, 72], [90, 91]], "missing_branches": [[69, 70], [90, 95]], "functions": {"UploadToFilesAPIStage.__init__": {"executed_lines": [50], "summary": {"covered_lines": 1, "num_statements": 1, "percent_covered": 100.0, "percent_covered_display": "100.00", "missing_lines": 0, "excluded_lines": 0, "num_branches": 0, "num_partial_branches": 0, "covered_branches": 0, "missing_branches": 0}, "missing_lines": [], "excluded_lines": [], "executed_branches": [], "missing_branches": []}, "UploadToFilesAPIStage.execute": {"executed_lines": [66, 67, 68, 69, 72, 83, 88, 89, 90, 91, 95, 103], "summary": {"covered_lines": 12, "num_statements": 13, "percent_covered": 84.21052631578948, "percent_covered_display": "84.21", "missing_lines": 1, "excluded_lines": 0, "num_branches": 6, "num_partial_branches": 2, "covered_branches": 4, "missing_branches": 2}, "missing_lines": [70], "excluded_lines": [], "executed_branches": [[66, 67], [66, 69], [69, 72], [90, 91]], "missing_branches": [[69, 70], [90, 95]]}, "": {"executed_lines": [1, 11, 12, 14, 16, 18, 21, 22, 43, 52], "summary": {"covered_lines": 8, "num_statements": 8, "percent_covered": 100.0, "percent_covered_display": "100.00", "missing_lines": 0, "excluded_lines": 0, "num_branches": 0, "num_partial_branches": 0, "covered_branches": 0, "missing_branches": 0}, "missing_lines": [], "excluded_lines": [], "executed_branches": [], "missing_branches": []}}, "classes": {"UploadToFilesAPIStage": {"executed_lines": [50, 66, 67, 68, 69, 72, 83, 88, 89, 90, 91, 95, 103], "summary": {"covered_lines": 13, "num_statements": 14, "percent_covered": 85.0, "percent_covered_display": "85.00", "missing_lines": 1, "excluded_lines": 0, "num_branches": 6, "num_partial_branches": 2, "covered_branches": 4, "missing_branches": 2}, "missing_lines": [70], "excluded_lines": [], "executed_branches": [[66, 67], [66, 69], [69, 72], [90, 91]], "missing_branches": [[69, 70], [90, 95]]}, "": {"executed_lines": [1, 11, 12, 14, 16, 18, 21, 22, 43, 52], "summary": {"covered_lines": 8, "num_statements": 8, "percent_covered": 100.0, "percent_covered_display": "100.00", "missing_lines": 0, "excluded_lines": 0, "num_branches": 0, "num_partial_branches": 0, "covered_branches": 0, "missing_branches": 0}, "missing_lines": [], "excluded_lines": [], "executed_branches": [], "missing_branches": []}}}, "src/token_counter.py": {"executed_lines": [1, 6, 7, 9, 12, 33, 53, 88, 141, 174, 197], "summary": {"covered_lines": 9, "num_statements": 44, "percent_covered": 16.666666666666668, "percent_covered_display": "16.67", "missing_lines": 35, "excluded_lines": 37, "num_branches": 10, "num_partial_branches": 0, "covered_branches": 0, "missing_branches": 10}, "missing_lines": [26, 27, 30, 48, 49, 50, 71, 73, 74, 75, 78, 80, 113, 116, 119, 120, 123, 125, 127, 151, 153, 163, 164, 167, 168, 169, 171, 184, 186, 187, 188, 189, 190, 191, 193], "excluded_lines": [197, 198, 200, 203, 204, 205, 206, 207, 210, 211, 213, 217, 218, 219, 220, 223, 224, 231, 234, 236, 238, 245, 248, 249, 250, 251, 252, 253, 254, 255, 258, 259, 260, 262, 263, 264, 266], "executed_branches": [], "missing_branches": [[26, 27], [26, 30], [163, 164], [163, 171], [186, 187], [186, 188], [188, 189], [188, 190], [190, 191], [190, 193]], "functions": {"get_encoding_for_model": {"executed_lines": [], "summary": {"covered_lines": 0, "num_statements": 3, "percent_covered": 0.0, "percent_covered_display": "0.00", "missing_lines": 3, "excluded_lines": 0, "num_branches": 2, "num_partial_branches": 0, "covered_branches": 0, "missing_branches": 2}, "missing_lines": [26, 27, 30], "excluded_lines": [], "executed_branches": [], "missing_branches": [[26, 27], [26, 30]]}, "estimate_tokens": {"executed_lines": [], "summary": {"covered_lines": 0, "num_statements": 3, "percent_covered": 0.0, "percent_covered_display": "0.00", "missing_lines": 3, "excluded_lines": 0, "num_branches": 0, "num_partial_branches": 0, "covered_branches": 0, "missing_branches": 0}, "missing_lines": [48, 49, 50], "excluded_lines": [], "executed_branches": [], "missing_branches": []}, "estimate_prompt_tokens": {"executed_lines": [], "summary": {"covered_lines": 0, "num_statements": 6, "percent_covered": 0.0, "percent_covered_display": "0.00", "missing_lines": 6, "excluded_lines": 0, "num_branches": 0, "num_partial_branches": 0, "covered_branches": 0, "missing_branches": 0}, "missing_lines": [71, 73, 74, 75, 78, 80], "excluded_lines": [], "executed_branches": [], "missing_branches": []}, "calculate_cost": {"executed_lines": [], "summary": {"covered_lines": 0, "num_statements": 7, "percent_covered": 0.0, "percent_covered_display": "0.00", "missing_lines": 7, "excluded_lines": 0, "num_branches": 0, "num_partial_branches": 0, "covered_branches": 0, "missing_branches": 0}, "missing_lines": [113, 116, 119, 120, 123, 125, 127], "excluded_lines": [], "executed_branches": [], "missing_branches": []}, "format_cost_report": {"executed_lines": [], "summary": {"covered_lines": 0, "num_statements": 8, "percent_covered": 0.0, "percent_covered_display": "0.00", "missing_lines": 8, "excluded_lines": 0, "num_branches": 2, "num_partial_branches": 0, "covered_branches": 0, "missing_branches": 2}, "missing_lines": [151, 153, 163, 164, 167, 168, 169, 171], "excluded_lines": [], "executed_branches": [], "missing_branches": [[163, 164], [163, 171]]}, "check_cost_alerts": {"executed_lines": [], "summary": {"covered_lines": 0, "num_statements": 8, "percent_covered": 0.0, "percent_covered_display": "0.00", "missing_lines": 8, "excluded_lines": 0, "num_branches": 6, "num_partial_branches": 0, "covered_branches": 0, "missing_branches": 6}, "missing_lines": [184, 186, 187, 188, 189, 190, 191, 193], "excluded_lines": [], "executed_branches": [], "missing_branches": [[186, 187], [186, 188], [188, 189], [188, 190], [190, 191], [190, 193]]}, "": {"executed_lines": [1, 6, 7, 9, 12, 33, 53, 88, 141, 174, 197], "summary": {"covered_lines": 9, "num_statements": 9, "percent_covered": 100.0, "percent_covered_display": "100.00", "missing_lines": 0, "excluded_lines": 37, "num_branches": 0, "num_partial_branches": 0, "covered_branches": 0, "missing_branches": 0}, "missing_lines": [], "excluded_lines": [197, 198, 200, 203, 204, 205, 206, 207, 210, 211, 213, 217, 218, 219, 220, 223, 224, 231, 234, 236, 238, 245, 248, 249, 250, 251, 252, 253, 254, 255, 258, 259, 260, 262, 263, 264, 266], "executed_branches": [], "missing_branches": []}}, "classes": {"": {"executed_lines": [1, 6, 7, 9, 12, 33, 53, 88, 141, 174, 197], "summary": {"covered_lines": 9, "num_statements": 44, "percent_covered": 16.666666666666668, "percent_covered_display": "16.67", "missing_lines": 35, "excluded_lines": 37, "num_branches": 10, "num_partial_branches": 0, "covered_branches": 0, "missing_branches": 10}, "missing_lines": [26, 27, 30, 48, 49, 50, 71, 73, 74, 75, 78, 80, 113, 116, 119, 120, 123, 125, 127, 151, 153, 163, 164, 167, 168, 169, 171, 184, 186, 187, 188, 189, 190, 191, 193], "excluded_lines": [197, 198, 200, 203, 204, 205, 206, 207, 210, 211, 213, 217, 218, 219, 220, 223, 224, 231, 234, 236, 238, 245, 248, 249, 250, 251, 252, 253, 254, 255, 258, 259, 260, 262, 263, 264, 266], "executed_branches": [], "missing_branches": [[26, 27], [26, 30], [163, 164], [163, 171], [186, 187], [186, 188], [188, 189], [188, 190], [190, 191], [190, 193]]}}}, "src/transactions.py": {"executed_lines": [1, 8, 9, 10, 11, 13, 16, 17, 43, 44, 45, 46, 47, 48, 49, 52, 53, 54, 55, 56, 57, 59, 61], "summary": {"covered_lines": 22, "num_statements": 22, "percent_covered": 100.0, "percent_covered_display": "100.00", "missing_lines": 0, "excluded_lines": 0, "num_branches": 2, "num_partial_branches": 0, "covered_branches": 2, "missing_branches": 0}, "missing_lines": [], "excluded_lines": [], "executed_branches": [[52, 53], [52, 61]], "missing_branches": [], "functions": {"compensating_transaction": {"executed_lines": [43, 44, 45, 46, 47, 48, 49, 52, 53, 54, 55, 56, 57, 59, 61], "summary": {"covered_lines": 15, "num_statements": 15, "percent_covered": 100.0, "percent_covered_display": "100.00", "missing_lines": 0, "excluded_lines": 0, "num_branches": 2, "num_partial_branches": 0, "covered_branches": 2, "missing_branches": 0}, "missing_lines": [], "excluded_lines": [], "executed_branches": [[52, 53], [52, 61]], "missing_branches": []}, "": {"executed_lines": [1, 8, 9, 10, 11, 13, 16, 17], "summary": {"covered_lines": 7, "num_statements": 7, "percent_covered": 100.0, "percent_covered_display": "100.00", "missing_lines": 0, "excluded_lines": 0, "num_branches": 0, "num_partial_branches": 0, "covered_branches": 0, "missing_branches": 0}, "missing_lines": [], "excluded_lines": [], "executed_branches": [], "missing_branches": []}}, "classes": {"": {"executed_lines": [1, 8, 9, 10, 11, 13, 16, 17, 43, 44, 45, 46, 47, 48, 49, 52, 53, 54, 55, 56, 57, 59, 61], "summary": {"covered_lines": 22, "num_statements": 22, "percent_covered": 100.0, "percent_covered_display": "100.00", "missing_lines": 0, "excluded_lines": 0, "num_branches": 2, "num_partial_branches": 0, "covered_branches": 2, "missing_branches": 0}, "missing_lines": [], "excluded_lines": [], "executed_branches": [[52, 53], [52, 61]], "missing_branches": []}}}, "src/vector_store.py": {"executed_lines": [1, 13, 14, 15, 16, 18, 19, 22, 23, 26, 27, 37, 49, 93, 111, 167, 200, 231, 252], "summary": {"covered_lines": 16, "num_statements": 84, "percent_covered": 15.686274509803921, "percent_covered_display": "15.69", "missing_lines": 68, "excluded_lines": 62, "num_branches": 18, "num_partial_branches": 0, "covered_branches": 0, "missing_branches": 18}, "missing_lines": [44, 45, 46, 47, 63, 65, 66, 67, 69, 71, 72, 73, 74, 75, 76, 80, 81, 85, 88, 90, 91, 100, 101, 104, 105, 108, 109, 131, 132, 135, 136, 139, 140, 142, 143, 146, 152, 153, 155, 156, 157, 158, 159, 160, 162, 163, 165, 187, 188, 194, 195, 196, 198, 210, 211, 212, 214, 216, 218, 224, 226, 227, 229, 240, 243, 244, 245, 248], "excluded_lines": [252, 253, 254, 255, 257, 258, 259, 262, 263, 264, 265, 266, 267, 268, 269, 272, 273, 274, 287, 288, 290, 291, 293, 294, 295, 296, 297, 298, 301, 302, 303, 304, 307, 308, 311, 312, 314, 315, 316, 317, 320, 321, 322, 323, 326, 327, 329, 337, 338, 339, 340, 341, 342, 344, 345, 347, 348, 349, 350, 351, 352, 353], "executed_branches": [], "missing_branches": [[65, 66], [65, 80], [104, 105], [104, 108], [131, 132], [131, 135], [135, 136], [135, 139], [139, 140], [139, 165], [156, 157], [156, 162], [187, 188], [187, 194], [210, 211], [210, 214], [244, 245], [244, 248]], "functions": {"VectorStoreManager.__init__": {"executed_lines": [], "summary": {"covered_lines": 0, "num_statements": 4, "percent_covered": 0.0, "percent_covered_display": "0.00", "missing_lines": 4, "excluded_lines": 0, "num_branches": 0, "num_partial_branches": 0, "covered_branches": 0, "missing_branches": 0}, "missing_lines": [44, 45, 46, 47], "excluded_lines": [], "executed_branches": [], "missing_branches": []}, "VectorStoreManager.get_or_create_vector_store": {"executed_lines": [], "summary": {"covered_lines": 0, "num_statements": 17, "percent_covered": 0.0, "percent_covered_display": "0.00", "missing_lines": 17, "excluded_lines": 0, "num_branches": 2, "num_partial_branches": 0, "covered_branches": 0, "missing_branches": 2}, "missing_lines": [63, 65, 66, 67, 69, 71, 72, 73, 74, 75, 76, 80, 81, 85, 88, 90, 91], "excluded_lines": [], "executed_branches": [], "missing_branches": [[65, 66], [65, 80]]}, "VectorStoreManager._save_cache": {"executed_lines": [], "summary": {"covered_lines": 0, "num_statements": 6, "percent_covered": 0.0, "percent_covered_display": "0.00", "missing_lines": 6, "excluded_lines": 0, "num_branches": 2, "num_partial_branches": 0, "covered_branches": 0, "missing_branches": 2}, "missing_lines": [100, 101, 104, 105, 108, 109], "excluded_lines": [], "executed_branches": [], "missing_branches": [[104, 105], [104, 108]]}, "VectorStoreManager.add_file_to_vector_store": {"executed_lines": [], "summary": {"covered_lines": 0, "num_statements": 20, "percent_covered": 0.0, "percent_covered_display": "0.00", "missing_lines": 20, "excluded_lines": 0, "num_branches": 8, "num_partial_branches": 0, "covered_branches": 0, "missing_branches": 8}, "missing_lines": [131, 132, 135, 136, 139, 140, 142, 143, 146, 152, 153, 155, 156, 157, 158, 159, 160, 162, 163, 165], "excluded_lines": [], "executed_branches": [], "missing_branches": [[131, 132], [131, 135], [135, 136], [135, 139], [139, 140], [139, 165], [156, 157], [156, 162]]}, "VectorStoreManager.search_similar_documents": {"executed_lines": [], "summary": {"covered_lines": 0, "num_statements": 6, "percent_covered": 0.0, "percent_covered_display": "0.00", "missing_lines": 6, "excluded_lines": 0, "num_branches": 2, "num_partial_branches": 0, "covered_branches": 0, "missing_branches": 2}, "missing_lines": [187, 188, 194, 195, 196, 198], "excluded_lines": [], "executed_branches": [], "missing_branches": [[187, 188], [187, 194]]}, "VectorStoreManager.cleanup_orphaned_files": {"executed_lines": [], "summary": {"covered_lines": 0, "num_statements": 10, "percent_covered": 0.0, "percent_covered_display": "0.00", "missing_lines": 10, "excluded_lines": 0, "num_branches": 2, "num_partial_branches": 0, "covered_branches": 0, "missing_branches": 2}, "missing_lines": [210, 211, 212, 214, 216, 218, 224, 226, 227, 229], "excluded_lines": [], "executed_branches": [], "missing_branches": [[210, 211], [210, 214]]}, "VectorStoreManager.rebuild_vector_store": {"executed_lines": [], "summary": {"covered_lines": 0, "num_statements": 5, "percent_covered": 0.0, "percent_covered_display": "0.00", "missing_lines": 5, "excluded_lines": 0, "num_branches": 2, "num_partial_branches": 0, "covered_branches": 0, "missing_branches": 2}, "missing_lines": [240, 243, 244, 245, 248], "excluded_lines": [], "executed_branches": [], "missing_branches": [[244, 245], [244, 248]]}, "": {"executed_lines": [1, 13, 14, 15, 16, 18, 19, 22, 23, 26, 27, 37, 49, 93, 111, 167, 200, 231, 252], "summary": {"covered_lines": 16, "num_statements": 16, "percent_covered": 100.0, "percent_covered_display": "100.00", "missing_lines": 0, "excluded_lines": 62, "num_branches": 0, "num_partial_branches": 0, "covered_branches": 0, "missing_branches": 0}, "missing_lines": [], "excluded_lines": [252, 253, 254, 255, 257, 258, 259, 262, 263, 264, 265, 266, 267, 268, 269, 272, 273, 274, 287, 288, 290, 291, 293, 294, 295, 296, 297, 298, 301, 302, 303, 304, 307, 308, 311, 312, 314, 315, 316, 317, 320, 321, 322, 323, 326, 327, 329, 337, 338, 339, 340, 341, 342, 344, 345, 347, 348, 349, 350, 351, 352, 353], "executed_branches": [], "missing_branches": []}}, "classes": {"VectorStoreManager": {"executed_lines": [], "summary": {"covered_lines": 0, "num_statements": 68, "percent_covered": 0.0, "percent_covered_display": "0.00", "missing_lines": 68, "excluded_lines": 0, "num_branches": 18, "num_partial_branches": 0, "covered_branches": 0, "missing_branches": 18}, "missing_lines": [44, 45, 46, 47, 63, 65, 66, 67, 69, 71, 72, 73, 74, 75, 76, 80, 81, 85, 88, 90, 91, 100, 101, 104, 105, 108, 109, 131, 132, 135, 136, 139, 140, 142, 143, 146, 152, 153, 155, 156, 157, 158, 159, 160, 162, 163, 165, 187, 188, 194, 195, 196, 198, 210, 211, 212, 214, 216, 218, 224, 226, 227, 229, 240, 243, 244, 245, 248], "excluded_lines": [], "executed_branches": [], "missing_branches": [[65, 66], [65, 80], [104, 105], [104, 108], [131, 132], [131, 135], [135, 136], [135, 139], [139, 140], [139, 165], [156, 157], [156, 162], [187, 188], [187, 194], [210, 211], [210, 214], [244, 245], [244, 248]]}, "": {"executed_lines": [1, 13, 14, 15, 16, 18, 19, 22, 23, 26, 27, 37, 49, 93, 111, 167, 200, 231, 252], "summary": {"covered_lines": 16, "num_statements": 16, "percent_covered": 100.0, "percent_covered_display": "100.00", "missing_lines": 0, "excluded_lines": 62, "num_branches": 0, "num_partial_branches": 0, "covered_branches": 0, "missing_branches": 0}, "missing_lines": [], "excluded_lines": [252, 253, 254, 255, 257, 258, 259, 262, 263, 264, 265, 266, 267, 268, 269, 272, 273, 274, 287, 288, 290, 291, 293, 294, 295, 296, 297, 298, 301, 302, 303, 304, 307, 308, 311, 312, 314, 315, 316, 317, 320, 321, 322, 323, 326, 327, 329, 337, 338, 339, 340, 341, 342, 344, 345, 347, 348, 349, 350, 351, 352, 353], "executed_branches": [], "missing_branches": []}}}}, "totals": {"covered_lines": 883, "num_statements": 1369, "percent_covered": 60.66945606694561, "percent_covered_display": "60.67", "missing_lines": 486, "excluded_lines": 459, "num_branches": 304, "num_partial_branches": 36, "covered_branches": 132, "missing_branches": 172}}
